SF:lib/domain/entity/favorite_song_model.dart
DA:10,9
LF:1
LH:1
end_of_record
SF:lib/domain/repositories/favourites_repository.dart/favourite_song_repository.dart
DA:7,1
DA:9,1
DA:10,2
DA:11,1
DA:12,1
DA:13,1
DA:14,2
DA:15,1
DA:16,1
DA:17,1
DA:18,1
DA:20,1
DA:23,1
DA:24,2
DA:26,1
DA:27,2
DA:28,1
DA:29,1
DA:30,2
DA:31,1
DA:32,1
DA:33,1
DA:34,1
DA:36,1
DA:40,1
DA:41,1
DA:42,4
DA:46,1
DA:47,4
DA:48,1
LF:30
LH:30
end_of_record
SF:lib/app_logic/blocs/album_detail_bloc/album_detail_bloc.dart
DA:7,1
DA:8,1
DA:9,2
DA:12,1
DA:15,3
DA:16,1
DA:17,1
DA:19,2
DA:20,1
DA:23,1
LF:10
LH:10
end_of_record
SF:lib/app_logic/blocs/album_detail_bloc/album_detail_event.dart
DA:6,2
LF:1
LH:1
end_of_record
SF:lib/databases/app_database/database.g.dart
DA:11,0
DA:47,0
DA:49,0
DA:50,0
DA:51,0
DA:52,0
DA:54,0
DA:57,0
DA:58,0
DA:59,0
DA:60,0
DA:62,0
DA:63,0
DA:65,0
DA:66,0
DA:68,0
DA:70,0
DA:71,0
DA:72,0
DA:74,0
DA:76,0
DA:77,0
DA:79,0
DA:80,0
DA:82,0
DA:84,0
DA:85,0
DA:86,0
DA:88,0
DA:90,0
DA:91,0
DA:92,0
DA:94,0
DA:99,0
DA:100,0
DA:101,0
DA:103,0
DA:104,0
DA:105,0
DA:106,0
DA:107,0
DA:108,0
DA:109,0
DA:110,0
DA:111,0
DA:112,0
DA:113,0
DA:114,0
DA:115,0
DA:116,0
DA:120,0
DA:122,0
DA:134,4
DA:141,0
DA:143,0
DA:144,0
DA:145,0
DA:146,0
DA:147,0
DA:148,0
DA:149,0
DA:153,0
DA:154,0
DA:155,0
DA:156,0
DA:157,0
DA:158,0
DA:159,0
DA:160,0
DA:164,0
DA:166,0
DA:167,0
DA:168,0
DA:169,0
DA:170,0
DA:171,0
DA:172,0
DA:173,0
DA:176,0
DA:178,0
DA:179,0
DA:180,0
DA:181,0
DA:182,0
DA:183,0
DA:184,0
DA:185,0
DA:189,0
DA:196,0
DA:197,0
DA:198,0
DA:199,0
DA:200,0
DA:201,0
DA:202,0
DA:204,1
DA:206,1
DA:207,3
DA:208,3
DA:209,3
DA:210,3
DA:211,3
DA:212,3
DA:213,1
DA:214,1
DA:217,0
DA:219,0
DA:220,2
DA:223,1
DA:224,3
DA:225,3
DA:226,3
DA:227,3
DA:228,3
DA:229,3
DA:239,0
DA:247,0
DA:254,0
DA:255,0
DA:256,0
DA:257,0
DA:258,0
DA:259,0
DA:267,0
DA:268,0
DA:269,0
DA:270,0
DA:271,0
DA:272,0
DA:273,0
DA:277,0
DA:284,0
DA:285,0
DA:286,0
DA:287,0
DA:288,0
DA:289,0
DA:290,0
DA:294,0
DA:296,0
DA:297,0
DA:298,0
DA:300,0
DA:301,0
DA:303,0
DA:304,0
DA:306,0
DA:307,0
DA:309,0
DA:310,0
DA:312,0
DA:313,0
DA:318,0
DA:320,0
DA:321,0
DA:322,0
DA:323,0
DA:324,0
DA:325,0
DA:326,0
DA:327,0
DA:328,0
DA:337,0
DA:355,0
DA:356,0
DA:357,0
DA:358,0
DA:359,0
DA:361,0
DA:364,0
DA:365,0
DA:366,0
DA:367,0
DA:369,0
DA:370,0
DA:371,0
DA:373,0
DA:375,0
DA:376,0
DA:377,0
DA:379,0
DA:384,0
DA:385,0
DA:386,0
DA:388,0
DA:389,0
DA:390,0
DA:391,0
DA:392,0
DA:393,0
DA:394,0
DA:395,0
DA:399,0
DA:401,0
DA:409,4
DA:411,0
DA:413,0
DA:414,0
DA:415,0
DA:416,0
DA:420,0
DA:421,0
DA:422,0
DA:423,0
DA:424,0
DA:428,0
DA:430,0
DA:431,0
DA:432,0
DA:433,0
DA:434,0
DA:437,0
DA:439,0
DA:440,0
DA:441,0
DA:442,0
DA:443,0
DA:447,0
DA:448,0
DA:449,0
DA:450,0
DA:451,0
DA:453,1
DA:455,1
DA:456,3
DA:457,3
DA:458,3
DA:459,1
DA:460,1
DA:463,0
DA:464,0
DA:465,2
DA:468,1
DA:469,3
DA:470,3
DA:471,3
DA:478,0
DA:483,0
DA:487,0
DA:488,0
DA:489,0
DA:494,0
DA:495,0
DA:496,0
DA:497,0
DA:501,0
DA:503,0
DA:504,0
DA:505,0
DA:506,0
DA:510,0
DA:512,0
DA:513,0
DA:514,0
DA:516,0
DA:517,0
DA:519,0
DA:520,0
DA:525,0
DA:527,0
DA:528,0
DA:529,0
DA:530,0
DA:531,0
DA:532,0
DA:541,0
DA:575,0
DA:577,0
DA:578,0
DA:579,0
DA:580,0
DA:582,0
DA:585,0
DA:586,0
DA:587,0
DA:588,0
DA:590,0
DA:591,0
DA:592,0
DA:594,0
DA:596,0
DA:597,0
DA:598,0
DA:600,0
DA:602,0
DA:603,0
DA:604,0
DA:606,0
DA:608,0
DA:609,0
DA:610,0
DA:612,0
DA:614,0
DA:615,0
DA:617,0
DA:618,0
DA:620,0
DA:625,0
DA:626,0
DA:627,0
DA:629,0
DA:630,0
DA:631,0
DA:632,0
DA:633,0
DA:634,0
DA:635,0
DA:636,0
DA:637,0
DA:638,0
DA:639,0
DA:640,0
DA:641,0
DA:642,0
DA:646,0
DA:648,0
DA:659,5
DA:666,0
DA:668,0
DA:669,0
DA:670,0
DA:671,0
DA:672,0
DA:673,0
DA:674,0
DA:678,0
DA:679,0
DA:680,0
DA:681,0
DA:682,0
DA:683,0
DA:684,0
DA:685,0
DA:689,0
DA:691,0
DA:692,0
DA:693,0
DA:694,0
DA:695,0
DA:696,0
DA:697,0
DA:698,0
DA:701,0
DA:703,0
DA:704,0
DA:705,0
DA:706,0
DA:707,0
DA:708,0
DA:709,0
DA:710,0
DA:714,0
DA:721,0
DA:722,0
DA:723,0
DA:724,0
DA:725,0
DA:726,0
DA:727,0
DA:729,1
DA:731,1
DA:732,3
DA:733,3
DA:734,3
DA:735,3
DA:736,3
DA:737,3
DA:738,1
DA:739,1
DA:742,0
DA:743,0
DA:744,0
DA:747,0
DA:748,0
DA:749,0
DA:750,0
DA:751,0
DA:752,0
DA:753,0
DA:763,0
DA:771,0
DA:778,0
DA:779,0
DA:780,0
DA:781,0
DA:782,0
DA:783,0
DA:791,0
DA:792,0
DA:793,0
DA:794,0
DA:795,0
DA:796,0
DA:797,0
DA:801,0
DA:808,0
DA:809,0
DA:810,0
DA:811,0
DA:812,0
DA:813,0
DA:814,0
DA:818,0
DA:820,0
DA:821,0
DA:822,0
DA:824,0
DA:825,0
DA:827,0
DA:828,0
DA:830,0
DA:831,0
DA:833,0
DA:834,0
DA:836,0
DA:837,0
DA:842,0
DA:844,0
DA:845,0
DA:846,0
DA:847,0
DA:848,0
DA:849,0
DA:850,0
DA:851,0
DA:852,0
DA:861,0
DA:897,0
DA:899,0
DA:900,0
DA:901,0
DA:902,0
DA:904,0
DA:907,0
DA:908,0
DA:909,0
DA:910,0
DA:912,0
DA:913,0
DA:914,0
DA:916,0
DA:918,0
DA:919,0
DA:921,0
DA:922,0
DA:924,0
DA:926,0
DA:927,0
DA:928,0
DA:930,0
DA:932,0
DA:933,0
DA:934,0
DA:936,0
DA:938,0
DA:939,0
DA:940,0
DA:942,0
DA:947,0
DA:948,0
DA:949,0
DA:951,0
DA:952,0
DA:953,0
DA:954,0
DA:955,0
DA:956,0
DA:957,0
DA:958,0
DA:959,0
DA:960,0
DA:961,0
DA:962,0
DA:963,0
DA:964,0
DA:968,0
DA:970,0
DA:981,4
DA:988,0
DA:990,0
DA:991,0
DA:992,0
DA:993,0
DA:994,0
DA:995,0
DA:996,0
DA:1000,0
DA:1001,0
DA:1002,0
DA:1003,0
DA:1004,0
DA:1005,0
DA:1006,0
DA:1007,0
DA:1011,0
DA:1013,0
DA:1014,0
DA:1015,0
DA:1016,0
DA:1017,0
DA:1018,0
DA:1019,0
DA:1020,0
DA:1023,0
DA:1025,0
DA:1026,0
DA:1027,0
DA:1028,0
DA:1029,0
DA:1030,0
DA:1031,0
DA:1032,0
DA:1036,0
DA:1043,0
DA:1044,0
DA:1045,0
DA:1046,0
DA:1047,0
DA:1048,0
DA:1049,0
DA:1051,1
DA:1053,1
DA:1054,3
DA:1055,3
DA:1056,3
DA:1057,3
DA:1058,3
DA:1059,3
DA:1060,1
DA:1061,1
DA:1064,0
DA:1066,0
DA:1067,1
DA:1070,1
DA:1071,3
DA:1072,3
DA:1073,3
DA:1074,3
DA:1075,3
DA:1076,3
DA:1086,0
DA:1094,0
DA:1101,0
DA:1102,0
DA:1103,0
DA:1104,0
DA:1105,0
DA:1106,0
DA:1114,0
DA:1115,0
DA:1116,0
DA:1117,0
DA:1118,0
DA:1119,0
DA:1120,0
DA:1124,0
DA:1131,0
DA:1132,0
DA:1133,0
DA:1134,0
DA:1135,0
DA:1136,0
DA:1137,0
DA:1141,0
DA:1143,0
DA:1144,0
DA:1145,0
DA:1147,0
DA:1148,0
DA:1150,0
DA:1151,0
DA:1153,0
DA:1154,0
DA:1156,0
DA:1157,0
DA:1159,0
DA:1160,0
DA:1165,0
DA:1167,0
DA:1168,0
DA:1169,0
DA:1170,0
DA:1171,0
DA:1172,0
DA:1173,0
DA:1174,0
DA:1175,0
DA:1184,0
DA:1228,0
DA:1230,0
DA:1231,0
DA:1232,0
DA:1233,0
DA:1235,0
DA:1238,0
DA:1239,0
DA:1240,0
DA:1241,0
DA:1243,0
DA:1244,0
DA:1245,0
DA:1247,0
DA:1249,0
DA:1250,0
DA:1251,0
DA:1253,0
DA:1255,0
DA:1256,0
DA:1257,0
DA:1259,0
DA:1261,0
DA:1262,0
DA:1263,0
DA:1265,0
DA:1267,0
DA:1268,0
DA:1269,0
DA:1271,0
DA:1273,0
DA:1274,0
DA:1276,0
DA:1277,0
DA:1279,0
DA:1284,0
DA:1285,0
DA:1286,0
DA:1288,0
DA:1289,0
DA:1290,0
DA:1291,0
DA:1292,0
DA:1293,0
DA:1294,0
DA:1295,0
DA:1296,0
DA:1297,0
DA:1298,0
DA:1299,0
DA:1300,0
DA:1301,0
DA:1302,0
DA:1303,0
DA:1307,0
DA:1309,0
DA:1321,2
DA:1329,0
DA:1331,0
DA:1332,0
DA:1333,0
DA:1334,0
DA:1335,0
DA:1336,0
DA:1337,0
DA:1338,0
DA:1342,0
DA:1343,0
DA:1344,0
DA:1345,0
DA:1346,0
DA:1347,0
DA:1348,0
DA:1349,0
DA:1350,0
DA:1354,0
DA:1356,0
DA:1357,0
DA:1358,0
DA:1359,0
DA:1360,0
DA:1361,0
DA:1362,0
DA:1363,0
DA:1364,0
DA:1367,0
DA:1369,0
DA:1370,0
DA:1371,0
DA:1372,0
DA:1373,0
DA:1374,0
DA:1375,0
DA:1376,0
DA:1377,0
DA:1381,0
DA:1389,0
DA:1390,0
DA:1391,0
DA:1392,0
DA:1393,0
DA:1394,0
DA:1395,0
DA:1396,0
DA:1398,0
DA:1400,0
DA:1401,0
DA:1402,0
DA:1403,0
DA:1404,0
DA:1405,0
DA:1406,0
DA:1407,0
DA:1408,0
DA:1409,0
DA:1412,0
DA:1414,0
DA:1415,1
DA:1418,0
DA:1419,0
DA:1420,0
DA:1421,0
DA:1422,0
DA:1423,0
DA:1424,0
DA:1425,0
DA:1436,0
DA:1445,0
DA:1453,0
DA:1454,0
DA:1455,0
DA:1456,0
DA:1457,0
DA:1458,0
DA:1459,0
DA:1468,0
DA:1469,0
DA:1470,0
DA:1471,0
DA:1472,0
DA:1473,0
DA:1474,0
DA:1475,0
DA:1479,0
DA:1487,0
DA:1488,0
DA:1489,0
DA:1490,0
DA:1491,0
DA:1492,0
DA:1493,0
DA:1494,0
DA:1498,0
DA:1500,0
DA:1501,0
DA:1502,0
DA:1504,0
DA:1505,0
DA:1507,0
DA:1508,0
DA:1510,0
DA:1511,0
DA:1513,0
DA:1514,0
DA:1516,0
DA:1517,0
DA:1519,0
DA:1520,0
DA:1525,0
DA:1527,0
DA:1528,0
DA:1529,0
DA:1530,0
DA:1531,0
DA:1532,0
DA:1533,0
DA:1534,0
DA:1535,0
DA:1536,0
DA:1545,0
DA:1589,0
DA:1591,0
DA:1592,0
DA:1593,0
DA:1594,0
DA:1596,0
DA:1599,0
DA:1600,0
DA:1601,0
DA:1602,0
DA:1604,0
DA:1605,0
DA:1606,0
DA:1608,0
DA:1610,0
DA:1611,0
DA:1612,0
DA:1614,0
DA:1616,0
DA:1617,0
DA:1618,0
DA:1620,0
DA:1622,0
DA:1623,0
DA:1624,0
DA:1626,0
DA:1628,0
DA:1629,0
DA:1630,0
DA:1632,0
DA:1634,0
DA:1635,0
DA:1637,0
DA:1638,0
DA:1640,0
DA:1645,0
DA:1646,0
DA:1647,0
DA:1649,0
DA:1650,0
DA:1651,0
DA:1652,0
DA:1653,0
DA:1654,0
DA:1655,0
DA:1656,0
DA:1657,0
DA:1658,0
DA:1659,0
DA:1660,0
DA:1661,0
DA:1662,0
DA:1663,0
DA:1664,0
DA:1668,0
DA:1670,0
DA:1682,2
DA:1690,0
DA:1692,0
DA:1693,0
DA:1694,0
DA:1695,0
DA:1696,0
DA:1697,0
DA:1698,0
DA:1699,0
DA:1703,0
DA:1704,0
DA:1705,0
DA:1706,0
DA:1707,0
DA:1708,0
DA:1709,0
DA:1710,0
DA:1711,0
DA:1715,0
DA:1717,0
DA:1718,0
DA:1719,0
DA:1720,0
DA:1721,0
DA:1722,0
DA:1723,0
DA:1724,0
DA:1725,0
DA:1728,0
DA:1730,0
DA:1731,0
DA:1732,0
DA:1733,0
DA:1734,0
DA:1735,0
DA:1736,0
DA:1737,0
DA:1738,0
DA:1742,0
DA:1750,0
DA:1751,0
DA:1752,0
DA:1753,0
DA:1754,0
DA:1755,0
DA:1756,0
DA:1757,0
DA:1759,0
DA:1761,0
DA:1762,0
DA:1763,0
DA:1764,0
DA:1765,0
DA:1766,0
DA:1767,0
DA:1768,0
DA:1769,0
DA:1770,0
DA:1773,0
DA:1775,0
DA:1776,1
DA:1779,0
DA:1780,0
DA:1781,0
DA:1782,0
DA:1783,0
DA:1784,0
DA:1785,0
DA:1786,0
DA:1797,0
DA:1806,0
DA:1814,0
DA:1815,0
DA:1816,0
DA:1817,0
DA:1818,0
DA:1819,0
DA:1820,0
DA:1829,0
DA:1830,0
DA:1831,0
DA:1832,0
DA:1833,0
DA:1834,0
DA:1835,0
DA:1836,0
DA:1840,0
DA:1848,0
DA:1849,0
DA:1850,0
DA:1851,0
DA:1852,0
DA:1853,0
DA:1854,0
DA:1855,0
DA:1859,0
DA:1861,0
DA:1862,0
DA:1863,0
DA:1865,0
DA:1866,0
DA:1868,0
DA:1869,0
DA:1871,0
DA:1872,0
DA:1874,0
DA:1875,0
DA:1877,0
DA:1878,0
DA:1880,0
DA:1881,0
DA:1886,0
DA:1888,0
DA:1889,0
DA:1890,0
DA:1891,0
DA:1892,0
DA:1893,0
DA:1894,0
DA:1895,0
DA:1896,0
DA:1897,0
DA:1906,0
DA:1950,0
DA:1952,0
DA:1953,0
DA:1954,0
DA:1955,0
DA:1957,0
DA:1961,0
DA:1962,0
DA:1963,0
DA:1964,0
DA:1966,0
DA:1967,0
DA:1968,0
DA:1970,0
DA:1972,0
DA:1973,0
DA:1974,0
DA:1976,0
DA:1978,0
DA:1979,0
DA:1980,0
DA:1982,0
DA:1984,0
DA:1985,0
DA:1986,0
DA:1988,0
DA:1990,0
DA:1991,0
DA:1992,0
DA:1994,0
DA:1996,0
DA:1997,0
DA:1999,0
DA:2000,0
DA:2002,0
DA:2007,0
DA:2008,0
DA:2009,0
DA:2011,0
DA:2012,0
DA:2013,0
DA:2014,0
DA:2015,0
DA:2016,0
DA:2017,0
DA:2018,0
DA:2019,0
DA:2020,0
DA:2021,0
DA:2022,0
DA:2023,0
DA:2024,0
DA:2025,0
DA:2026,0
DA:2030,0
DA:2032,0
DA:2045,2
DA:2053,0
DA:2055,0
DA:2056,0
DA:2057,0
DA:2058,0
DA:2059,0
DA:2060,0
DA:2061,0
DA:2062,0
DA:2066,0
DA:2067,0
DA:2068,0
DA:2069,0
DA:2070,0
DA:2071,0
DA:2072,0
DA:2073,0
DA:2074,0
DA:2078,0
DA:2080,0
DA:2081,0
DA:2082,0
DA:2083,0
DA:2084,0
DA:2085,0
DA:2086,0
DA:2087,0
DA:2088,0
DA:2091,0
DA:2093,0
DA:2094,0
DA:2095,0
DA:2096,0
DA:2097,0
DA:2098,0
DA:2099,0
DA:2100,0
DA:2101,0
DA:2105,0
DA:2113,0
DA:2114,0
DA:2115,0
DA:2116,0
DA:2117,0
DA:2118,0
DA:2119,0
DA:2120,0
DA:2122,0
DA:2124,0
DA:2125,0
DA:2126,0
DA:2127,0
DA:2128,0
DA:2129,0
DA:2130,0
DA:2131,0
DA:2132,0
DA:2133,0
DA:2136,0
DA:2138,0
DA:2139,1
DA:2142,0
DA:2143,0
DA:2144,0
DA:2145,0
DA:2146,0
DA:2147,0
DA:2148,0
DA:2149,0
DA:2161,0
DA:2170,0
DA:2178,0
DA:2179,0
DA:2180,0
DA:2181,0
DA:2182,0
DA:2183,0
DA:2184,0
DA:2193,0
DA:2194,0
DA:2195,0
DA:2196,0
DA:2197,0
DA:2198,0
DA:2199,0
DA:2200,0
DA:2204,0
DA:2212,0
DA:2213,0
DA:2214,0
DA:2215,0
DA:2216,0
DA:2217,0
DA:2218,0
DA:2219,0
DA:2223,0
DA:2225,0
DA:2226,0
DA:2227,0
DA:2229,0
DA:2230,0
DA:2232,0
DA:2233,0
DA:2235,0
DA:2236,0
DA:2238,0
DA:2239,0
DA:2241,0
DA:2242,0
DA:2244,0
DA:2245,0
DA:2250,0
DA:2252,0
DA:2253,0
DA:2254,0
DA:2255,0
DA:2256,0
DA:2257,0
DA:2258,0
DA:2259,0
DA:2260,0
DA:2261,0
DA:2270,0
DA:2306,0
DA:2308,0
DA:2309,0
DA:2310,0
DA:2311,0
DA:2313,0
DA:2316,0
DA:2317,0
DA:2318,0
DA:2319,0
DA:2321,0
DA:2322,0
DA:2323,0
DA:2325,0
DA:2327,0
DA:2328,0
DA:2330,0
DA:2331,0
DA:2333,0
DA:2335,0
DA:2336,0
DA:2337,0
DA:2339,0
DA:2341,0
DA:2342,0
DA:2343,0
DA:2345,0
DA:2347,0
DA:2348,0
DA:2349,0
DA:2351,0
DA:2356,0
DA:2357,0
DA:2358,0
DA:2360,0
DA:2361,0
DA:2362,0
DA:2363,0
DA:2364,0
DA:2365,0
DA:2366,0
DA:2367,0
DA:2368,0
DA:2369,0
DA:2370,0
DA:2371,0
DA:2372,0
DA:2373,0
DA:2377,0
DA:2379,0
DA:2390,4
DA:2397,0
DA:2399,0
DA:2400,0
DA:2401,0
DA:2402,0
DA:2403,0
DA:2404,0
DA:2405,0
DA:2409,0
DA:2410,0
DA:2411,0
DA:2412,0
DA:2413,0
DA:2414,0
DA:2415,0
DA:2416,0
DA:2420,0
DA:2422,0
DA:2423,0
DA:2424,0
DA:2425,0
DA:2426,0
DA:2427,0
DA:2428,0
DA:2429,0
DA:2432,0
DA:2434,0
DA:2435,0
DA:2436,0
DA:2437,0
DA:2438,0
DA:2439,0
DA:2440,0
DA:2441,0
DA:2445,0
DA:2452,0
DA:2453,0
DA:2454,0
DA:2455,0
DA:2456,0
DA:2457,0
DA:2458,0
DA:2460,1
DA:2462,1
DA:2463,3
DA:2464,3
DA:2465,3
DA:2466,3
DA:2467,3
DA:2468,3
DA:2469,1
DA:2470,1
DA:2473,0
DA:2475,0
DA:2476,1
DA:2479,0
DA:2480,0
DA:2481,0
DA:2482,0
DA:2483,0
DA:2484,0
DA:2485,0
DA:2495,0
DA:2503,0
DA:2510,0
DA:2511,0
DA:2512,0
DA:2513,0
DA:2514,0
DA:2515,0
DA:2523,0
DA:2524,0
DA:2525,0
DA:2526,0
DA:2527,0
DA:2528,0
DA:2529,0
DA:2533,0
DA:2540,0
DA:2541,0
DA:2542,0
DA:2543,0
DA:2544,0
DA:2545,0
DA:2546,0
DA:2550,0
DA:2552,0
DA:2553,0
DA:2554,0
DA:2556,0
DA:2557,0
DA:2559,0
DA:2560,0
DA:2562,0
DA:2563,0
DA:2565,0
DA:2566,0
DA:2568,0
DA:2569,0
DA:2574,0
DA:2576,0
DA:2577,0
DA:2578,0
DA:2579,0
DA:2580,0
DA:2581,0
DA:2582,0
DA:2583,0
DA:2584,0
DA:2593,0
DA:2611,0
DA:2612,0
DA:2613,0
DA:2614,0
DA:2615,0
DA:2617,0
DA:2620,0
DA:2621,0
DA:2622,0
DA:2623,0
DA:2625,0
DA:2627,0
DA:2628,0
DA:2629,0
DA:2631,0
DA:2633,0
DA:2634,0
DA:2635,0
DA:2637,0
DA:2642,0
DA:2643,0
DA:2644,0
DA:2646,0
DA:2647,0
DA:2648,0
DA:2649,0
DA:2650,0
DA:2651,0
DA:2652,0
DA:2653,0
DA:2657,0
DA:2659,0
DA:2667,4
DA:2668,0
DA:2670,0
DA:2671,0
DA:2672,0
DA:2673,0
DA:2677,0
DA:2678,0
DA:2679,0
DA:2680,0
DA:2681,0
DA:2685,0
DA:2687,0
DA:2688,0
DA:2689,0
DA:2690,0
DA:2691,0
DA:2694,0
DA:2696,0
DA:2697,0
DA:2698,0
DA:2699,0
DA:2700,0
DA:2704,0
DA:2705,0
DA:2706,0
DA:2707,0
DA:2709,1
DA:2711,1
DA:2712,3
DA:2713,3
DA:2714,3
DA:2715,1
DA:2716,1
DA:2719,0
DA:2720,0
DA:2721,1
DA:2724,0
DA:2725,0
DA:2726,0
DA:2727,0
DA:2735,0
DA:2741,0
DA:2746,0
DA:2747,0
DA:2748,0
DA:2749,0
DA:2755,0
DA:2756,0
DA:2757,0
DA:2758,0
DA:2759,0
DA:2763,0
DA:2768,0
DA:2769,0
DA:2770,0
DA:2771,0
DA:2772,0
DA:2776,0
DA:2778,0
DA:2779,0
DA:2780,0
DA:2782,0
DA:2783,0
DA:2785,0
DA:2786,0
DA:2788,0
DA:2789,0
DA:2794,0
DA:2796,0
DA:2797,0
DA:2798,0
DA:2799,0
DA:2800,0
DA:2801,0
DA:2802,0
DA:2811,0
DA:2822,0
DA:2823,0
DA:2824,0
DA:2825,0
DA:2826,0
DA:2828,0
DA:2831,0
DA:2832,0
DA:2833,0
DA:2834,0
DA:2835,0
DA:2837,0
DA:2839,0
DA:2840,0
DA:2841,0
DA:2843,0
DA:2848,0
DA:2849,0
DA:2850,0
DA:2852,0
DA:2853,0
DA:2854,0
DA:2855,0
DA:2856,0
DA:2857,0
DA:2861,0
DA:2863,0
DA:2870,2
DA:2871,0
DA:2873,0
DA:2874,0
DA:2875,0
DA:2879,0
DA:2880,0
DA:2881,0
DA:2882,0
DA:2886,0
DA:2888,0
DA:2889,0
DA:2890,0
DA:2891,0
DA:2894,0
DA:2896,0
DA:2897,0
DA:2898,0
DA:2899,0
DA:2903,0
DA:2904,0
DA:2905,0
DA:2907,0
DA:2909,0
DA:2910,0
DA:2911,0
DA:2912,0
DA:2913,0
DA:2916,0
DA:2917,0
DA:2918,1
DA:2921,0
DA:2922,0
DA:2923,0
DA:2930,0
DA:2935,0
DA:2939,0
DA:2940,0
DA:2941,0
DA:2946,0
DA:2947,0
DA:2948,0
DA:2949,0
DA:2953,0
DA:2955,0
DA:2956,0
DA:2957,0
DA:2958,0
DA:2962,0
DA:2964,0
DA:2965,0
DA:2966,0
DA:2968,0
DA:2969,0
DA:2971,0
DA:2972,0
DA:2977,0
DA:2979,0
DA:2980,0
DA:2981,0
DA:2982,0
DA:2983,0
DA:2984,0
DA:2989,0
DA:3004,0
DA:3006,0
DA:3007,0
DA:3008,0
DA:3009,0
DA:3010,0
DA:3011,0
DA:3012,0
DA:3013,0
DA:3014,0
DA:3015,0
DA:3016,0
DA:3017,0
DA:3018,0
LF:1503
LH:91
end_of_record
SF:lib/databases/app_database/database.dart
DA:21,0
DA:23,0
DA:27,0
DA:28,0
DA:31,0
DA:32,0
DA:35,0
DA:36,0
DA:37,0
DA:42,0
DA:43,0
DA:46,0
DA:47,0
DA:48,0
DA:53,0
DA:54,0
DA:57,0
DA:58,0
DA:59,0
DA:64,0
DA:66,0
DA:67,0
DA:69,0
DA:70,0
DA:73,0
DA:74,0
DA:75,0
DA:80,0
DA:81,0
DA:83,0
DA:84,0
DA:85,0
DA:88,0
DA:89,0
DA:93,0
DA:95,0
DA:96,0
DA:98,0
DA:99,0
DA:102,0
DA:103,0
DA:105,0
DA:106,0
DA:108,0
DA:109,0
DA:112,0
DA:113,0
DA:114,0
DA:115,0
DA:117,0
DA:118,0
DA:119,0
DA:120,0
DA:122,0
DA:123,0
DA:126,0
DA:127,0
DA:128,0
DA:133,0
DA:135,0
DA:136,0
DA:138,0
DA:139,0
DA:141,0
DA:142,0
DA:143,0
DA:144,0
DA:151,0
DA:153,0
DA:154,0
DA:155,0
DA:156,0
DA:157,0
DA:158,0
DA:160,0
DA:161,0
DA:163,0
DA:164,0
LF:78
LH:0
end_of_record
SF:lib/app_logic/blocs/detail_music_bloc/detail_music_bloc.dart
DA:8,1
DA:9,1
DA:10,2
DA:13,1
DA:16,3
DA:18,1
DA:21,2
DA:24,1
LF:8
LH:8
end_of_record
SF:lib/app_logic/blocs/search_screen_bloc/search_screen_bloc.dart
DA:10,2
DA:11,2
DA:12,2
DA:13,2
DA:16,1
DA:18,1
DA:19,3
DA:20,2
DA:21,2
DA:25,1
DA:27,2
DA:28,1
DA:31,1
DA:33,4
DA:34,1
DA:35,1
DA:38,2
DA:41,1
DA:44,4
DA:45,2
DA:51,1
DA:52,1
DA:53,2
DA:54,2
LF:24
LH:24
end_of_record
SF:lib/app_logic/blocs/tab_bar_bloc/tab_bar_bloc.dart
DA:4,2
DA:6,1
DA:7,1
LF:3
LH:3
end_of_record
SF:lib/app_logic/blocs/genres_bloc/genres_bloc.dart
DA:7,2
DA:8,2
DA:11,1
DA:14,2
DA:15,1
DA:16,1
DA:18,2
DA:21,1
DA:22,2
LF:9
LH:9
end_of_record
SF:lib/app_logic/blocs/new_playlist_bloc/my_music_foldder_bloc.dart
DA:8,2
DA:9,2
DA:10,2
DA:13,1
DA:18,3
DA:19,2
DA:22,1
DA:24,2
DA:25,1
DA:26,1
DA:28,2
LF:11
LH:11
end_of_record
SF:lib/app_logic/blocs/new_playlist_bloc/my_music_foldder_event.dart
DA:4,2
DA:8,1
DA:10,0
DA:11,0
DA:16,1
DA:18,0
DA:19,0
LF:7
LH:3
end_of_record
SF:lib/app_logic/blocs/detail_music_bloc/detail_music_event.dart
DA:6,2
LF:1
LH:1
end_of_record
SF:lib/app_logic/blocs/search_screen_bloc/search_state.dart
DA:13,0
DA:14,0
LF:2
LH:0
end_of_record
SF:lib/app_logic/blocs/search_screen_bloc/search_state.g.dart
DA:9,0
DA:10,0
DA:11,0
DA:14,0
DA:15,0
DA:16,0
DA:19,0
DA:20,0
DA:21,0
DA:24,0
DA:26,0
DA:27,0
DA:30,0
DA:32,0
DA:33,0
DA:36,0
DA:38,0
DA:39,0
DA:42,0
DA:43,0
DA:44,0
DA:45,0
DA:46,0
DA:47,0
DA:50,0
DA:51,0
DA:52,0
DA:53,0
LF:28
LH:0
end_of_record
SF:lib/app_logic/blocs/recently_searched_bloc/recently_searched_bloc.dart
DA:9,1
DA:10,1
DA:11,2
DA:12,2
DA:13,2
DA:14,2
DA:17,1
DA:20,3
DA:21,2
DA:24,1
DA:26,2
DA:27,1
DA:28,1
DA:30,2
DA:34,1
DA:37,3
DA:38,1
DA:39,1
DA:41,2
DA:45,1
DA:47,2
DA:48,1
LF:22
LH:22
end_of_record
SF:lib/app_logic/blocs/recently_searched_bloc/recently_searched_event.dart
DA:5,99
DA:9,49
DA:10,0
DA:11,0
DA:17,2
DA:19,1
DA:21,2
DA:26,1
DA:28,0
DA:29,0
DA:33,49
DA:35,0
DA:36,0
LF:13
LH:7
end_of_record
SF:lib/app_logic/blocs/search_screen_bloc/serch_event.dart
DA:20,0
DA:21,0
LF:2
LH:0
end_of_record
SF:lib/app_logic/blocs/search_screen_bloc/serch_event.g.dart
DA:9,0
DA:11,0
DA:12,0
DA:13,0
DA:14,0
DA:17,0
DA:19,0
DA:20,0
DA:21,0
DA:22,0
DA:25,0
DA:26,0
DA:27,0
DA:28,0
DA:29,0
DA:32,0
DA:33,0
DA:34,0
DA:35,0
DA:36,0
DA:39,0
DA:41,0
DA:42,0
DA:43,0
DA:44,0
DA:47,0
DA:49,0
DA:50,0
DA:51,0
DA:52,0
DA:55,0
DA:57,0
DA:58,0
DA:59,0
DA:60,0
DA:63,0
DA:65,0
DA:66,0
DA:67,0
DA:68,0
LF:40
LH:0
end_of_record
SF:lib/app_logic/blocs/language_bloc/language_bloc.dart
DA:8,2
DA:10,1
DA:11,2
DA:12,2
DA:13,2
DA:16,1
DA:17,2
DA:18,2
DA:21,1
LF:9
LH:9
end_of_record
SF:lib/app_logic/blocs/home_screen_bloc/favourite_artist_bloc/favourite_artist_bloc.dart
DA:9,1
DA:10,1
DA:11,2
DA:14,1
DA:17,1
DA:18,1
DA:19,1
DA:21,2
DA:24,1
DA:25,2
DA:29,1
DA:30,2
LF:12
LH:12
end_of_record
SF:lib/app_logic/blocs/home_screen_bloc/recently_played_bloc/recently_played_bloc.dart
DA:9,1
DA:10,1
DA:11,2
DA:14,1
DA:17,1
DA:18,1
DA:19,1
DA:21,2
DA:24,1
DA:25,2
DA:29,1
DA:30,2
LF:12
LH:12
end_of_record
SF:lib/app_logic/blocs/home_screen_bloc/album_bloc/album_bloc.dart
DA:8,2
DA:9,2
DA:12,1
DA:15,2
DA:16,1
DA:17,1
DA:19,2
DA:22,1
DA:23,2
DA:30,1
DA:32,1
DA:33,2
DA:34,2
LF:13
LH:13
end_of_record
SF:lib/app_logic/blocs/favourites_bloc/favourite_album_bloc/favourites_album_bloc.dart
DA:8,1
DA:10,1
DA:11,2
DA:12,2
DA:13,2
DA:14,2
DA:15,2
DA:18,2
DA:19,1
DA:21,3
DA:22,2
DA:25,1
DA:27,2
DA:28,1
DA:29,1
DA:31,2
DA:35,1
DA:37,4
DA:39,3
DA:41,3
DA:45,1
DA:47,3
DA:48,1
DA:49,1
DA:51,2
DA:55,1
DA:57,2
DA:58,1
DA:60,0
DA:63,5
DA:64,2
DA:68,2
LF:32
LH:31
end_of_record
SF:lib/app_logic/blocs/favourites_bloc/favourite_song_bloc/favourites_song_bloc.dart
DA:8,1
DA:10,1
DA:11,2
DA:12,2
DA:13,2
DA:14,2
DA:15,2
DA:18,2
DA:19,1
DA:21,3
DA:22,2
DA:25,1
DA:27,2
DA:28,1
DA:29,1
DA:31,2
DA:35,1
DA:37,4
DA:39,3
DA:41,3
DA:45,1
DA:47,3
DA:48,1
DA:49,1
DA:51,2
DA:55,1
DA:57,2
DA:59,1
DA:61,0
DA:64,5
DA:65,2
DA:69,2
LF:32
LH:31
end_of_record
SF:lib/app_logic/blocs/favourites_bloc/favourite_album_bloc/favourites_album_event.dart
DA:5,50
DA:9,49
DA:10,0
DA:11,0
DA:16,1
DA:18,0
DA:19,0
DA:24,1
DA:26,0
DA:27,0
DA:31,1
DA:33,0
DA:34,0
DA:39,1
DA:42,0
DA:43,0
LF:16
LH:6
end_of_record
SF:lib/app_logic/blocs/favourites_bloc/favourite_song_bloc/favourites_song_event.dart
DA:7,99
DA:11,49
DA:13,0
DA:14,0
DA:19,1
DA:21,0
DA:22,0
DA:27,1
DA:29,0
DA:30,0
DA:34,50
DA:36,0
DA:37,0
DA:42,0
DA:44,0
DA:45,0
DA:50,1
DA:53,0
DA:54,0
LF:19
LH:6
end_of_record
SF:lib/app_logic/blocs/music_bloc/music_bloc.dart
DA:9,0
DA:10,0
DA:11,0
DA:13,0
DA:15,0
DA:16,0
DA:17,0
DA:18,0
DA:19,0
DA:20,0
DA:21,0
DA:22,0
DA:23,0
DA:24,0
DA:25,0
DA:26,0
DA:28,0
DA:29,0
DA:30,0
DA:31,0
DA:32,0
DA:33,0
DA:35,0
DA:41,0
DA:42,0
DA:43,0
DA:44,0
DA:45,0
DA:48,0
DA:50,0
DA:51,0
DA:52,0
DA:53,0
DA:54,0
DA:57,0
DA:58,0
DA:59,0
DA:60,0
DA:65,0
DA:66,0
DA:67,0
DA:70,0
DA:71,0
DA:72,0
DA:75,0
DA:76,0
DA:77,0
DA:80,0
DA:81,0
DA:82,0
DA:85,0
DA:86,0
DA:87,0
DA:88,0
DA:91,0
DA:92,0
DA:93,0
DA:94,0
DA:97,0
DA:98,0
DA:99,0
DA:100,0
DA:102,0
DA:105,0
DA:106,0
DA:108,0
DA:112,0
DA:113,0
DA:114,0
DA:115,0
DA:117,0
DA:120,0
DA:121,0
DA:125,0
DA:126,0
DA:127,0
DA:131,0
DA:132,0
DA:133,0
DA:134,0
DA:137,0
DA:138,0
LF:82
LH:0
end_of_record
SF:lib/app_logic/blocs/music_bloc/music_bloc_event.dart
DA:8,0
DA:15,0
DA:24,0
DA:35,2
DA:45,0
LF:5
LH:1
end_of_record
SF:lib/app_logic/blocs/music_bloc/music_bloc_state.dart
DA:9,7
DA:17,0
DA:23,0
DA:24,0
DA:25,0
DA:26,0
DA:27,0
LF:7
LH:1
end_of_record
SF:lib/app_logic/blocs/image_bloc/image_bloc.dart
DA:6,3
DA:7,2
DA:8,2
DA:11,1
DA:13,2
DA:14,1
DA:16,2
DA:20,1
DA:22,2
DA:24,2
LF:10
LH:10
end_of_record
SF:lib/app_logic/blocs/image_bloc/image_bloc_state.dart
DA:4,2
LF:1
LH:1
end_of_record
SF:lib/app_logic/blocs/image_bloc/image_bloc_event.dart
DA:4,1
DA:8,1
LF:2
LH:2
end_of_record
SF:lib/app_logic/blocs/passwords_bloc/passwords_bloc.dart
DA:4,0
DA:6,0
DA:7,0
LF:3
LH:0
end_of_record
SF:lib/domain/repositories/favourites_repository.dart/favourite_album_repository.dart
DA:7,1
DA:9,1
DA:10,2
DA:11,1
DA:12,1
DA:13,1
DA:14,2
DA:15,1
DA:16,1
DA:17,1
DA:18,1
DA:21,1
DA:24,1
DA:25,4
DA:26,1
DA:29,1
DA:30,1
DA:31,4
DA:35,1
DA:36,2
DA:38,1
DA:39,2
DA:40,1
DA:41,1
DA:42,2
DA:43,1
DA:44,1
DA:45,1
DA:46,1
DA:48,1
LF:30
LH:30
end_of_record
SF:lib/app_logic/blocs/filter_bloc.dart
DA:4,2
DA:6,1
DA:7,1
LF:3
LH:3
end_of_record
SF:lib/domain/repositories/home_screen_repositories/best_album_repo.dart
DA:9,1
DA:12,1
DA:14,2
DA:15,1
DA:16,1
DA:17,1
DA:18,1
DA:19,1
DA:20,1
DA:21,2
DA:23,1
DA:25,2
DA:29,2
DA:30,1
DA:35,1
DA:37,2
DA:39,2
DA:40,1
DA:45,1
DA:47,1
DA:49,2
DA:50,1
DA:51,1
DA:57,2
DA:58,0
DA:59,0
DA:62,1
DA:64,0
DA:65,0
DA:70,1
DA:74,2
DA:75,2
DA:78,2
DA:79,1
DA:86,1
DA:94,2
DA:96,1
DA:97,1
DA:98,1
DA:102,4
DA:104,2
DA:105,3
DA:106,3
DA:108,1
LF:44
LH:40
end_of_record
SF:lib/domain/repositories/home_screen_repositories/favourite_artist_repo.dart
DA:9,1
DA:12,1
DA:14,2
DA:15,1
DA:16,1
DA:17,1
DA:18,1
DA:20,1
DA:22,2
DA:25,2
DA:26,1
DA:31,1
DA:33,2
DA:35,2
DA:36,1
DA:41,1
DA:43,1
DA:44,1
DA:47,2
DA:49,0
DA:50,0
DA:55,1
DA:57,2
DA:58,2
DA:61,2
DA:62,1
LF:26
LH:24
end_of_record
SF:lib/domain/repositories/home_screen_repositories/recently_played_repo.dart
DA:9,1
DA:12,1
DA:14,2
DA:15,1
DA:16,1
DA:17,2
DA:18,1
DA:19,2
DA:20,1
DA:21,1
DA:23,1
DA:25,2
DA:28,2
DA:29,1
DA:34,1
DA:36,2
DA:38,2
DA:39,1
DA:44,1
DA:46,1
DA:48,1
DA:52,2
DA:54,0
DA:55,0
DA:60,1
DA:62,2
DA:63,3
DA:67,2
DA:68,1
LF:29
LH:27
end_of_record
SF:lib/databases/language_storage/language_storage.dart
DA:8,0
DA:9,0
DA:12,0
DA:13,0
LF:4
LH:0
end_of_record
SF:lib/domain/entity/favorite_folder_model.dart
DA:5,4
LF:1
LH:1
end_of_record
SF:lib/domain/repositories/new_playlist_repository/new_playlist_repository.dart
DA:8,1
DA:9,1
DA:10,2
DA:12,1
DA:13,2
DA:14,1
DA:15,1
DA:18,1
DA:22,1
DA:23,1
DA:24,2
DA:25,1
DA:26,1
DA:27,1
DA:30,1
DA:33,1
DA:34,1
LF:17
LH:17
end_of_record
SF:lib/domain/repositories/recently_searched_repository/recently_searched_repository.dart
DA:7,1
DA:9,1
DA:10,2
DA:12,1
DA:13,2
DA:14,1
DA:15,1
DA:16,2
DA:17,1
DA:18,1
DA:19,1
DA:20,1
DA:23,1
DA:27,1
DA:28,2
DA:30,2
DA:31,1
DA:32,1
DA:33,1
DA:34,2
DA:35,1
DA:36,1
DA:37,1
DA:38,1
DA:41,1
DA:43,1
DA:46,1
DA:48,4
DA:49,1
DA:52,1
DA:53,1
DA:54,4
DA:57,1
DA:58,2
LF:34
LH:34
end_of_record
SF:lib/domain/repositories/search_result_repository/search_result_repo.dart
DA:7,1
DA:9,1
DA:15,2
DA:17,2
DA:22,1
DA:28,2
DA:29,1
DA:30,2
DA:31,2
DA:32,1
DA:34,4
DA:35,1
DA:36,1
DA:40,1
DA:45,1
DA:51,2
DA:53,2
DA:58,1
DA:61,1
DA:62,1
DA:63,1
DA:64,1
DA:66,1
DA:73,1
DA:84,2
DA:86,1
DA:87,1
DA:88,2
DA:91,2
DA:92,1
DA:93,2
DA:94,2
DA:96,1
DA:97,1
DA:98,1
DA:100,2
DA:101,4
DA:102,2
DA:104,1
DA:105,3
DA:107,3
LF:41
LH:41
end_of_record
SF:lib/databases/app_database/tables.dart
DA:5,0
DA:6,0
DA:7,0
DA:8,0
DA:9,0
DA:10,0
DA:11,0
DA:12,0
DA:17,0
DA:18,0
DA:19,0
DA:20,0
DA:21,0
DA:26,0
DA:27,0
DA:28,0
DA:29,0
DA:30,0
DA:31,0
DA:32,0
DA:33,0
DA:38,0
DA:39,0
DA:40,0
DA:41,0
DA:42,0
DA:44,0
DA:46,0
DA:47,0
DA:52,0
DA:53,0
DA:54,0
DA:55,0
DA:56,0
DA:57,0
DA:58,0
DA:59,0
DA:60,0
DA:65,0
DA:66,0
DA:67,0
DA:68,0
DA:69,0
DA:70,0
DA:71,0
DA:72,0
DA:73,0
DA:78,0
DA:79,0
DA:80,0
DA:81,0
DA:82,0
DA:83,0
DA:84,0
DA:85,0
DA:86,0
DA:91,0
DA:92,0
DA:93,0
DA:94,0
DA:95,0
DA:96,0
DA:98,0
DA:99,0
DA:103,0
DA:104,0
DA:105,0
DA:107,0
DA:108,0
DA:112,0
DA:113,0
DA:115,0
DA:116,0
LF:73
LH:0
end_of_record
SF:lib/databases/connection/native.dart
DA:9,0
DA:11,0
DA:12,0
DA:13,0
DA:17,0
DA:18,0
DA:19,0
LF:7
LH:0
end_of_record
SF:lib/domain/entity/detail_album/detail_album_model.dart
DA:11,0
DA:12,0
DA:24,0
DA:25,0
DA:32,0
DA:33,0
LF:6
LH:0
end_of_record
SF:lib/domain/entity/detail_album/detail_album_model.g.dart
DA:9,0
DA:11,0
DA:12,0
DA:13,0
DA:14,0
DA:17,0
DA:19,0
DA:20,0
DA:23,0
DA:24,0
DA:25,0
DA:26,0
DA:27,0
DA:28,0
DA:31,0
DA:32,0
DA:33,0
DA:34,0
DA:35,0
DA:36,0
DA:37,0
DA:40,0
DA:41,0
DA:42,0
DA:45,0
DA:46,0
DA:47,0
LF:27
LH:0
end_of_record
SF:lib/domain/entity/genres_model/genres_model.dart
DA:9,0
DA:10,0
DA:21,0
LF:3
LH:0
end_of_record
SF:lib/domain/entity/genres_model/genres_model.g.dart
DA:9,0
DA:10,0
DA:11,0
DA:12,0
DA:13,0
DA:16,0
DA:17,0
DA:18,0
DA:21,0
DA:22,0
DA:23,0
DA:24,0
DA:27,0
DA:28,0
DA:29,0
DA:30,0
LF:16
LH:0
end_of_record
SF:lib/domain/entity/home_screen_data/favourite_artist_model/favourite_artist_model.dart
DA:13,0
DA:14,0
DA:24,0
DA:25,0
LF:4
LH:0
end_of_record
SF:lib/domain/entity/home_screen_data/favourite_artist_model/favourite_artist_model.g.dart
DA:9,0
DA:11,0
DA:12,0
DA:13,0
DA:14,0
DA:17,0
DA:19,0
DA:20,0
DA:23,0
DA:24,0
DA:25,0
DA:26,0
DA:29,0
DA:30,0
DA:31,0
DA:32,0
DA:33,0
LF:17
LH:0
end_of_record
SF:lib/domain/entity/home_screen_data/home_screen_data.dart
DA:13,0
DA:14,0
DA:27,0
DA:28,0
DA:35,0
DA:36,0
LF:6
LH:0
end_of_record
SF:lib/domain/entity/home_screen_data/home_screen_data.g.dart
DA:9,0
DA:11,0
DA:12,0
DA:13,0
DA:14,0
DA:17,0
DA:19,0
DA:20,0
DA:23,0
DA:24,0
DA:25,0
DA:26,0
DA:27,0
DA:28,0
DA:29,0
DA:32,0
DA:33,0
DA:34,0
DA:35,0
DA:36,0
DA:37,0
DA:38,0
DA:41,0
DA:42,0
DA:43,0
DA:44,0
DA:47,0
DA:48,0
DA:49,0
DA:50,0
LF:30
LH:0
end_of_record
SF:lib/domain/entity/search_result/search_result_model.dart
DA:14,0
DA:15,0
DA:28,0
DA:29,0
DA:39,0
DA:40,0
LF:6
LH:0
end_of_record
SF:lib/domain/entity/search_result/search_result_model.g.dart
DA:9,0
DA:11,0
DA:12,0
DA:13,0
DA:14,0
DA:17,0
DA:19,0
DA:20,0
DA:23,0
DA:24,0
DA:25,0
DA:26,0
DA:27,0
DA:28,0
DA:29,0
DA:32,0
DA:33,0
DA:34,0
DA:35,0
DA:36,0
DA:37,0
DA:38,0
DA:41,0
DA:42,0
DA:43,0
DA:44,0
DA:47,0
DA:48,0
DA:49,0
DA:50,0
LF:30
LH:0
end_of_record
SF:lib/domain/entity/song_model/song_model.dart
DA:16,0
DA:17,0
DA:26,0
LF:3
LH:0
end_of_record
SF:lib/domain/entity/song_model/song_model.g.dart
DA:9,0
DA:11,0
DA:12,0
DA:13,0
DA:14,0
DA:15,0
DA:16,0
DA:17,0
DA:20,0
DA:22,0
DA:23,0
DA:24,0
DA:25,0
DA:26,0
DA:29,0
DA:30,0
DA:31,0
DA:34,0
DA:35,0
DA:36,0
LF:20
LH:0
end_of_record
SF:lib/domain/entity/played_song_model.dart
DA:6,6
LF:1
LH:1
end_of_record
SF:lib/domain/entity/recently_played_model/recently_played_model.dart
DA:13,0
DA:14,0
DA:21,0
DA:33,0
DA:34,0
DA:44,0
LF:6
LH:0
end_of_record
SF:lib/domain/entity/recently_played_model/recently_played_model.g.dart
DA:9,0
DA:11,0
DA:12,0
DA:15,0
DA:17,0
DA:18,0
DA:21,0
DA:22,0
DA:23,0
DA:24,0
DA:27,0
DA:28,0
DA:31,0
DA:32,0
DA:33,0
DA:34,0
DA:35,0
DA:36,0
DA:37,0
DA:40,0
DA:41,0
DA:42,0
DA:43,0
DA:44,0
DA:45,0
DA:46,0
DA:49,0
DA:50,0
DA:51,0
DA:52,0
DA:55,0
DA:56,0
DA:57,0
DA:58,0
LF:34
LH:0
end_of_record
SF:lib/domain/repositories/album_details_repository/album_details_repository.dart
DA:9,1
DA:12,1
DA:14,1
DA:16,1
DA:19,1
DA:20,1
DA:23,0
DA:24,0
DA:29,1
DA:31,4
DA:33,2
DA:34,1
DA:39,1
DA:42,2
DA:43,1
DA:44,1
DA:45,1
DA:46,1
DA:47,2
DA:48,1
DA:49,3
DA:51,1
DA:53,2
DA:57,2
DA:58,1
DA:63,1
DA:65,2
DA:66,2
DA:68,2
DA:69,1
LF:30
LH:28
end_of_record
SF:lib/domain/repositories/genres_repository/genres_repository.dart
DA:10,1
DA:13,1
DA:15,2
DA:16,1
DA:17,2
DA:18,1
DA:19,1
DA:21,1
DA:23,2
DA:27,0
DA:28,0
DA:33,1
DA:35,1
DA:37,1
DA:38,1
DA:40,2
DA:43,2
DA:44,1
DA:49,1
DA:51,2
DA:52,2
DA:55,0
DA:56,0
DA:61,1
DA:63,2
DA:64,1
DA:66,2
LF:27
LH:23
end_of_record
SF:lib/domain/repositories/song_detail_repository/song_detail_repository.dart
DA:8,1
DA:10,1
DA:11,1
DA:13,3
DA:16,2
DA:18,1
DA:19,1
DA:20,1
DA:21,1
DA:22,1
DA:23,1
DA:24,3
DA:25,1
DA:26,3
DA:29,2
DA:33,3
LF:16
LH:16
end_of_record
SF:lib/resources/app_images.dart
DA:4,0
LF:1
LH:0
end_of_record
SF:lib/resources/fonts.dart
DA:4,0
LF:1
LH:0
end_of_record
SF:lib/domain/services/api_service/service.chopper.dart
DA:11,0
DA:13,0
DA:19,0
DA:21,0
DA:22,0
DA:25,0
DA:27,0
DA:30,0
DA:32,0
DA:33,0
DA:36,0
DA:38,0
DA:41,0
DA:43,0
DA:44,0
DA:47,0
DA:49,0
DA:50,0
DA:53,0
DA:55,0
DA:56,0
DA:59,0
DA:61,0
DA:62,0
DA:65,0
DA:70,0
DA:71,0
DA:75,0
DA:78,0
DA:81,0
DA:84,0
DA:90,0
DA:91,0
DA:96,0
DA:99,0
DA:102,0
DA:105,0
DA:111,0
DA:112,0
DA:117,0
DA:120,0
DA:123,0
DA:126,0
DA:132,0
DA:133,0
DA:138,0
DA:141,0
DA:144,0
DA:147,0
DA:149,0
DA:150,0
DA:153,0
DA:155,0
LF:53
LH:0
end_of_record
SF:lib/domain/services/api_service/service.dart
DA:11,0
DA:12,0
LF:2
LH:0
end_of_record
SF:lib/domain/services/api_service/json_serializable.dart
DA:7,0
DA:18,0
DA:21,0
DA:22,0
DA:24,0
DA:25,0
DA:26,0
DA:30,0
DA:33,0
DA:37,0
DA:38,0
DA:39,0
DA:42,0
DA:46,0
DA:50,0
DA:54,0
DA:55,0
DA:61,0
DA:62,0
DA:63,0
DA:64,0
DA:67,0
DA:70,0
DA:71,0
LF:24
LH:0
end_of_record
SF:lib/domain/services/firebase_service/firebase_service.dart
DA:17,0
DA:19,0
DA:20,0
DA:22,0
DA:24,0
DA:27,0
DA:28,0
DA:33,0
DA:35,0
DA:36,0
DA:37,0
DA:38,0
DA:40,0
DA:43,0
DA:48,0
DA:49,0
DA:51,0
DA:53,0
DA:55,0
DA:56,0
DA:61,1
DA:63,2
DA:65,0
DA:67,0
DA:69,0
DA:70,0
DA:75,1
DA:77,1
DA:79,0
DA:81,0
DA:83,0
DA:84,0
DA:89,0
DA:90,0
DA:92,0
DA:93,0
DA:95,0
DA:100,0
DA:102,0
DA:104,0
DA:106,0
DA:110,0
DA:111,0
DA:113,0
DA:114,0
DA:115,0
DA:117,0
DA:119,0
DA:122,0
DA:123,0
DA:124,0
DA:125,0
DA:126,0
DA:127,0
DA:129,0
DA:132,0
DA:133,0
DA:134,0
DA:135,0
DA:143,1
DA:148,1
DA:149,0
DA:150,0
DA:152,2
DA:153,2
DA:154,1
DA:158,1
DA:160,2
DA:166,0
DA:171,1
DA:173,2
DA:179,0
DA:184,0
DA:186,0
DA:188,0
DA:189,0
LF:76
LH:13
end_of_record
SF:lib/flutter_gen/gen_l10n/app_localizations.dart
DA:64,45
DA:68,15
DA:69,15
DA:544,48
DA:546,15
DA:548,30
DA:551,15
DA:552,45
DA:554,0
DA:558,15
DA:562,15
DA:563,15
DA:564,30
DA:565,0
DA:568,0
LF:15
LH:12
end_of_record
SF:lib/ui/navigation/navigation_routes.dart
DA:6,0
DA:7,0
DA:8,0
DA:11,0
DA:12,0
DA:14,0
DA:15,0
DA:18,0
DA:19,0
DA:24,0
DA:25,0
DA:26,0
DA:29,0
DA:30,0
DA:32,0
DA:33,0
DA:67,0
DA:68,0
DA:69,0
DA:70,0
DA:71,0
DA:72,2
DA:73,4
DA:74,0
DA:75,2
DA:76,2
DA:77,0
DA:78,0
LF:28
LH:4
end_of_record
SF:lib/ui/widgets/widgets/app_alert.dart
DA:9,0
DA:16,0
DA:18,0
DA:19,0
DA:20,0
DA:21,0
DA:22,0
DA:23,0
DA:24,0
DA:26,0
DA:27,0
DA:28,0
DA:38,0
DA:43,0
DA:45,0
DA:46,0
DA:47,0
DA:48,0
DA:49,0
DA:50,0
DA:51,0
DA:52,0
DA:61,0
DA:62,0
DA:64,0
DA:67,0
DA:68,0
DA:70,0
DA:71,0
LF:29
LH:0
end_of_record
SF:lib/domain/services/get_it_dependencies/get_it_dependencies.dart
DA:16,0
DA:17,0
DA:18,0
DA:21,0
DA:22,0
DA:23,0
DA:27,0
DA:28,0
DA:29,0
DA:30,0
DA:32,0
DA:33,0
DA:34,0
DA:36,0
DA:37,0
DA:39,0
DA:40,0
DA:42,0
DA:43,0
DA:45,0
DA:46,0
DA:48,0
DA:49,0
DA:51,0
DA:52,0
DA:54,0
DA:55,0
DA:58,0
DA:59,0
DA:60,0
DA:61,0
DA:62,0
DA:63,0
DA:64,0
DA:65,0
DA:68,0
DA:69,0
DA:70,0
DA:72,0
DA:73,0
DA:75,0
DA:76,0
DA:78,0
DA:79,0
DA:80,0
DA:81,0
DA:82,0
DA:83,0
DA:84,0
DA:85,0
DA:86,0
DA:87,0
DA:88,0
DA:89,0
DA:90,0
DA:91,0
DA:92,0
DA:93,0
DA:94,0
DA:95,0
DA:96,0
DA:97,0
DA:98,0
DA:99,0
DA:100,0
DA:101,0
DA:102,0
DA:103,0
DA:104,0
DA:107,0
DA:108,0
DA:110,0
DA:111,0
DA:112,0
DA:113,0
DA:115,0
DA:116,0
LF:77
LH:0
end_of_record
SF:lib/domain/services/image_picker_service/image_picker_service_io.dart
DA:9,0
DA:11,0
DA:22,0
DA:23,0
DA:24,0
DA:25,0
DA:26,0
DA:27,0
DA:29,0
DA:32,0
DA:37,0
DA:38,0
DA:43,0
DA:44,0
DA:45,0
DA:46,0
DA:47,0
DA:48,0
DA:50,0
LF:19
LH:0
end_of_record
SF:lib/flutter_gen/gen_l10n/app_localizations_de.dart
DA:7,0
DA:9,0
DA:12,0
DA:15,0
DA:18,0
DA:21,0
DA:24,0
DA:27,0
DA:30,0
DA:33,0
DA:35,0
DA:36,0
DA:38,0
DA:40,0
DA:43,0
DA:45,0
DA:46,0
DA:48,0
DA:50,0
DA:53,0
DA:56,0
DA:59,0
DA:62,0
DA:65,0
DA:68,0
DA:71,0
DA:74,0
DA:77,0
DA:80,0
DA:83,0
DA:86,0
DA:89,0
DA:92,0
DA:95,0
DA:98,0
DA:101,0
DA:104,0
DA:107,0
DA:110,0
DA:113,0
DA:116,0
DA:119,0
DA:122,0
DA:125,0
DA:128,0
DA:131,0
DA:134,0
DA:137,0
DA:140,0
DA:143,0
DA:146,0
DA:149,0
DA:152,0
DA:155,0
DA:158,0
DA:161,0
DA:164,0
DA:167,0
DA:171,0
DA:174,0
DA:177,0
DA:180,0
DA:183,0
DA:186,0
DA:189,0
DA:192,0
DA:195,0
DA:198,0
DA:202,0
DA:205,0
DA:208,0
DA:211,0
DA:214,0
DA:217,0
DA:220,0
DA:223,0
DA:226,0
DA:229,0
DA:232,0
DA:235,0
DA:238,0
DA:241,0
DA:245,0
LF:83
LH:0
end_of_record
SF:lib/flutter_gen/gen_l10n/app_localizations_en.dart
DA:7,30
DA:9,0
DA:12,0
DA:15,0
DA:18,2
DA:21,1
DA:24,2
DA:27,2
DA:30,1
DA:33,2
DA:35,2
DA:36,2
DA:38,2
DA:40,2
DA:43,2
DA:45,2
DA:46,2
DA:48,2
DA:50,2
DA:53,2
DA:56,0
DA:59,0
DA:62,1
DA:65,0
DA:68,1
DA:71,2
DA:74,0
DA:77,1
DA:80,1
DA:83,1
DA:86,1
DA:89,1
DA:92,1
DA:95,0
DA:98,1
DA:101,1
DA:104,1
DA:107,1
DA:110,1
DA:113,1
DA:116,1
DA:119,1
DA:122,0
DA:125,1
DA:128,0
DA:131,0
DA:134,0
DA:137,0
DA:140,3
DA:143,2
DA:146,1
DA:149,1
DA:152,0
DA:155,3
DA:158,1
DA:161,1
DA:164,3
DA:167,0
DA:170,1
DA:173,1
DA:176,0
DA:179,0
DA:182,0
DA:185,1
DA:188,0
DA:191,0
DA:194,0
DA:197,0
DA:200,0
DA:203,0
DA:206,2
DA:209,0
DA:212,0
DA:215,1
DA:218,0
DA:221,0
DA:224,1
DA:227,1
DA:230,4
DA:233,1
DA:236,0
DA:239,0
DA:243,0
LF:83
LH:52
end_of_record
SF:lib/flutter_gen/gen_l10n/app_localizations_ru.dart
DA:7,0
DA:9,0
DA:12,0
DA:15,0
DA:18,0
DA:21,0
DA:24,0
DA:27,0
DA:30,0
DA:33,0
DA:35,0
DA:36,0
DA:38,0
DA:40,0
DA:43,0
DA:45,0
DA:46,0
DA:48,0
DA:50,0
DA:53,0
DA:56,0
DA:59,0
DA:62,0
DA:65,0
DA:68,0
DA:71,0
DA:74,0
DA:77,0
DA:80,0
DA:83,0
DA:86,0
DA:89,0
DA:92,0
DA:95,0
DA:98,0
DA:101,0
DA:104,0
DA:107,0
DA:110,0
DA:113,0
DA:116,0
DA:119,0
DA:122,0
DA:125,0
DA:128,0
DA:131,0
DA:134,0
DA:137,0
DA:140,0
DA:143,0
DA:146,0
DA:149,0
DA:152,0
DA:156,0
DA:159,0
DA:162,0
DA:165,0
DA:168,0
DA:171,0
DA:174,0
DA:177,0
DA:180,0
DA:183,0
DA:186,0
DA:189,0
DA:192,0
DA:195,0
DA:198,0
DA:202,0
DA:205,0
DA:208,0
DA:211,0
DA:214,0
DA:217,0
DA:220,0
DA:223,0
DA:226,0
DA:229,0
DA:232,0
DA:235,0
DA:238,0
DA:241,0
DA:244,0
LF:83
LH:0
end_of_record
SF:lib/ui/widgets/screens/album_detail_screen/album_detail_screen.dart
DA:13,1
DA:20,1
DA:21,1
DA:25,1
DA:27,1
DA:28,1
DA:31,0
DA:33,0
DA:34,0
DA:36,0
DA:39,1
DA:40,3
DA:41,3
DA:45,1
DA:47,1
DA:48,1
DA:49,1
DA:50,1
DA:53,1
DA:54,1
DA:55,2
DA:56,1
DA:57,1
DA:65,1
DA:74,1
DA:76,3
DA:77,3
DA:78,1
DA:80,2
DA:81,1
DA:82,2
DA:84,1
DA:85,2
DA:86,2
DA:87,2
DA:88,2
DA:89,1
DA:90,1
DA:91,2
DA:92,1
DA:94,4
LF:41
LH:37
end_of_record
SF:lib/ui/widgets/screens/album_detail_screen/content_widgets/app_bar_buttons.dart
DA:15,1
DA:23,1
DA:25,1
DA:26,3
DA:27,1
DA:28,1
DA:30,1
DA:31,1
DA:32,1
DA:34,2
DA:35,1
DA:36,1
DA:37,1
DA:38,1
DA:39,1
DA:40,1
DA:42,1
DA:51,1
DA:53,1
DA:55,3
DA:56,2
DA:57,2
DA:58,1
DA:60,3
DA:61,1
DA:63,1
DA:67,1
DA:68,1
DA:69,0
DA:70,1
DA:71,0
DA:72,2
DA:74,1
DA:82,0
DA:83,0
DA:84,0
DA:94,1
DA:100,1
DA:102,1
DA:104,1
DA:105,1
DA:106,1
DA:108,0
DA:109,1
DA:110,1
DA:112,0
DA:113,1
DA:114,1
DA:115,1
DA:116,1
DA:117,1
DA:118,1
DA:120,4
DA:130,1
DA:133,1
DA:134,1
DA:140,1
DA:142,1
DA:143,1
DA:144,1
DA:145,3
DA:147,0
DA:149,1
DA:150,1
DA:155,0
DA:156,0
DA:157,0
DA:158,0
DA:159,0
DA:161,0
DA:162,0
DA:163,0
DA:164,0
DA:165,0
DA:168,0
LF:75
LH:56
end_of_record
SF:lib/ui/widgets/screens/search_screen/bloc_loaded_state/search_section.dart
DA:15,2
DA:21,1
DA:23,1
DA:24,3
DA:25,2
DA:26,2
DA:32,1
DA:41,1
DA:43,1
DA:44,1
DA:45,2
DA:46,1
DA:47,1
DA:55,1
DA:62,1
DA:64,2
DA:65,1
DA:67,1
DA:69,1
DA:71,1
DA:72,2
DA:82,1
DA:83,1
DA:90,1
DA:96,1
DA:98,1
DA:100,1
DA:102,1
DA:103,3
DA:104,1
DA:108,1
DA:110,2
DA:111,1
DA:112,1
DA:114,1
DA:115,1
DA:116,1
DA:129,1
DA:132,1
DA:134,1
DA:136,1
DA:137,1
DA:138,1
DA:139,1
DA:141,1
DA:145,1
DA:146,0
DA:147,1
DA:148,1
DA:149,1
DA:150,1
DA:158,0
DA:159,0
DA:160,0
DA:161,0
DA:162,0
DA:163,0
LF:57
LH:50
end_of_record
SF:lib/ui/widgets/screens/album_detail_screen/content_widgets/create_background_image.dart
DA:7,1
DA:12,1
DA:14,4
DA:15,1
DA:16,1
DA:17,1
DA:23,1
DA:24,1
DA:25,1
DA:28,1
DA:30,1
DA:33,1
DA:35,1
DA:36,1
LF:14
LH:14
end_of_record
SF:lib/ui/widgets/screens/album_detail_screen/content_widgets/detail_album_list_view.dart
DA:10,1
DA:19,1
DA:21,3
DA:22,1
DA:24,4
DA:25,2
DA:26,3
DA:27,2
DA:28,1
DA:32,1
DA:33,1
DA:35,1
DA:41,1
DA:44,1
DA:45,1
DA:46,1
DA:47,1
DA:48,1
DA:49,1
DA:50,1
DA:55,1
DA:57,1
DA:58,1
DA:61,1
DA:62,1
DA:63,1
DA:71,1
DA:72,1
DA:73,1
DA:74,1
DA:79,1
DA:80,2
DA:94,1
DA:97,1
DA:99,2
DA:100,4
DA:101,1
DA:102,1
DA:103,1
DA:104,1
DA:105,1
DA:106,1
DA:110,0
DA:111,0
DA:112,0
DA:113,0
DA:116,0
DA:117,0
DA:120,1
DA:121,1
DA:124,1
DA:125,0
DA:126,0
DA:127,0
DA:128,0
DA:129,0
DA:131,1
DA:137,0
DA:138,0
DA:140,0
DA:145,1
DA:155,1
DA:157,1
DA:158,1
DA:159,1
DA:160,4
DA:161,5
DA:162,4
DA:163,4
DA:164,1
DA:168,1
DA:169,0
LF:72
LH:57
end_of_record
SF:lib/ui/widgets/screens/album_detail_screen/content_widgets/no_data_widget.dart
DA:6,144
DA:10,2
DA:12,2
DA:13,2
DA:14,2
DA:17,2
DA:18,2
DA:20,2
DA:23,0
DA:24,0
DA:27,2
DA:28,10
DA:30,2
DA:31,2
DA:32,4
LF:15
LH:13
end_of_record
SF:lib/ui/widgets/screens/detail_music_screen/content_widgets/create_slider_section.dart
DA:11,1
DA:13,1
DA:14,1
DA:23,1
DA:25,1
DA:28,1
DA:30,2
DA:31,1
DA:32,4
DA:33,1
DA:34,2
DA:35,1
DA:40,1
DA:43,2
DA:44,1
DA:47,1
DA:49,3
DA:50,3
DA:51,1
DA:53,1
DA:54,4
DA:60,1
DA:61,2
DA:62,1
DA:64,1
DA:65,1
DA:69,0
DA:70,0
DA:73,6
DA:83,0
DA:84,0
DA:85,0
DA:86,0
DA:88,0
DA:89,0
DA:90,0
DA:93,1
DA:94,2
DA:95,1
DA:96,2
DA:97,2
DA:98,1
LF:42
LH:33
end_of_record
SF:lib/ui/widgets/screens/detail_music_screen/content_widgets/create_title_section.dart
DA:9,1
DA:12,1
DA:14,1
DA:16,1
DA:17,1
DA:19,1
DA:20,0
DA:21,1
DA:22,2
DA:23,2
DA:26,1
DA:27,2
DA:28,3
DA:29,2
DA:30,2
DA:31,2
LF:16
LH:15
end_of_record
SF:lib/ui/widgets/screens/detail_music_screen/content_widgets/music_control_section.dart
DA:11,1
DA:13,1
DA:15,1
DA:19,1
DA:22,7
DA:23,1
DA:25,1
DA:26,1
DA:29,1
DA:30,0
DA:31,2
DA:32,1
DA:35,1
DA:36,0
DA:43,1
DA:51,1
DA:53,4
DA:54,1
DA:55,1
DA:56,1
DA:57,1
DA:58,1
DA:61,1
DA:62,0
DA:63,0
DA:64,0
DA:70,2
DA:74,1
DA:75,1
DA:76,1
DA:79,1
DA:80,0
DA:81,0
DA:82,0
LF:34
LH:26
end_of_record
SF:lib/ui/widgets/screens/detail_music_screen/web/content_widgets/music_control_section.dart
DA:12,1
DA:18,1
DA:20,3
DA:21,1
DA:22,1
DA:23,1
DA:24,1
DA:26,1
DA:27,1
DA:35,1
DA:44,1
DA:46,1
DA:48,1
DA:49,1
DA:50,1
DA:51,2
DA:52,1
DA:53,2
DA:54,2
DA:55,2
DA:56,1
DA:59,1
DA:60,0
DA:74,1
DA:81,1
DA:83,1
DA:84,1
DA:90,1
DA:92,1
DA:93,1
DA:94,1
DA:95,3
DA:97,0
DA:99,1
DA:100,0
DA:101,0
DA:102,0
DA:103,0
DA:105,0
DA:106,0
DA:107,0
DA:108,0
DA:109,0
DA:111,0
DA:113,1
LF:45
LH:33
end_of_record
SF:lib/ui/widgets/screens/detail_music_screen/web/content_widgets/volume_slider.dart
DA:5,48
DA:7,1
DA:9,1
DA:10,1
DA:11,1
DA:12,0
DA:15,1
DA:17,1
DA:18,4
DA:19,1
DA:20,1
DA:22,1
DA:25,0
LF:13
LH:11
end_of_record
SF:lib/ui/widgets/screens/detail_music_screen/web/inactive_web_detail.dart
DA:6,48
DA:8,2
DA:10,2
DA:11,2
DA:31,48
DA:33,2
DA:35,2
DA:37,2
DA:51,2
DA:52,2
DA:53,2
DA:57,6
DA:84,48
DA:86,2
DA:88,2
DA:89,2
DA:96,2
DA:97,8
LF:18
LH:18
end_of_record
SF:lib/ui/widgets/screens/detail_music_screen/mobile/detail_music_screen.dart
DA:13,1
DA:15,1
DA:16,1
DA:20,1
DA:22,1
DA:23,3
DA:24,3
DA:28,1
DA:30,1
DA:31,1
DA:32,1
DA:33,1
DA:34,1
DA:37,1
DA:38,3
DA:44,1
DA:53,1
DA:55,1
DA:56,1
DA:57,1
DA:58,1
DA:59,0
DA:60,0
DA:61,0
DA:64,1
DA:65,2
DA:66,1
DA:77,1
DA:79,1
DA:81,3
DA:82,3
DA:83,1
DA:84,1
DA:85,1
DA:86,1
DA:87,1
DA:88,4
DA:89,1
DA:91,1
DA:92,1
DA:93,1
DA:94,1
DA:96,1
DA:97,1
DA:99,1
DA:100,1
DA:114,1
DA:124,1
DA:126,1
DA:127,1
DA:128,3
DA:129,3
DA:131,1
DA:132,2
DA:133,4
DA:134,2
DA:135,1
DA:136,2
DA:140,0
LF:59
LH:55
end_of_record
SF:lib/ui/widgets/screens/detail_music_screen/web/web_detail.dart
DA:12,49
DA:14,2
DA:15,2
DA:19,2
DA:21,4
DA:22,8
DA:23,2
DA:24,6
DA:27,2
DA:28,3
DA:30,3
DA:38,2
DA:40,1
DA:42,1
DA:43,1
DA:44,1
DA:45,1
DA:46,1
DA:49,1
DA:50,3
DA:59,1
DA:61,1
DA:63,1
DA:64,1
DA:65,1
DA:66,1
DA:67,3
DA:68,1
DA:69,3
DA:70,1
DA:71,3
DA:72,1
DA:73,3
DA:80,1
DA:89,1
DA:91,1
DA:92,2
DA:96,2
DA:97,3
DA:105,1
DA:114,1
DA:116,2
DA:117,2
DA:119,2
DA:120,3
DA:127,1
DA:137,1
DA:139,2
DA:140,1
DA:143,1
DA:144,2
DA:145,1
DA:146,2
DA:147,2
DA:152,2
DA:153,3
DA:160,1
DA:170,1
DA:172,2
DA:173,1
DA:176,1
DA:177,2
DA:178,1
DA:179,2
DA:180,2
DA:185,1
DA:186,1
DA:188,3
DA:195,1
DA:201,1
DA:203,1
DA:205,1
DA:207,1
DA:210,2
DA:211,1
DA:212,2
DA:216,0
LF:77
LH:76
end_of_record
SF:lib/ui/widgets/screens/home_screen/content_widgets/best_album_list.dart
DA:12,49
DA:13,1
DA:15,2
DA:16,1
DA:17,1
DA:18,1
DA:21,3
DA:29,1
DA:30,1
DA:32,3
DA:33,3
DA:35,1
DA:36,2
DA:40,4
DA:41,1
DA:42,3
DA:43,3
DA:44,3
DA:45,3
DA:48,2
DA:53,1
DA:56,5
DA:57,1
DA:58,1
DA:59,3
DA:60,3
DA:61,3
DA:62,3
DA:63,1
DA:75,2
DA:81,2
DA:83,2
DA:84,1
DA:85,3
DA:86,4
DA:87,4
DA:88,1
DA:90,2
DA:92,2
DA:93,2
DA:94,2
DA:99,4
DA:100,4
DA:102,6
DA:111,2
DA:119,2
DA:121,2
DA:122,2
DA:124,2
DA:127,2
DA:128,2
DA:129,4
DA:130,2
DA:132,2
DA:133,2
DA:141,2
DA:142,6
DA:160,2
DA:166,2
DA:168,6
DA:169,2
DA:173,2
DA:174,2
DA:175,2
DA:176,2
DA:179,2
DA:180,2
DA:188,48
DA:190,2
DA:192,2
DA:193,4
DA:194,2
DA:195,2
DA:197,0
DA:198,2
DA:199,2
LF:76
LH:75
end_of_record
SF:lib/ui/widgets/screens/home_screen/content_widgets/favorite_artist_list.dart
DA:9,49
DA:13,1
DA:15,1
DA:16,2
DA:17,1
DA:18,1
DA:19,1
DA:20,1
DA:21,1
DA:24,3
DA:31,1
DA:38,1
DA:39,1
DA:48,1
DA:50,1
DA:52,2
DA:53,0
DA:54,0
DA:55,0
DA:56,0
DA:61,1
DA:63,2
DA:64,1
DA:67,1
DA:69,2
DA:70,2
DA:71,1
DA:72,1
DA:74,5
DA:75,1
DA:76,4
DA:77,4
DA:80,1
DA:85,1
DA:86,1
DA:87,1
DA:88,1
DA:97,2
DA:106,2
DA:108,2
DA:110,4
DA:111,2
DA:115,2
DA:116,2
DA:117,4
DA:118,2
DA:125,4
DA:130,2
DA:134,2
DA:135,2
DA:136,6
DA:137,2
LF:52
LH:48
end_of_record
SF:lib/ui/widgets/screens/home_screen/content_widgets/recently_played_list.dart
DA:12,49
DA:16,1
DA:18,1
DA:19,2
DA:20,1
DA:21,1
DA:22,1
DA:23,1
DA:24,1
DA:27,2
DA:28,2
DA:29,2
DA:30,2
DA:31,1
DA:41,2
DA:46,1
DA:47,1
DA:56,1
DA:58,1
DA:59,2
DA:60,2
DA:61,0
DA:62,0
DA:63,0
DA:64,0
DA:69,1
DA:71,2
DA:72,1
DA:75,1
DA:77,2
DA:78,1
DA:79,1
DA:80,1
DA:82,1
DA:83,5
DA:84,2
DA:85,1
DA:86,4
DA:88,4
DA:89,4
DA:90,4
DA:91,4
DA:95,1
DA:100,1
DA:101,1
DA:102,1
DA:103,1
DA:115,2
DA:120,0
DA:122,0
DA:126,0
DA:127,0
DA:130,0
DA:131,0
DA:132,0
DA:136,0
DA:137,0
DA:140,0
DA:141,0
DA:142,0
DA:143,0
DA:144,0
DA:145,0
DA:146,0
DA:148,0
DA:165,2
DA:174,2
DA:176,6
DA:178,2
DA:180,4
DA:181,2
DA:182,2
DA:183,4
DA:184,6
DA:190,2
DA:194,2
DA:195,2
DA:196,2
DA:197,6
DA:209,2
DA:219,2
DA:221,2
DA:224,2
DA:225,2
DA:226,0
DA:227,0
DA:231,2
DA:233,2
DA:234,0
DA:235,2
DA:241,0
DA:242,0
DA:243,0
DA:248,2
DA:253,2
DA:255,2
DA:259,2
DA:260,2
DA:261,2
DA:262,2
DA:269,4
LF:101
LH:74
end_of_record
SF:lib/ui/widgets/screens/home_screen/home_screen.dart
DA:11,0
DA:13,0
DA:14,0
DA:18,0
DA:20,0
DA:21,0
DA:22,0
DA:25,0
DA:27,0
DA:28,0
DA:29,0
DA:32,0
DA:33,0
DA:35,0
DA:36,0
DA:37,0
DA:39,0
DA:40,0
DA:41,0
DA:45,0
DA:51,0
DA:52,0
DA:58,0
DA:60,0
DA:61,0
DA:62,0
DA:63,0
DA:67,0
DA:68,0
DA:69,0
DA:70,0
DA:71,0
DA:75,0
DA:77,0
DA:78,0
DA:81,0
DA:83,0
DA:84,0
DA:85,0
DA:86,0
DA:88,0
DA:90,0
DA:91,0
DA:92,0
DA:96,0
DA:97,0
DA:101,0
DA:104,0
DA:105,0
DA:106,0
DA:107,0
DA:108,0
DA:112,0
DA:115,0
DA:122,0
DA:124,0
DA:126,0
DA:127,0
DA:129,0
DA:130,0
DA:131,0
DA:134,0
DA:138,0
DA:139,0
DA:154,0
DA:156,0
DA:157,0
DA:159,0
DA:160,0
DA:162,0
DA:166,0
DA:167,0
DA:179,0
DA:181,0
DA:183,0
DA:184,0
DA:186,0
DA:187,0
LF:78
LH:0
end_of_record
SF:lib/ui/widgets/screens/log_pages/widgets/sign_methods.dart
DA:9,2
DA:10,2
DA:12,2
DA:15,2
DA:16,4
DA:30,48
DA:32,2
DA:34,2
DA:37,2
DA:39,2
DA:47,48
DA:49,2
DA:51,2
DA:54,2
DA:62,2
DA:68,2
DA:70,2
DA:71,2
DA:72,2
DA:75,2
LF:20
LH:20
end_of_record
SF:lib/ui/widgets/screens/my_music_screens/my_music_folders/albums_tracks_list.dart
DA:10,48
DA:12,2
DA:14,2
DA:15,2
DA:16,6
DA:17,2
DA:19,2
DA:21,2
DA:22,2
DA:23,2
DA:24,0
DA:25,0
DA:26,0
DA:28,0
DA:31,2
DA:38,2
DA:39,2
DA:40,2
DA:42,4
DA:44,2
DA:46,4
LF:21
LH:17
end_of_record
SF:lib/ui/widgets/screens/my_music_screens/widgets/playlist_card.dart
DA:7,2
DA:10,2
DA:12,6
DA:13,4
DA:14,2
DA:16,4
DA:18,4
DA:19,2
DA:20,2
DA:21,2
DA:23,2
DA:24,2
DA:25,2
DA:28,10
DA:31,2
DA:32,8
LF:16
LH:16
end_of_record
SF:lib/ui/widgets/screens/my_music_screens/my_music_folders/my_favorite_album.dart
DA:12,1
DA:16,1
DA:18,1
DA:19,1
DA:20,1
DA:21,1
DA:22,1
DA:23,1
DA:24,1
DA:26,1
DA:27,3
DA:35,1
DA:40,1
DA:42,1
DA:43,2
DA:44,0
DA:46,1
DA:47,2
DA:48,1
DA:49,1
DA:50,1
DA:51,2
DA:53,0
DA:54,1
DA:55,1
DA:59,1
DA:60,1
DA:62,1
DA:63,1
DA:64,1
DA:72,1
DA:73,3
DA:74,3
DA:75,1
DA:76,1
DA:79,0
DA:80,0
DA:81,0
LF:38
LH:33
end_of_record
SF:lib/ui/widgets/screens/my_music_screens/my_music_folders/widgets/common_favourite_list_biew_body.dart
DA:6,1
DA:14,1
DA:23,1
DA:25,1
DA:26,1
DA:27,1
DA:28,3
DA:30,1
DA:33,2
DA:34,2
DA:36,0
DA:37,0
DA:39,1
LF:13
LH:11
end_of_record
SF:lib/ui/widgets/screens/my_music_screens/my_music_folders/my_favorite_songs.dart
DA:14,1
DA:18,1
DA:20,1
DA:21,1
DA:22,1
DA:23,1
DA:24,1
DA:25,1
DA:26,1
DA:28,1
DA:29,3
DA:37,1
DA:39,1
DA:41,1
DA:42,2
DA:43,0
DA:45,1
DA:46,2
DA:47,1
DA:48,1
DA:49,1
DA:50,1
DA:51,1
DA:52,2
DA:63,1
DA:69,1
DA:71,1
DA:72,0
DA:73,0
DA:74,0
DA:76,1
DA:77,2
DA:79,1
DA:80,6
DA:82,1
DA:83,1
DA:84,1
DA:88,1
DA:89,2
DA:91,1
DA:92,2
DA:93,2
DA:102,1
DA:108,0
DA:110,0
DA:111,0
DA:112,0
DA:113,0
DA:116,0
DA:117,0
LF:50
LH:39
end_of_record
SF:lib/ui/widgets/screens/my_music_screens/my_music_folders/widgets/favorite_list_content.dart
DA:8,1
DA:15,1
DA:17,1
DA:21,1
DA:22,1
DA:24,1
DA:27,1
DA:28,1
DA:29,1
DA:30,2
DA:31,1
DA:35,1
DA:36,1
DA:38,1
DA:39,2
DA:40,2
DA:47,1
DA:49,1
DA:50,0
DA:58,1
DA:64,1
DA:66,2
DA:67,2
DA:68,1
DA:69,1
DA:70,1
DA:72,1
DA:73,3
DA:74,1
DA:75,1
DA:76,1
DA:77,1
DA:78,1
DA:79,3
DA:83,1
DA:88,3
DA:89,2
DA:90,1
DA:99,1
DA:104,1
DA:106,2
DA:108,8
DA:109,1
DA:110,1
DA:111,1
DA:112,2
DA:113,1
DA:114,1
DA:115,2
DA:117,1
DA:118,2
DA:119,2
DA:120,1
DA:127,1
DA:128,1
DA:130,6
DA:131,2
LF:57
LH:56
end_of_record
SF:lib/ui/widgets/screens/my_music_screens/my_music_folders/widgets/screen_main_structure.dart
DA:10,2
DA:12,1
DA:14,1
DA:15,1
DA:16,1
DA:17,1
DA:18,1
DA:19,1
DA:21,0
DA:22,0
DA:24,1
DA:25,1
DA:27,1
DA:28,2
DA:30,1
DA:31,1
DA:32,1
DA:33,1
DA:34,1
DA:35,1
DA:37,1
DA:38,1
DA:40,1
DA:41,1
DA:42,1
DA:43,1
DA:47,2
DA:55,0
DA:61,0
DA:63,0
DA:68,144
DA:72,1
DA:74,1
DA:75,1
DA:76,2
DA:77,1
DA:78,1
LF:37
LH:32
end_of_record
SF:lib/ui/widgets/screens/my_music_screens/my_music_screen.dart
DA:13,49
DA:15,2
DA:16,2
DA:20,2
DA:22,2
DA:23,2
DA:24,2
DA:25,2
DA:27,2
DA:28,2
DA:30,2
DA:31,4
DA:32,6
DA:35,2
DA:37,2
DA:38,0
DA:39,2
DA:40,2
DA:42,2
DA:43,2
DA:47,1
DA:50,2
DA:51,2
DA:52,2
DA:54,2
DA:55,0
DA:56,0
DA:58,2
DA:63,2
DA:66,2
DA:74,48
DA:76,2
DA:78,2
DA:79,2
DA:81,2
DA:83,2
DA:84,2
DA:85,4
DA:103,48
DA:105,0
LF:40
LH:36
end_of_record
SF:lib/ui/widgets/screens/my_music_screens/new_playlist/new_folder.dart
DA:12,48
DA:14,1
DA:15,1
DA:20,1
DA:22,1
DA:23,2
DA:26,1
DA:28,2
DA:29,1
DA:32,1
DA:34,1
DA:35,2
DA:36,2
DA:37,1
DA:39,1
DA:40,1
DA:41,1
DA:42,1
DA:43,3
DA:44,4
DA:45,1
DA:49,1
DA:50,1
DA:51,2
DA:52,1
DA:53,1
DA:60,1
DA:62,1
DA:63,1
DA:68,1
DA:71,1
DA:72,1
DA:73,1
DA:76,1
DA:77,1
DA:78,1
DA:81,1
DA:83,1
DA:95,1
DA:101,1
DA:103,1
DA:104,1
DA:105,1
DA:106,0
DA:107,1
DA:108,2
DA:109,1
DA:110,1
DA:117,0
DA:118,0
DA:119,0
DA:121,0
DA:122,0
DA:123,0
DA:125,0
DA:129,0
DA:130,0
DA:131,0
DA:132,0
DA:133,0
DA:138,0
DA:139,0
DA:141,0
DA:142,0
DA:149,1
DA:155,1
DA:157,1
DA:158,1
DA:159,1
DA:160,1
DA:161,1
DA:162,2
DA:167,2
LF:73
LH:56
end_of_record
SF:lib/ui/widgets/screens/my_music_screens/new_playlist/new_playlist_list.dart
DA:11,48
DA:13,2
DA:15,2
DA:16,2
DA:17,2
DA:18,2
DA:19,2
DA:20,1
DA:29,1
DA:34,1
DA:36,2
DA:37,3
DA:38,1
DA:39,4
DA:40,1
DA:42,2
DA:44,1
DA:45,1
DA:46,0
DA:47,0
DA:49,2
LF:21
LH:19
end_of_record
SF:lib/ui/widgets/screens/search_screen/bloc_empty_state/mobile/recently_searched_list.dart
DA:13,1
DA:18,1
DA:20,1
DA:21,1
DA:22,1
DA:23,0
DA:25,0
DA:26,1
DA:27,3
DA:35,1
DA:39,1
DA:44,1
DA:45,1
DA:46,2
DA:47,2
DA:48,1
DA:49,1
DA:52,6
DA:53,1
DA:56,2
DA:57,0
DA:58,1
DA:59,2
DA:61,1
DA:62,0
DA:63,0
DA:64,0
DA:65,0
DA:67,1
DA:69,1
DA:70,1
DA:72,1
DA:73,1
DA:74,1
DA:85,1
DA:93,1
DA:95,1
DA:97,1
DA:98,1
DA:99,1
DA:100,1
DA:101,1
DA:102,1
DA:103,2
DA:113,0
DA:119,0
DA:122,0
DA:123,0
DA:124,0
DA:125,0
DA:126,0
DA:127,0
DA:129,0
DA:132,0
DA:136,0
DA:137,0
DA:138,0
DA:139,0
LF:58
LH:37
end_of_record
SF:lib/ui/widgets/screens/search_screen/bloc_empty_state/mobile/recently_searched_section.dart
DA:10,48
DA:12,1
DA:14,2
DA:18,1
DA:20,1
DA:21,2
DA:22,3
DA:25,1
DA:26,1
DA:28,3
DA:29,1
DA:30,1
DA:31,2
DA:37,4
DA:38,1
DA:39,1
DA:40,0
DA:41,0
DA:42,0
DA:44,1
DA:45,2
DA:46,1
DA:47,1
LF:23
LH:20
end_of_record
SF:lib/ui/widgets/screens/search_screen/bloc_empty_state/web/bloc_empty_state.dart
DA:8,49
DA:12,1
DA:13,1
DA:17,1
DA:19,1
DA:20,3
DA:23,1
DA:25,1
DA:26,1
DA:27,1
DA:28,1
DA:30,1
DA:31,1
LF:13
LH:13
end_of_record
SF:lib/ui/widgets/screens/search_screen/bloc_empty_state/web/genres_section/create_genres_section.dart
DA:9,48
DA:11,1
DA:13,1
DA:15,1
DA:16,1
DA:18,1
DA:19,2
DA:36,48
DA:38,1
DA:39,1
DA:43,1
DA:45,1
DA:46,4
DA:49,1
DA:51,1
DA:52,1
DA:53,1
DA:54,1
DA:55,1
DA:58,2
DA:59,1
DA:68,1
DA:75,1
DA:77,3
DA:78,1
DA:79,1
DA:80,1
DA:82,1
DA:88,1
DA:90,5
DA:91,1
DA:92,1
DA:93,0
DA:94,2
DA:95,1
DA:96,3
DA:97,3
DA:102,1
DA:110,2
DA:121,2
DA:123,2
DA:124,2
DA:126,4
DA:127,4
DA:128,4
DA:129,4
DA:136,2
DA:142,2
DA:144,2
DA:145,2
DA:147,2
DA:148,2
DA:149,2
DA:166,2
DA:172,2
DA:174,2
DA:175,2
DA:176,2
DA:177,2
DA:178,0
DA:179,4
DA:180,2
DA:188,2
DA:194,2
DA:196,2
DA:197,2
DA:198,2
DA:200,2
DA:201,2
LF:69
LH:67
end_of_record
SF:lib/ui/widgets/screens/search_screen/bloc_empty_state/web/recently_searched_section/create_recently_searched_section.dart
DA:7,48
DA:9,1
DA:11,1
DA:13,1
DA:15,1
DA:16,1
DA:18,1
DA:19,2
DA:30,1
DA:31,3
LF:10
LH:10
end_of_record
SF:lib/ui/widgets/widgets/fading_indicator.dart
DA:6,576
DA:9,0
DA:11,8
DA:13,8
DA:24,8
DA:26,8
DA:27,8
DA:28,8
DA:29,8
DA:36,8
DA:38,16
DA:39,8
DA:42,8
DA:44,8
DA:45,8
DA:46,24
DA:47,8
DA:48,16
DA:49,24
DA:51,8
DA:54,8
DA:56,40
DA:57,8
DA:59,8
DA:60,8
DA:63,8
DA:64,16
DA:65,8
DA:66,32
DA:67,8
DA:79,8
DA:88,8
DA:92,8
DA:96,8
DA:98,64
DA:105,8
DA:106,16
LF:37
LH:36
end_of_record
SF:lib/ui/widgets/screens/search_screen/bloc_empty_state/web/recently_searched_section/recently_searched_list_view.dart
DA:12,1
DA:17,1
DA:19,1
DA:20,1
DA:21,1
DA:22,1
DA:23,2
DA:25,0
DA:33,1
DA:38,1
DA:40,1
DA:50,1
DA:52,1
DA:54,2
DA:55,0
DA:56,0
DA:57,0
DA:58,0
DA:63,1
DA:65,2
DA:66,1
DA:69,1
DA:71,2
DA:72,1
DA:73,1
DA:74,1
DA:76,1
DA:77,2
DA:78,1
DA:81,1
DA:86,1
DA:88,1
DA:89,1
DA:90,1
DA:99,1
DA:108,1
DA:111,1
DA:112,2
DA:114,1
DA:115,1
DA:116,2
DA:117,1
DA:118,2
DA:119,0
DA:120,0
DA:121,0
DA:122,0
DA:123,0
DA:124,0
DA:125,0
DA:126,0
DA:128,0
DA:131,1
DA:141,1
DA:149,1
DA:151,1
DA:153,2
DA:154,1
DA:155,1
DA:156,2
DA:157,1
DA:158,1
DA:159,1
DA:170,1
DA:176,1
DA:178,1
DA:180,1
DA:181,1
DA:182,1
DA:183,1
DA:184,1
DA:185,1
DA:187,1
DA:188,3
DA:189,0
DA:190,1
DA:191,1
DA:194,1
DA:195,2
DA:201,1
DA:202,2
DA:203,2
DA:212,1
DA:220,1
DA:222,1
DA:225,1
DA:226,1
DA:227,0
DA:228,0
DA:229,0
DA:233,1
DA:235,2
DA:243,0
DA:247,0
DA:249,0
DA:251,0
DA:252,0
DA:254,0
DA:256,0
DA:257,0
DA:262,0
DA:263,0
DA:264,0
DA:265,0
DA:266,0
DA:267,0
DA:269,0
DA:272,0
LF:108
LH:74
end_of_record
SF:lib/ui/widgets/screens/search_screen/bloc_loaded_state/search_result_list.dart
DA:11,2
DA:17,2
DA:22,6
DA:23,2
DA:25,2
DA:26,2
DA:27,2
DA:28,2
DA:30,10
DA:33,2
DA:37,8
DA:38,4
DA:39,4
DA:40,2
DA:41,0
DA:42,2
DA:44,2
DA:45,2
DA:47,2
DA:48,4
DA:49,2
DA:61,0
DA:62,0
DA:63,0
DA:64,0
DA:65,0
DA:66,0
DA:68,0
DA:69,0
DA:70,0
DA:71,0
DA:72,0
DA:73,0
DA:74,0
DA:75,0
DA:79,0
DA:80,0
DA:81,0
DA:82,0
DA:83,0
DA:84,0
DA:85,0
DA:87,0
DA:89,0
DA:90,0
DA:91,0
DA:92,0
DA:93,0
DA:94,0
DA:95,0
DA:96,0
DA:105,2
DA:114,2
DA:116,2
DA:117,2
DA:118,2
DA:119,2
DA:120,8
DA:121,4
DA:123,2
DA:128,4
DA:129,3
DA:130,1
DA:131,1
DA:132,1
DA:134,2
DA:144,1
DA:147,1
DA:149,5
DA:150,1
DA:151,1
DA:152,1
DA:153,1
DA:154,1
DA:155,2
DA:156,1
DA:160,2
DA:166,1
DA:167,1
DA:168,1
DA:169,1
DA:170,1
DA:171,2
DA:172,2
DA:173,3
DA:174,3
DA:175,2
DA:176,3
LF:88
LH:57
end_of_record
SF:lib/ui/widgets/screens/search_screen/search_screen.dart
DA:13,1
DA:15,1
DA:16,1
DA:20,2
DA:21,0
DA:22,1
DA:23,1
DA:26,1
DA:28,1
DA:29,1
DA:30,1
DA:31,1
DA:34,1
DA:35,2
DA:36,0
DA:40,1
DA:41,2
DA:42,0
DA:43,0
DA:44,0
DA:45,0
DA:49,1
DA:50,2
DA:51,0
DA:52,0
DA:53,0
DA:54,0
DA:55,0
DA:56,0
DA:62,1
DA:64,2
DA:65,2
DA:66,2
DA:68,1
DA:71,1
DA:73,1
DA:74,1
DA:75,1
DA:76,1
DA:77,1
DA:78,1
DA:79,1
DA:80,3
DA:81,1
DA:83,1
DA:84,1
DA:85,1
DA:86,1
DA:87,1
DA:90,1
DA:91,1
DA:92,1
DA:94,1
DA:96,0
DA:97,2
DA:98,1
DA:99,1
DA:100,1
DA:101,1
DA:104,1
DA:105,1
DA:108,1
DA:110,0
DA:112,2
DA:114,2
DA:116,1
DA:133,1
DA:138,1
DA:140,1
DA:142,1
DA:143,1
DA:145,2
DA:147,2
DA:148,1
DA:149,3
DA:152,1
DA:153,1
DA:154,3
DA:155,0
DA:156,0
DA:157,0
LF:81
LH:64
end_of_record
SF:lib/ui/widgets/screens/tab_bar/tab_bars/ipad_tab.dart
DA:9,1
DA:14,1
DA:16,1
DA:17,1
DA:18,1
DA:19,1
DA:20,1
DA:21,0
DA:22,0
DA:23,1
DA:24,1
DA:27,1
DA:29,1
DA:31,1
DA:33,1
DA:41,0
DA:42,0
DA:45,1
DA:46,1
DA:47,1
DA:48,2
DA:49,1
DA:50,1
DA:51,2
LF:24
LH:20
end_of_record
SF:lib/ui/widgets/screens/tab_bar/tab_bars/mobile_tab.dart
DA:8,1
DA:13,1
DA:15,1
DA:16,1
DA:19,1
DA:20,1
DA:21,1
DA:22,2
DA:23,2
DA:25,1
DA:26,0
DA:27,1
DA:28,1
DA:32,2
DA:38,1
DA:42,2
DA:48,0
DA:49,0
LF:18
LH:15
end_of_record
SF:lib/ui/widgets/screens/tab_bar/tab_bars/web_tab.dart
DA:15,1
DA:17,1
DA:18,1
DA:23,1
DA:25,3
DA:26,1
DA:27,1
DA:28,2
DA:29,1
DA:30,3
DA:31,2
DA:32,1
DA:33,1
DA:34,2
DA:35,1
DA:36,1
DA:38,1
DA:39,1
DA:40,1
DA:41,2
DA:49,1
DA:51,2
DA:52,1
DA:53,0
DA:62,1
DA:68,1
DA:70,1
DA:71,4
DA:72,4
DA:73,4
DA:74,1
DA:75,1
DA:76,1
DA:77,1
DA:79,1
DA:81,1
DA:82,1
DA:84,1
DA:85,1
DA:86,1
DA:88,1
DA:89,2
DA:90,0
DA:91,0
DA:92,1
DA:97,1
DA:98,1
DA:100,1
DA:101,1
DA:111,1
DA:112,1
DA:113,1
DA:114,2
DA:115,1
DA:116,2
DA:120,0
DA:121,0
LF:57
LH:52
end_of_record
SF:lib/ui/widgets/screens/tab_bar/tab_bar_content.dart
DA:11,1
DA:16,1
DA:18,2
DA:19,1
DA:20,0
DA:21,0
DA:23,0
DA:24,0
DA:26,0
DA:27,0
DA:28,0
DA:29,0
DA:30,0
DA:32,0
DA:33,0
DA:34,0
DA:35,0
DA:37,0
DA:41,0
DA:43,1
DA:44,2
DA:45,1
DA:46,1
DA:47,2
DA:48,3
DA:50,1
LF:26
LH:11
end_of_record
SF:lib/ui/widgets/widgets/create_scroll_buttons.dart
DA:5,3
DA:19,3
DA:21,3
DA:23,3
DA:24,3
DA:25,0
DA:28,0
DA:29,0
DA:31,0
DA:32,0
DA:33,0
DA:34,0
DA:41,3
DA:42,3
DA:43,0
DA:46,0
DA:47,0
DA:49,0
DA:50,0
DA:51,0
DA:52,0
LF:21
LH:7
end_of_record
SF:lib/ui/widgets/widgets/custom_buttons/app_main_custom_button.dart
DA:9,4
DA:15,4
DA:16,4
DA:18,4
DA:19,4
DA:21,4
DA:22,4
DA:23,4
DA:26,4
DA:27,4
DA:31,4
DA:32,4
DA:33,4
DA:34,4
DA:35,4
DA:36,4
LF:16
LH:16
end_of_record
SF:lib/ui/widgets/widgets/ui_properties.dart
DA:6,20
DA:8,20
DA:10,19
DA:12,18
DA:14,18
LF:5
LH:5
end_of_record
SF:lib/ui/widgets/widgets/custom_buttons/custom_like_button.dart
DA:8,2
DA:14,2
DA:15,2
DA:20,4
DA:26,2
DA:28,2
DA:29,0
DA:30,0
DA:31,0
DA:33,2
DA:34,4
DA:35,4
DA:37,4
DA:38,0
DA:41,0
DA:43,2
DA:45,2
DA:52,2
DA:54,4
DA:55,2
LF:20
LH:15
end_of_record
SF:lib/ui/widgets/widgets/custom_buttons/custom_play_button.dart
DA:5,6
DA:18,6
DA:19,6
DA:24,12
DA:30,6
DA:32,12
DA:33,6
DA:36,6
DA:38,6
DA:39,2
DA:40,4
DA:41,6
DA:43,6
DA:45,6
DA:46,12
DA:47,12
DA:49,12
DA:50,6
DA:51,12
DA:52,12
DA:53,6
DA:54,12
DA:55,12
LF:23
LH:23
end_of_record
SF:lib/ui/widgets/widgets/responsive_widgets/hovered_widget.dart
DA:7,13
DA:12,13
DA:13,13
DA:18,13
DA:20,13
DA:21,13
DA:22,2
DA:23,4
DA:24,2
DA:27,0
DA:28,0
DA:29,0
DA:32,78
LF:13
LH:10
end_of_record
SF:lib/ui/widgets/widgets/custom_buttons/like_buton_widget.dart
DA:15,2
DA:22,2
DA:24,2
DA:25,2
DA:31,2
DA:33,2
DA:34,2
DA:35,2
DA:36,6
DA:38,2
DA:39,0
DA:40,0
DA:41,0
DA:42,0
DA:44,0
DA:45,0
DA:46,0
DA:47,0
DA:48,0
DA:50,0
DA:52,2
LF:21
LH:11
end_of_record
SF:lib/ui/widgets/widgets/custom_buttons/platform_response_button.dart
DA:9,56
DA:17,8
DA:19,8
DA:20,8
DA:21,8
DA:22,8
DA:23,8
DA:25,8
LF:8
LH:8
end_of_record
SF:lib/ui/widgets/widgets/custom_buttons/play_pause_button.dart
DA:14,4
DA:22,4
DA:24,8
DA:25,4
DA:26,1
DA:27,3
DA:28,1
DA:31,4
DA:32,0
DA:33,8
DA:35,10
DA:40,1
DA:41,1
DA:42,2
DA:43,3
DA:45,0
DA:46,0
DA:51,0
DA:52,0
DA:53,0
DA:54,0
DA:57,0
LF:22
LH:14
end_of_record
SF:lib/ui/widgets/widgets/custom_containers_widgets/animated_container.dart
DA:5,97
DA:9,2
DA:11,2
DA:12,2
DA:13,2
DA:28,2
DA:32,2
DA:34,4
LF:8
LH:8
end_of_record
SF:lib/ui/widgets/widgets/custom_list_view.dart
DA:5,3
DA:10,3
DA:12,3
DA:14,3
DA:17,3
DA:18,3
DA:19,3
DA:20,3
DA:21,3
DA:25,3
DA:26,6
DA:30,3
DA:32,3
DA:33,0
LF:14
LH:13
end_of_record
SF:lib/ui/widgets/widgets/image_widget.dart
DA:8,2
DA:10,2
DA:12,4
DA:13,2
DA:15,2
DA:16,4
DA:17,8
DA:21,0
DA:23,0
DA:24,0
DA:25,0
LF:11
LH:7
end_of_record
SF:lib/ui/widgets/widgets/navigation_destination_extension.dart
DA:7,1
DA:8,1
DA:10,1
LF:3
LH:3
end_of_record
SF:lib/ui/widgets/widgets/no_results_widget.dart
DA:6,240
DA:10,4
DA:12,12
DA:13,4
DA:15,8
DA:16,8
DA:17,4
DA:18,4
DA:19,12
DA:23,4
DA:24,4
DA:25,8
DA:26,8
LF:13
LH:13
end_of_record
SF:lib/ui/widgets/widgets/page_animation.dart
DA:6,0
DA:8,0
DA:11,0
DA:19,0
DA:21,0
DA:25,0
DA:30,0
DA:31,0
DA:35,0
DA:38,0
DA:40,0
DA:43,0
DA:45,0
DA:46,0
DA:49,0
DA:51,0
DA:52,0
DA:53,0
LF:18
LH:0
end_of_record
SF:lib/ui/widgets/widgets/password_text_field.dart
DA:6,3
DA:16,3
DA:18,3
DA:24,3
DA:26,15
DA:27,0
DA:29,3
DA:30,3
DA:34,3
DA:35,3
DA:37,3
DA:39,3
DA:40,3
DA:41,3
DA:42,3
DA:43,3
DA:44,3
DA:45,6
DA:46,6
DA:47,6
DA:48,3
DA:50,3
DA:51,3
DA:54,3
DA:55,0
DA:56,0
DA:57,0
DA:60,3
DA:62,3
DA:63,3
DA:64,3
LF:31
LH:27
end_of_record
SF:lib/ui/widgets/widgets/provider_extention.dart
DA:6,0
DA:7,0
DA:8,0
DA:13,1
DA:15,1
LF:5
LH:2
end_of_record
SF:lib/ui/widgets/widgets/responsive_widgets/platform_widget/extended_platform_mobile.dart
DA:4,16
DA:5,16
DA:6,0
DA:7,8
LF:4
LH:3
end_of_record
SF:lib/ui/widgets/widgets/responsive_widgets/platform_widget/platform_widget.dart
DA:14,8
DA:24,8
DA:26,8
DA:27,0
DA:29,8
DA:30,0
DA:32,8
DA:33,0
DA:36,32
LF:9
LH:6
end_of_record
SF:lib/ui/widgets/widgets/responsive_widgets/responsive_widget.dart
DA:17,15
DA:26,15
DA:28,30
DA:29,45
DA:31,15
DA:32,60
DA:34,2
DA:35,2
DA:36,8
DA:38,0
DA:49,4
DA:57,4
DA:59,8
DA:60,12
DA:61,8
DA:63,8
DA:64,8
DA:65,4
DA:66,2
DA:68,8
DA:69,2
DA:70,1
DA:71,2
DA:73,9
DA:74,2
DA:76,6
DA:85,2
LF:27
LH:26
end_of_record
SF:lib/ui/widgets/widgets/size_text_modifiers.dart
DA:2,12
DA:3,12
DA:4,0
DA:5,0
DA:8,12
DA:9,0
DA:10,0
DA:13,12
DA:14,0
DA:15,0
DA:18,12
DA:19,0
DA:20,0
DA:26,2
DA:27,2
DA:29,2
DA:30,4
DA:31,2
DA:33,2
LF:19
LH:11
end_of_record
SF:lib/ui/widgets/widgets/songs_title_widget.dart
DA:8,8
DA:17,8
DA:27,8
DA:28,8
DA:32,8
DA:34,8
DA:35,8
DA:36,16
DA:37,16
DA:38,8
DA:39,8
DA:40,16
DA:41,16
DA:43,8
DA:44,8
DA:45,16
DA:48,16
DA:50,16
DA:52,8
DA:53,16
DA:54,16
DA:55,8
DA:57,16
DA:60,16
LF:24
LH:24
end_of_record
SF:lib/ui/widgets/widgets/text_field.dart
DA:19,4
DA:33,4
DA:35,4
DA:37,4
DA:38,4
DA:39,4
DA:40,4
DA:43,11
DA:44,4
DA:45,4
DA:46,4
DA:47,4
DA:48,4
DA:49,4
DA:50,4
DA:51,4
DA:52,4
DA:53,4
DA:55,4
DA:60,8
DA:61,4
DA:62,4
DA:63,4
DA:64,12
DA:65,3
DA:66,4
DA:69,4
DA:70,4
DA:71,8
DA:73,4
DA:74,15
DA:75,2
DA:77,2
DA:78,0
DA:79,0
DA:80,0
DA:84,4
DA:88,7
LF:38
LH:35
end_of_record
SF:lib/ui/widgets/widgets/user_info_widget.dart
DA:8,96
DA:12,2
DA:14,2
DA:15,4
DA:16,2
DA:17,2
DA:19,2
DA:20,2
DA:21,2
DA:22,4
DA:23,2
DA:27,4
DA:28,2
DA:29,2
DA:30,0
DA:31,0
DA:36,2
DA:38,2
DA:40,2
DA:41,2
DA:42,2
DA:43,4
DA:44,2
DA:45,2
DA:50,2
DA:51,2
DA:52,2
DA:53,4
DA:54,2
DA:55,2
DA:57,2
DA:59,4
DA:61,2
DA:62,4
DA:63,2
DA:64,2
LF:36
LH:34
end_of_record
SF:lib/ui/widgets/screens/settings_page/change_profile/change_user_photo.dart
DA:9,1
DA:13,1
DA:15,1
DA:16,1
DA:17,1
DA:18,0
DA:19,0
DA:21,1
DA:22,2
DA:23,1
DA:24,1
DA:26,1
DA:31,1
DA:32,0
DA:33,0
DA:35,0
DA:36,0
DA:37,0
DA:39,0
DA:41,0
DA:42,0
DA:44,0
DA:46,0
DA:47,0
DA:49,0
DA:50,0
DA:53,0
DA:55,0
DA:57,0
DA:58,0
DA:59,0
DA:63,0
DA:64,0
DA:65,0
DA:66,0
DA:67,0
DA:71,0
DA:75,1
DA:76,2
DA:77,1
DA:78,1
DA:80,1
DA:85,1
DA:95,0
DA:100,0
DA:102,0
DA:103,0
DA:104,0
DA:105,0
DA:106,0
DA:107,0
DA:108,0
LF:52
LH:17
end_of_record
SF:lib/ui/widgets/screens/settings_page/settings_page.dart
DA:17,1
DA:19,1
DA:20,1
DA:24,1
DA:26,1
DA:27,1
DA:28,1
DA:29,3
DA:30,3
DA:31,1
DA:33,1
DA:35,1
DA:37,1
DA:38,1
DA:40,1
DA:42,1
DA:43,1
DA:44,1
DA:46,1
DA:47,1
DA:48,1
DA:49,2
DA:55,1
DA:56,1
DA:57,1
DA:58,1
DA:61,1
DA:62,1
DA:63,2
DA:69,1
DA:70,1
DA:71,1
DA:72,1
DA:73,1
DA:75,2
DA:76,1
DA:85,0
DA:92,1
DA:93,1
DA:95,2
DA:96,1
DA:97,1
DA:98,1
DA:105,1
DA:106,1
DA:107,0
DA:109,0
DA:110,0
DA:111,0
DA:112,0
DA:114,0
DA:115,0
DA:119,2
DA:120,1
DA:121,2
DA:128,1
DA:129,1
DA:130,0
DA:131,0
DA:132,0
DA:134,1
DA:135,1
DA:136,0
DA:137,0
DA:145,1
DA:146,1
DA:148,2
DA:149,1
DA:150,2
DA:157,1
DA:158,1
DA:159,0
DA:160,0
DA:164,0
DA:168,2
DA:169,1
DA:170,2
DA:177,1
DA:178,1
DA:180,2
DA:181,1
DA:182,2
DA:185,0
DA:186,0
DA:190,0
DA:197,1
DA:198,1
DA:200,2
DA:201,1
DA:202,2
DA:209,1
DA:210,1
DA:211,0
DA:212,0
DA:214,1
DA:215,2
DA:216,2
DA:219,1
DA:220,1
DA:221,3
DA:229,0
DA:231,0
DA:233,0
DA:238,0
DA:241,0
DA:243,0
DA:244,0
DA:245,0
DA:247,0
DA:248,0
DA:256,1
DA:258,1
DA:260,1
DA:261,1
DA:262,1
DA:265,1
LF:116
LH:85
end_of_record
SF:lib/ui/widgets/screens/settings_page/change_password/change_password.dart
DA:12,2
DA:14,1
DA:15,1
DA:24,1
DA:26,1
DA:27,1
DA:30,1
DA:31,2
DA:32,3
DA:33,2
DA:35,2
DA:36,3
DA:37,2
DA:39,2
DA:40,2
DA:43,1
DA:45,2
DA:46,2
DA:47,2
DA:48,2
DA:49,1
DA:52,1
DA:54,2
DA:55,1
DA:56,1
DA:57,1
DA:60,1
DA:62,1
DA:63,1
DA:64,1
DA:65,2
DA:68,1
DA:69,1
DA:70,1
DA:71,2
DA:74,1
DA:75,1
DA:81,1
DA:82,1
DA:84,2
DA:85,2
DA:93,1
DA:95,2
DA:96,2
DA:97,2
DA:101,0
LF:46
LH:45
end_of_record
SF:lib/ui/widgets/screens/settings_page/change_profile/change_profile.dart
DA:13,2
DA:15,1
DA:16,1
DA:22,1
DA:24,1
DA:25,2
DA:28,1
DA:30,1
DA:31,2
DA:34,1
DA:36,2
DA:37,1
DA:38,1
DA:39,1
DA:40,1
DA:44,1
DA:45,1
DA:51,1
DA:52,1
DA:56,1
DA:57,1
DA:58,2
DA:59,2
DA:65,1
DA:66,1
DA:67,0
DA:68,0
DA:69,0
DA:70,0
DA:72,2
DA:82,1
DA:84,1
DA:86,2
DA:87,1
DA:88,1
DA:89,2
DA:90,1
DA:93,1
DA:94,1
DA:95,1
DA:98,0
DA:99,0
DA:103,0
DA:111,1
DA:117,1
DA:119,1
DA:120,1
DA:121,5
DA:122,1
DA:123,1
DA:124,1
DA:125,1
DA:126,1
DA:127,2
DA:131,2
DA:134,2
LF:56
LH:49
end_of_record
SF:lib/ui/widgets/screens/log_pages/start_page/start_page.dart
DA:11,1
DA:13,1
DA:15,1
DA:16,1
DA:30,3
DA:32,1
DA:34,1
DA:36,1
DA:38,1
DA:39,1
DA:41,1
DA:42,3
DA:44,2
DA:48,1
DA:50,1
DA:51,3
DA:53,2
DA:64,3
DA:66,1
DA:79,3
DA:81,1
DA:99,3
DA:101,1
LF:23
LH:23
end_of_record
SF:lib/ui/widgets/widgets/app_logo.dart
DA:5,6
DA:7,3
DA:9,3
DA:10,12
DA:11,3
LF:5
LH:5
end_of_record
SF:lib/ui/widgets/screens/log_pages/sign_up/sign_up_screen.dart
DA:17,1
DA:19,1
DA:20,1
DA:29,1
DA:31,1
DA:32,1
DA:33,1
DA:36,1
DA:37,2
DA:38,3
DA:39,2
DA:41,2
DA:42,3
DA:43,2
DA:47,1
DA:48,2
DA:49,3
DA:50,2
DA:52,2
DA:53,3
DA:54,2
DA:58,1
DA:60,2
DA:61,2
DA:62,1
DA:63,2
DA:64,2
DA:67,1
DA:69,1
DA:70,1
DA:71,1
DA:72,2
DA:74,1
DA:75,1
DA:76,1
DA:77,1
DA:78,1
DA:83,1
DA:84,1
DA:85,3
DA:87,2
DA:88,2
DA:90,2
DA:96,1
DA:97,2
DA:102,1
DA:103,2
DA:104,0
DA:105,2
LF:49
LH:48
end_of_record
SF:lib/ui/widgets/screens/log_pages/sign_up/sign_up_text_fields.dart
DA:11,1
DA:19,1
DA:21,1
DA:25,1
DA:26,1
DA:27,1
DA:29,1
DA:31,1
DA:32,1
DA:33,2
DA:37,1
DA:38,1
DA:39,1
DA:40,2
LF:14
LH:14
end_of_record
SF:lib/ui/widgets/screens/log_pages/widgets/other_sign_methods.dart
DA:7,2
DA:12,2
DA:14,2
DA:15,2
DA:16,2
DA:18,4
DA:19,2
DA:20,2
DA:24,2
DA:25,0
LF:10
LH:9
end_of_record
SF:lib/ui/widgets/screens/log_pages/widgets/sign_in_up_buttons.dart
DA:8,2
DA:14,2
DA:16,2
DA:19,2
DA:20,2
DA:21,2
DA:22,4
DA:24,2
DA:25,2
DA:26,2
DA:27,2
DA:28,4
LF:12
LH:12
end_of_record
SF:lib/ui/widgets/screens/log_pages/sign_in/sign_in_page.dart
DA:18,1
DA:20,1
DA:21,1
DA:31,1
DA:33,2
DA:34,3
DA:35,2
DA:37,2
DA:38,3
DA:39,2
DA:42,2
DA:43,3
DA:44,2
DA:46,2
DA:47,3
DA:48,2
DA:50,1
DA:53,1
DA:55,2
DA:56,2
DA:57,2
DA:58,2
DA:59,1
DA:62,1
DA:64,1
DA:65,1
DA:66,1
DA:67,2
DA:69,1
DA:70,1
DA:71,1
DA:72,1
DA:73,1
DA:78,1
DA:79,1
DA:80,3
DA:82,2
DA:83,2
DA:85,2
DA:90,1
DA:91,2
DA:96,1
DA:97,2
DA:98,0
DA:99,2
LF:45
LH:44
end_of_record
SF:lib/ui/widgets/screens/log_pages/sign_in/sign_in_text_fields.dart
DA:7,1
DA:23,1
DA:25,1
DA:29,1
DA:30,1
DA:31,1
DA:33,1
DA:35,1
DA:36,1
DA:37,2
DA:41,1
DA:42,1
DA:43,1
DA:44,2
DA:49,1
DA:56,1
DA:61,1
DA:63,1
DA:64,0
DA:65,0
DA:66,0
DA:68,1
DA:69,1
DA:71,1
DA:73,3
LF:25
LH:22
end_of_record
