SF:lib/app/domain/entity/favorite_song_model.dart
DA:10,9
LF:1
LH:1
end_of_record
SF:lib/app/domain/repositories/favourites_repository.dart/favourite_song_repository.dart
DA:13,1
DA:15,1
DA:18,2
DA:19,1
DA:20,1
DA:21,1
DA:22,2
DA:23,1
DA:24,1
DA:25,1
DA:26,1
DA:29,1
DA:32,0
DA:33,0
DA:37,1
DA:40,2
DA:42,1
DA:43,2
DA:44,1
DA:45,1
DA:46,2
DA:47,1
DA:48,1
DA:49,1
DA:50,1
DA:53,1
DA:57,0
DA:58,0
DA:62,1
DA:65,1
DA:66,4
DA:70,0
DA:75,1
DA:78,4
DA:79,1
DA:83,0
DA:84,0
LF:37
LH:30
end_of_record
SF:lib/app/databases/app_database/database.g.dart
DA:11,0
DA:47,0
DA:49,0
DA:50,0
DA:51,0
DA:52,0
DA:55,0
DA:58,0
DA:59,0
DA:60,0
DA:61,0
DA:63,0
DA:64,0
DA:66,0
DA:67,0
DA:69,0
DA:71,0
DA:72,0
DA:73,0
DA:75,0
DA:77,0
DA:78,0
DA:80,0
DA:81,0
DA:83,0
DA:85,0
DA:86,0
DA:87,0
DA:89,0
DA:91,0
DA:92,0
DA:93,0
DA:95,0
DA:100,0
DA:101,0
DA:102,0
DA:104,0
DA:105,0
DA:106,0
DA:107,0
DA:108,0
DA:109,0
DA:110,0
DA:111,0
DA:112,0
DA:113,0
DA:114,0
DA:115,0
DA:116,0
DA:117,0
DA:121,0
DA:123,0
DA:135,4
DA:142,0
DA:144,0
DA:145,0
DA:146,0
DA:147,0
DA:148,0
DA:149,0
DA:150,0
DA:154,0
DA:155,0
DA:156,0
DA:157,0
DA:158,0
DA:159,0
DA:160,0
DA:161,0
DA:165,0
DA:167,0
DA:168,0
DA:169,0
DA:170,0
DA:171,0
DA:172,0
DA:173,0
DA:174,0
DA:177,0
DA:179,0
DA:180,0
DA:181,0
DA:182,0
DA:183,0
DA:184,0
DA:185,0
DA:186,0
DA:190,0
DA:197,0
DA:198,0
DA:199,0
DA:200,0
DA:201,0
DA:202,0
DA:203,0
DA:205,1
DA:207,1
DA:208,3
DA:209,3
DA:210,3
DA:211,3
DA:212,3
DA:213,3
DA:214,1
DA:215,1
DA:218,0
DA:220,0
DA:221,2
DA:224,1
DA:225,3
DA:226,3
DA:227,3
DA:228,3
DA:229,3
DA:230,3
DA:240,0
DA:248,0
DA:255,0
DA:256,0
DA:257,0
DA:258,0
DA:259,0
DA:260,0
DA:268,0
DA:269,0
DA:270,0
DA:271,0
DA:272,0
DA:273,0
DA:274,0
DA:278,0
DA:285,0
DA:286,0
DA:287,0
DA:288,0
DA:289,0
DA:290,0
DA:291,0
DA:295,0
DA:297,0
DA:298,0
DA:299,0
DA:301,0
DA:302,0
DA:304,0
DA:305,0
DA:307,0
DA:308,0
DA:310,0
DA:311,0
DA:313,0
DA:314,0
DA:319,0
DA:321,0
DA:322,0
DA:323,0
DA:324,0
DA:325,0
DA:326,0
DA:327,0
DA:328,0
DA:329,0
DA:338,0
DA:356,0
DA:357,0
DA:358,0
DA:359,0
DA:360,0
DA:363,0
DA:366,0
DA:367,0
DA:368,0
DA:369,0
DA:371,0
DA:372,0
DA:373,0
DA:375,0
DA:377,0
DA:378,0
DA:379,0
DA:381,0
DA:386,0
DA:387,0
DA:388,0
DA:390,0
DA:391,0
DA:392,0
DA:393,0
DA:394,0
DA:395,0
DA:396,0
DA:397,0
DA:401,0
DA:403,0
DA:411,4
DA:413,0
DA:415,0
DA:416,0
DA:417,0
DA:418,0
DA:422,0
DA:423,0
DA:424,0
DA:425,0
DA:426,0
DA:430,0
DA:432,0
DA:433,0
DA:434,0
DA:435,0
DA:436,0
DA:439,0
DA:441,0
DA:442,0
DA:443,0
DA:444,0
DA:445,0
DA:449,0
DA:450,0
DA:451,0
DA:452,0
DA:453,0
DA:455,1
DA:457,1
DA:458,3
DA:459,3
DA:460,3
DA:461,1
DA:462,1
DA:465,0
DA:466,0
DA:467,2
DA:470,1
DA:471,3
DA:472,3
DA:473,3
DA:480,0
DA:485,0
DA:489,0
DA:490,0
DA:491,0
DA:496,0
DA:497,0
DA:498,0
DA:499,0
DA:503,0
DA:505,0
DA:506,0
DA:507,0
DA:508,0
DA:512,0
DA:514,0
DA:515,0
DA:516,0
DA:518,0
DA:519,0
DA:521,0
DA:522,0
DA:527,0
DA:529,0
DA:530,0
DA:531,0
DA:532,0
DA:533,0
DA:534,0
DA:542,0
DA:570,0
DA:571,0
DA:572,0
DA:573,0
DA:574,0
DA:577,0
DA:580,0
DA:581,0
DA:582,0
DA:583,0
DA:585,0
DA:587,0
DA:588,0
DA:589,0
DA:591,0
DA:593,0
DA:594,0
DA:595,0
DA:597,0
DA:599,0
DA:600,0
DA:601,0
DA:603,0
DA:605,0
DA:606,0
DA:607,0
DA:609,0
DA:614,0
DA:615,0
DA:616,0
DA:618,0
DA:619,0
DA:620,0
DA:621,0
DA:622,0
DA:623,0
DA:624,0
DA:625,0
DA:626,0
DA:627,0
DA:628,0
DA:629,0
DA:633,0
DA:635,0
DA:645,5
DA:651,0
DA:653,0
DA:654,0
DA:655,0
DA:656,0
DA:657,0
DA:658,0
DA:662,0
DA:663,0
DA:664,0
DA:665,0
DA:666,0
DA:667,0
DA:668,0
DA:672,0
DA:674,0
DA:675,0
DA:676,0
DA:677,0
DA:678,0
DA:679,0
DA:680,0
DA:683,0
DA:685,0
DA:686,0
DA:687,0
DA:688,0
DA:689,0
DA:690,0
DA:691,0
DA:695,0
DA:701,0
DA:702,0
DA:703,0
DA:704,0
DA:705,0
DA:706,0
DA:708,1
DA:710,1
DA:711,3
DA:712,3
DA:713,3
DA:714,3
DA:715,3
DA:716,1
DA:717,1
DA:720,0
DA:721,0
DA:722,0
DA:725,0
DA:726,0
DA:727,0
DA:728,0
DA:729,0
DA:730,0
DA:740,0
DA:748,0
DA:755,0
DA:756,0
DA:757,0
DA:758,0
DA:759,0
DA:760,0
DA:768,0
DA:769,0
DA:770,0
DA:771,0
DA:772,0
DA:773,0
DA:774,0
DA:778,0
DA:785,0
DA:786,0
DA:787,0
DA:788,0
DA:789,0
DA:790,0
DA:791,0
DA:795,0
DA:797,0
DA:798,0
DA:799,0
DA:801,0
DA:802,0
DA:804,0
DA:805,0
DA:807,0
DA:808,0
DA:810,0
DA:811,0
DA:813,0
DA:814,0
DA:819,0
DA:821,0
DA:822,0
DA:823,0
DA:824,0
DA:825,0
DA:826,0
DA:827,0
DA:828,0
DA:829,0
DA:838,0
DA:874,0
DA:876,0
DA:877,0
DA:878,0
DA:879,0
DA:882,0
DA:885,0
DA:886,0
DA:887,0
DA:888,0
DA:890,0
DA:891,0
DA:892,0
DA:894,0
DA:896,0
DA:897,0
DA:899,0
DA:900,0
DA:902,0
DA:904,0
DA:905,0
DA:906,0
DA:908,0
DA:910,0
DA:911,0
DA:912,0
DA:914,0
DA:916,0
DA:917,0
DA:918,0
DA:920,0
DA:925,0
DA:926,0
DA:927,0
DA:929,0
DA:930,0
DA:931,0
DA:932,0
DA:933,0
DA:934,0
DA:935,0
DA:936,0
DA:937,0
DA:938,0
DA:939,0
DA:940,0
DA:941,0
DA:942,0
DA:946,0
DA:948,0
DA:959,4
DA:966,0
DA:968,0
DA:969,0
DA:970,0
DA:971,0
DA:972,0
DA:973,0
DA:974,0
DA:978,0
DA:979,0
DA:980,0
DA:981,0
DA:982,0
DA:983,0
DA:984,0
DA:985,0
DA:989,0
DA:991,0
DA:992,0
DA:993,0
DA:994,0
DA:995,0
DA:996,0
DA:997,0
DA:998,0
DA:1001,0
DA:1003,0
DA:1004,0
DA:1005,0
DA:1006,0
DA:1007,0
DA:1008,0
DA:1009,0
DA:1010,0
DA:1014,0
DA:1021,0
DA:1022,0
DA:1023,0
DA:1024,0
DA:1025,0
DA:1026,0
DA:1027,0
DA:1029,1
DA:1031,1
DA:1032,3
DA:1033,3
DA:1034,3
DA:1035,3
DA:1036,3
DA:1037,3
DA:1038,1
DA:1039,1
DA:1042,0
DA:1044,0
DA:1045,1
DA:1048,1
DA:1049,3
DA:1050,3
DA:1051,3
DA:1052,3
DA:1053,3
DA:1054,3
DA:1064,0
DA:1072,0
DA:1079,0
DA:1080,0
DA:1081,0
DA:1082,0
DA:1083,0
DA:1084,0
DA:1092,0
DA:1093,0
DA:1094,0
DA:1095,0
DA:1096,0
DA:1097,0
DA:1098,0
DA:1102,0
DA:1109,0
DA:1110,0
DA:1111,0
DA:1112,0
DA:1113,0
DA:1114,0
DA:1115,0
DA:1119,0
DA:1121,0
DA:1122,0
DA:1123,0
DA:1125,0
DA:1126,0
DA:1128,0
DA:1129,0
DA:1131,0
DA:1132,0
DA:1134,0
DA:1135,0
DA:1137,0
DA:1138,0
DA:1143,0
DA:1145,0
DA:1146,0
DA:1147,0
DA:1148,0
DA:1149,0
DA:1150,0
DA:1151,0
DA:1152,0
DA:1153,0
DA:1162,0
DA:1206,0
DA:1208,0
DA:1209,0
DA:1210,0
DA:1211,0
DA:1214,0
DA:1217,0
DA:1218,0
DA:1219,0
DA:1220,0
DA:1222,0
DA:1223,0
DA:1224,0
DA:1226,0
DA:1228,0
DA:1229,0
DA:1230,0
DA:1232,0
DA:1234,0
DA:1235,0
DA:1236,0
DA:1238,0
DA:1240,0
DA:1241,0
DA:1242,0
DA:1244,0
DA:1246,0
DA:1247,0
DA:1248,0
DA:1250,0
DA:1252,0
DA:1253,0
DA:1255,0
DA:1256,0
DA:1258,0
DA:1263,0
DA:1264,0
DA:1265,0
DA:1267,0
DA:1268,0
DA:1269,0
DA:1270,0
DA:1271,0
DA:1272,0
DA:1273,0
DA:1274,0
DA:1275,0
DA:1276,0
DA:1277,0
DA:1278,0
DA:1279,0
DA:1280,0
DA:1281,0
DA:1282,0
DA:1286,0
DA:1288,0
DA:1300,2
DA:1308,0
DA:1310,0
DA:1311,0
DA:1312,0
DA:1313,0
DA:1314,0
DA:1315,0
DA:1316,0
DA:1317,0
DA:1321,0
DA:1322,0
DA:1323,0
DA:1324,0
DA:1325,0
DA:1326,0
DA:1327,0
DA:1328,0
DA:1329,0
DA:1333,0
DA:1335,0
DA:1336,0
DA:1337,0
DA:1338,0
DA:1339,0
DA:1340,0
DA:1341,0
DA:1342,0
DA:1343,0
DA:1346,0
DA:1348,0
DA:1349,0
DA:1350,0
DA:1351,0
DA:1352,0
DA:1353,0
DA:1354,0
DA:1355,0
DA:1356,0
DA:1360,0
DA:1368,0
DA:1369,0
DA:1370,0
DA:1371,0
DA:1372,0
DA:1373,0
DA:1374,0
DA:1375,0
DA:1377,0
DA:1379,0
DA:1380,0
DA:1381,0
DA:1382,0
DA:1383,0
DA:1384,0
DA:1385,0
DA:1386,0
DA:1387,0
DA:1388,0
DA:1391,0
DA:1393,0
DA:1394,1
DA:1397,0
DA:1398,0
DA:1399,0
DA:1400,0
DA:1401,0
DA:1402,0
DA:1403,0
DA:1404,0
DA:1415,0
DA:1424,0
DA:1432,0
DA:1433,0
DA:1434,0
DA:1435,0
DA:1436,0
DA:1437,0
DA:1438,0
DA:1447,0
DA:1448,0
DA:1449,0
DA:1450,0
DA:1451,0
DA:1452,0
DA:1453,0
DA:1454,0
DA:1458,0
DA:1466,0
DA:1467,0
DA:1468,0
DA:1469,0
DA:1470,0
DA:1471,0
DA:1472,0
DA:1473,0
DA:1477,0
DA:1479,0
DA:1480,0
DA:1481,0
DA:1483,0
DA:1484,0
DA:1486,0
DA:1487,0
DA:1489,0
DA:1490,0
DA:1492,0
DA:1493,0
DA:1495,0
DA:1496,0
DA:1498,0
DA:1499,0
DA:1504,0
DA:1506,0
DA:1507,0
DA:1508,0
DA:1509,0
DA:1510,0
DA:1511,0
DA:1512,0
DA:1513,0
DA:1514,0
DA:1515,0
DA:1524,0
DA:1568,0
DA:1570,0
DA:1571,0
DA:1572,0
DA:1573,0
DA:1576,0
DA:1579,0
DA:1580,0
DA:1581,0
DA:1582,0
DA:1584,0
DA:1585,0
DA:1586,0
DA:1588,0
DA:1590,0
DA:1591,0
DA:1592,0
DA:1594,0
DA:1596,0
DA:1597,0
DA:1598,0
DA:1600,0
DA:1602,0
DA:1603,0
DA:1604,0
DA:1606,0
DA:1608,0
DA:1609,0
DA:1610,0
DA:1612,0
DA:1614,0
DA:1615,0
DA:1617,0
DA:1618,0
DA:1620,0
DA:1625,0
DA:1626,0
DA:1627,0
DA:1629,0
DA:1630,0
DA:1631,0
DA:1632,0
DA:1633,0
DA:1634,0
DA:1635,0
DA:1636,0
DA:1637,0
DA:1638,0
DA:1639,0
DA:1640,0
DA:1641,0
DA:1642,0
DA:1643,0
DA:1644,0
DA:1648,0
DA:1650,0
DA:1662,2
DA:1670,0
DA:1672,0
DA:1673,0
DA:1674,0
DA:1675,0
DA:1676,0
DA:1677,0
DA:1678,0
DA:1679,0
DA:1683,0
DA:1684,0
DA:1685,0
DA:1686,0
DA:1687,0
DA:1688,0
DA:1689,0
DA:1690,0
DA:1691,0
DA:1695,0
DA:1697,0
DA:1698,0
DA:1699,0
DA:1700,0
DA:1701,0
DA:1702,0
DA:1703,0
DA:1704,0
DA:1705,0
DA:1708,0
DA:1710,0
DA:1711,0
DA:1712,0
DA:1713,0
DA:1714,0
DA:1715,0
DA:1716,0
DA:1717,0
DA:1718,0
DA:1722,0
DA:1730,0
DA:1731,0
DA:1732,0
DA:1733,0
DA:1734,0
DA:1735,0
DA:1736,0
DA:1737,0
DA:1739,0
DA:1741,0
DA:1742,0
DA:1743,0
DA:1744,0
DA:1745,0
DA:1746,0
DA:1747,0
DA:1748,0
DA:1749,0
DA:1750,0
DA:1753,0
DA:1755,0
DA:1756,1
DA:1759,0
DA:1760,0
DA:1761,0
DA:1762,0
DA:1763,0
DA:1764,0
DA:1765,0
DA:1766,0
DA:1777,0
DA:1786,0
DA:1794,0
DA:1795,0
DA:1796,0
DA:1797,0
DA:1798,0
DA:1799,0
DA:1800,0
DA:1809,0
DA:1810,0
DA:1811,0
DA:1812,0
DA:1813,0
DA:1814,0
DA:1815,0
DA:1816,0
DA:1820,0
DA:1828,0
DA:1829,0
DA:1830,0
DA:1831,0
DA:1832,0
DA:1833,0
DA:1834,0
DA:1835,0
DA:1839,0
DA:1841,0
DA:1842,0
DA:1843,0
DA:1845,0
DA:1846,0
DA:1848,0
DA:1849,0
DA:1851,0
DA:1852,0
DA:1854,0
DA:1855,0
DA:1857,0
DA:1858,0
DA:1860,0
DA:1861,0
DA:1866,0
DA:1868,0
DA:1869,0
DA:1870,0
DA:1871,0
DA:1872,0
DA:1873,0
DA:1874,0
DA:1875,0
DA:1876,0
DA:1877,0
DA:1886,0
DA:1930,0
DA:1932,0
DA:1933,0
DA:1934,0
DA:1935,0
DA:1938,0
DA:1942,0
DA:1943,0
DA:1944,0
DA:1945,0
DA:1947,0
DA:1948,0
DA:1949,0
DA:1951,0
DA:1953,0
DA:1954,0
DA:1955,0
DA:1957,0
DA:1959,0
DA:1960,0
DA:1961,0
DA:1963,0
DA:1965,0
DA:1966,0
DA:1967,0
DA:1969,0
DA:1971,0
DA:1972,0
DA:1973,0
DA:1975,0
DA:1977,0
DA:1978,0
DA:1980,0
DA:1981,0
DA:1983,0
DA:1988,0
DA:1989,0
DA:1990,0
DA:1992,0
DA:1993,0
DA:1994,0
DA:1995,0
DA:1996,0
DA:1997,0
DA:1998,0
DA:1999,0
DA:2000,0
DA:2001,0
DA:2002,0
DA:2003,0
DA:2004,0
DA:2005,0
DA:2006,0
DA:2007,0
DA:2011,0
DA:2013,0
DA:2026,2
DA:2034,0
DA:2036,0
DA:2037,0
DA:2038,0
DA:2039,0
DA:2040,0
DA:2041,0
DA:2042,0
DA:2043,0
DA:2047,0
DA:2048,0
DA:2049,0
DA:2050,0
DA:2051,0
DA:2052,0
DA:2053,0
DA:2054,0
DA:2055,0
DA:2059,0
DA:2061,0
DA:2062,0
DA:2063,0
DA:2064,0
DA:2065,0
DA:2066,0
DA:2067,0
DA:2068,0
DA:2069,0
DA:2072,0
DA:2074,0
DA:2075,0
DA:2076,0
DA:2077,0
DA:2078,0
DA:2079,0
DA:2080,0
DA:2081,0
DA:2082,0
DA:2086,0
DA:2094,0
DA:2095,0
DA:2096,0
DA:2097,0
DA:2098,0
DA:2099,0
DA:2100,0
DA:2101,0
DA:2103,0
DA:2105,0
DA:2106,0
DA:2107,0
DA:2108,0
DA:2109,0
DA:2110,0
DA:2111,0
DA:2112,0
DA:2113,0
DA:2114,0
DA:2117,0
DA:2119,0
DA:2120,1
DA:2123,0
DA:2124,0
DA:2125,0
DA:2126,0
DA:2127,0
DA:2128,0
DA:2129,0
DA:2130,0
DA:2142,0
DA:2151,0
DA:2159,0
DA:2160,0
DA:2161,0
DA:2162,0
DA:2163,0
DA:2164,0
DA:2165,0
DA:2174,0
DA:2175,0
DA:2176,0
DA:2177,0
DA:2178,0
DA:2179,0
DA:2180,0
DA:2181,0
DA:2185,0
DA:2193,0
DA:2194,0
DA:2195,0
DA:2196,0
DA:2197,0
DA:2198,0
DA:2199,0
DA:2200,0
DA:2204,0
DA:2206,0
DA:2207,0
DA:2208,0
DA:2210,0
DA:2211,0
DA:2213,0
DA:2214,0
DA:2216,0
DA:2217,0
DA:2219,0
DA:2220,0
DA:2222,0
DA:2223,0
DA:2225,0
DA:2226,0
DA:2231,0
DA:2233,0
DA:2234,0
DA:2235,0
DA:2236,0
DA:2237,0
DA:2238,0
DA:2239,0
DA:2240,0
DA:2241,0
DA:2242,0
DA:2251,0
DA:2287,0
DA:2289,0
DA:2290,0
DA:2291,0
DA:2292,0
DA:2295,0
DA:2298,0
DA:2299,0
DA:2300,0
DA:2301,0
DA:2303,0
DA:2304,0
DA:2305,0
DA:2307,0
DA:2309,0
DA:2310,0
DA:2312,0
DA:2313,0
DA:2315,0
DA:2317,0
DA:2318,0
DA:2319,0
DA:2321,0
DA:2323,0
DA:2324,0
DA:2325,0
DA:2327,0
DA:2329,0
DA:2330,0
DA:2331,0
DA:2333,0
DA:2338,0
DA:2339,0
DA:2340,0
DA:2342,0
DA:2343,0
DA:2344,0
DA:2345,0
DA:2346,0
DA:2347,0
DA:2348,0
DA:2349,0
DA:2350,0
DA:2351,0
DA:2352,0
DA:2353,0
DA:2354,0
DA:2355,0
DA:2359,0
DA:2361,0
DA:2372,5
DA:2379,0
DA:2381,0
DA:2382,0
DA:2383,0
DA:2384,0
DA:2385,0
DA:2386,0
DA:2387,0
DA:2391,0
DA:2392,0
DA:2393,0
DA:2394,0
DA:2395,0
DA:2396,0
DA:2397,0
DA:2398,0
DA:2402,0
DA:2404,0
DA:2405,0
DA:2406,0
DA:2407,0
DA:2408,0
DA:2409,0
DA:2410,0
DA:2411,0
DA:2414,0
DA:2416,0
DA:2417,0
DA:2418,0
DA:2419,0
DA:2420,0
DA:2421,0
DA:2422,0
DA:2423,0
DA:2427,0
DA:2434,0
DA:2435,0
DA:2436,0
DA:2437,0
DA:2438,0
DA:2439,0
DA:2440,0
DA:2442,1
DA:2444,1
DA:2445,3
DA:2446,3
DA:2447,3
DA:2448,3
DA:2449,3
DA:2450,3
DA:2451,1
DA:2452,1
DA:2455,0
DA:2457,0
DA:2458,1
DA:2461,0
DA:2462,0
DA:2463,0
DA:2464,0
DA:2465,0
DA:2466,0
DA:2467,0
DA:2477,0
DA:2485,0
DA:2492,0
DA:2493,0
DA:2494,0
DA:2495,0
DA:2496,0
DA:2497,0
DA:2505,0
DA:2506,0
DA:2507,0
DA:2508,0
DA:2509,0
DA:2510,0
DA:2511,0
DA:2515,0
DA:2522,0
DA:2523,0
DA:2524,0
DA:2525,0
DA:2526,0
DA:2527,0
DA:2528,0
DA:2532,0
DA:2534,0
DA:2535,0
DA:2536,0
DA:2538,0
DA:2539,0
DA:2541,0
DA:2542,0
DA:2544,0
DA:2545,0
DA:2547,0
DA:2548,0
DA:2550,0
DA:2551,0
DA:2556,0
DA:2558,0
DA:2559,0
DA:2560,0
DA:2561,0
DA:2562,0
DA:2563,0
DA:2564,0
DA:2565,0
DA:2566,0
DA:2575,0
DA:2593,0
DA:2594,0
DA:2595,0
DA:2596,0
DA:2597,0
DA:2600,0
DA:2603,0
DA:2604,0
DA:2605,0
DA:2606,0
DA:2608,0
DA:2610,0
DA:2611,0
DA:2612,0
DA:2614,0
DA:2616,0
DA:2617,0
DA:2618,0
DA:2620,0
DA:2625,0
DA:2626,0
DA:2627,0
DA:2629,0
DA:2630,0
DA:2631,0
DA:2632,0
DA:2633,0
DA:2634,0
DA:2635,0
DA:2636,0
DA:2640,0
DA:2642,0
DA:2650,4
DA:2651,0
DA:2653,0
DA:2654,0
DA:2655,0
DA:2656,0
DA:2660,0
DA:2661,0
DA:2662,0
DA:2663,0
DA:2664,0
DA:2668,0
DA:2670,0
DA:2671,0
DA:2672,0
DA:2673,0
DA:2674,0
DA:2677,0
DA:2679,0
DA:2680,0
DA:2681,0
DA:2682,0
DA:2683,0
DA:2687,0
DA:2688,0
DA:2689,0
DA:2690,0
DA:2692,1
DA:2694,1
DA:2695,3
DA:2696,3
DA:2697,3
DA:2698,1
DA:2699,1
DA:2702,0
DA:2703,0
DA:2704,1
DA:2707,0
DA:2708,0
DA:2709,0
DA:2710,0
DA:2718,0
DA:2724,0
DA:2729,0
DA:2730,0
DA:2731,0
DA:2732,0
DA:2738,0
DA:2739,0
DA:2740,0
DA:2741,0
DA:2742,0
DA:2746,0
DA:2751,0
DA:2752,0
DA:2753,0
DA:2754,0
DA:2755,0
DA:2759,0
DA:2761,0
DA:2762,0
DA:2763,0
DA:2765,0
DA:2766,0
DA:2768,0
DA:2769,0
DA:2771,0
DA:2772,0
DA:2777,0
DA:2779,0
DA:2780,0
DA:2781,0
DA:2782,0
DA:2783,0
DA:2784,0
DA:2785,0
DA:2794,0
DA:2805,0
DA:2806,0
DA:2807,0
DA:2808,0
DA:2809,0
DA:2812,0
DA:2815,0
DA:2816,0
DA:2817,0
DA:2818,0
DA:2819,0
DA:2821,0
DA:2823,0
DA:2824,0
DA:2825,0
DA:2827,0
DA:2832,0
DA:2833,0
DA:2834,0
DA:2836,0
DA:2837,0
DA:2838,0
DA:2839,0
DA:2840,0
DA:2841,0
DA:2845,0
DA:2847,0
DA:2854,2
DA:2855,0
DA:2857,0
DA:2858,0
DA:2859,0
DA:2863,0
DA:2864,0
DA:2865,0
DA:2866,0
DA:2870,0
DA:2872,0
DA:2873,0
DA:2874,0
DA:2875,0
DA:2878,0
DA:2880,0
DA:2881,0
DA:2882,0
DA:2883,0
DA:2887,0
DA:2888,0
DA:2889,0
DA:2891,0
DA:2893,0
DA:2894,0
DA:2895,0
DA:2896,0
DA:2897,0
DA:2900,0
DA:2901,0
DA:2902,1
DA:2905,0
DA:2906,0
DA:2907,0
DA:2914,0
DA:2919,0
DA:2923,0
DA:2924,0
DA:2925,0
DA:2930,0
DA:2931,0
DA:2932,0
DA:2933,0
DA:2937,0
DA:2939,0
DA:2940,0
DA:2941,0
DA:2942,0
DA:2946,0
DA:2948,0
DA:2949,0
DA:2950,0
DA:2952,0
DA:2953,0
DA:2955,0
DA:2956,0
DA:2961,0
DA:2963,0
DA:2964,0
DA:2965,0
DA:2966,0
DA:2967,0
DA:2968,0
DA:2973,0
DA:2988,0
DA:2990,0
DA:2991,0
DA:2992,0
DA:2993,0
DA:2994,0
DA:2995,0
DA:2996,0
DA:2997,0
DA:2998,0
DA:2999,0
DA:3000,0
DA:3001,0
DA:3002,0
LF:1490
LH:90
end_of_record
SF:lib/app/databases/app_database/database.dart
DA:23,0
DA:25,0
DA:29,0
DA:30,0
DA:33,0
DA:34,0
DA:37,0
DA:38,0
DA:39,0
DA:44,0
DA:45,0
DA:48,0
DA:49,0
DA:50,0
DA:55,0
DA:56,0
DA:59,0
DA:60,0
DA:61,0
DA:65,0
DA:66,0
DA:70,0
DA:72,0
DA:73,0
DA:75,0
DA:76,0
DA:79,0
DA:80,0
DA:81,0
DA:86,0
DA:87,0
DA:89,0
DA:90,0
DA:91,0
DA:94,0
DA:95,0
DA:99,0
DA:101,0
DA:102,0
DA:104,0
DA:105,0
DA:108,0
DA:109,0
DA:111,0
DA:112,0
DA:114,0
DA:115,0
DA:118,0
DA:119,0
DA:120,0
DA:121,0
DA:123,0
DA:124,0
DA:125,0
DA:126,0
DA:128,0
DA:129,0
DA:132,0
DA:133,0
DA:134,0
DA:139,0
DA:141,0
DA:142,0
DA:144,0
DA:145,0
DA:147,0
DA:148,0
DA:149,0
DA:150,0
DA:157,0
DA:159,0
DA:160,0
DA:161,0
DA:162,0
DA:163,0
DA:165,0
DA:166,0
DA:168,0
DA:169,0
LF:79
LH:0
end_of_record
SF:lib/app/domain/services/logger.dart
DA:3,25
DA:4,25
DA:7,0
DA:8,0
LF:4
LH:2
end_of_record
SF:lib/app/app_logic/blocs/album_detail_bloc/album_detail_bloc.dart
DA:11,1
DA:12,1
DA:13,2
DA:16,1
DA:19,3
DA:20,1
DA:21,1
DA:23,2
DA:24,2
DA:27,3
DA:28,1
LF:11
LH:11
end_of_record
SF:lib/app/app_logic/blocs/album_detail_bloc/album_detail_event.dart
DA:6,2
LF:1
LH:1
end_of_record
SF:lib/app/app_logic/blocs/detail_music_bloc/detail_music_bloc.dart
DA:12,1
DA:13,1
DA:14,2
DA:17,1
DA:20,3
DA:22,1
DA:25,2
DA:28,1
DA:29,2
DA:30,1
LF:10
LH:10
end_of_record
SF:lib/app/app_logic/blocs/search_screen_bloc/search_screen_bloc.dart
DA:14,2
DA:15,2
DA:16,2
DA:17,2
DA:20,1
DA:22,1
DA:23,3
DA:24,2
DA:25,2
DA:29,1
DA:32,2
DA:33,1
DA:36,1
DA:38,4
DA:39,1
DA:40,1
DA:43,2
DA:45,0
DA:46,0
DA:50,1
DA:54,4
DA:55,2
DA:57,0
DA:58,0
DA:66,1
DA:68,1
DA:70,2
DA:71,2
DA:73,0
DA:74,0
LF:30
LH:24
end_of_record
SF:lib/app/app_logic/blocs/tab_bar_bloc/tab_bar_bloc.dart
DA:6,2
DA:8,1
DA:9,1
LF:3
LH:3
end_of_record
SF:lib/app/app_logic/blocs/genres_bloc/genres_bloc.dart
DA:11,2
DA:12,2
DA:15,1
DA:18,2
DA:19,1
DA:20,1
DA:22,2
DA:25,1
DA:26,2
DA:27,1
LF:10
LH:10
end_of_record
SF:lib/app/app_logic/blocs/new_playlist_bloc/my_music_foldder_bloc.dart
DA:12,2
DA:13,2
DA:14,2
DA:17,1
DA:20,3
DA:21,2
DA:23,0
DA:27,1
DA:30,2
DA:31,1
DA:32,1
DA:34,2
DA:37,0
LF:13
LH:11
end_of_record
SF:lib/app/app_logic/blocs/new_playlist_bloc/my_music_foldder_event.dart
DA:4,2
DA:8,1
DA:10,0
DA:11,0
DA:16,1
DA:18,0
DA:19,0
LF:7
LH:3
end_of_record
SF:lib/app/app_logic/blocs/detail_music_bloc/detail_music_event.dart
DA:6,3
LF:1
LH:1
end_of_record
SF:lib/app/app_logic/blocs/search_screen_bloc/search_state.dart
DA:13,0
DA:14,0
LF:2
LH:0
end_of_record
SF:lib/app/app_logic/blocs/search_screen_bloc/search_state.g.dart
DA:9,0
DA:11,0
DA:12,0
DA:15,0
DA:17,0
DA:18,0
DA:21,0
DA:23,0
DA:24,0
DA:27,0
DA:29,0
DA:30,0
DA:33,0
DA:35,0
DA:36,0
DA:39,0
DA:41,0
DA:42,0
DA:45,0
DA:47,0
DA:48,0
DA:49,0
DA:50,0
DA:51,0
DA:54,0
DA:56,0
DA:57,0
DA:58,0
LF:28
LH:0
end_of_record
SF:lib/app/app_logic/blocs/recently_searched_bloc/recently_searched_bloc.dart
DA:13,1
DA:14,1
DA:15,2
DA:16,2
DA:17,2
DA:18,2
DA:21,1
DA:25,3
DA:26,2
DA:28,0
DA:29,0
DA:33,1
DA:36,2
DA:37,1
DA:38,1
DA:40,2
DA:43,0
DA:44,0
DA:48,1
DA:52,3
DA:53,1
DA:54,1
DA:56,2
DA:59,0
DA:60,0
DA:64,1
DA:67,2
DA:68,1
DA:70,0
DA:71,0
LF:30
LH:22
end_of_record
SF:lib/app/app_logic/blocs/recently_searched_bloc/recently_searched_event.dart
DA:5,99
DA:9,49
DA:10,0
DA:11,0
DA:17,2
DA:19,1
DA:20,2
DA:25,1
DA:27,0
DA:28,0
DA:32,49
DA:34,0
DA:35,0
LF:13
LH:7
end_of_record
SF:lib/app/app_logic/blocs/search_screen_bloc/serch_event.dart
DA:20,0
DA:21,0
LF:2
LH:0
end_of_record
SF:lib/app/app_logic/blocs/search_screen_bloc/serch_event.g.dart
DA:9,0
DA:11,0
DA:12,0
DA:13,0
DA:14,0
DA:17,0
DA:19,0
DA:20,0
DA:21,0
DA:22,0
DA:25,0
DA:27,0
DA:28,0
DA:29,0
DA:30,0
DA:33,0
DA:35,0
DA:36,0
DA:37,0
DA:38,0
DA:41,0
DA:43,0
DA:44,0
DA:45,0
DA:46,0
DA:49,0
DA:51,0
DA:52,0
DA:53,0
DA:54,0
DA:57,0
DA:59,0
DA:60,0
DA:61,0
DA:62,0
DA:65,0
DA:67,0
DA:68,0
DA:69,0
DA:70,0
LF:40
LH:0
end_of_record
SF:lib/app/app_logic/blocs/language_bloc/language_bloc.dart
DA:13,2
DA:15,1
DA:17,2
DA:18,2
DA:19,2
DA:21,0
DA:25,1
DA:27,2
DA:28,2
DA:30,0
DA:34,1
LF:11
LH:9
end_of_record
SF:lib/app/app_logic/blocs/home_screen_bloc/favourite_artist_bloc/favourite_artist_bloc.dart
DA:13,1
DA:14,1
DA:15,2
DA:18,1
DA:21,1
DA:22,1
DA:23,1
DA:25,2
DA:28,1
DA:29,2
DA:30,1
DA:34,1
DA:35,2
LF:13
LH:13
end_of_record
SF:lib/app/app_logic/blocs/home_screen_bloc/recently_played_bloc/recently_played_bloc.dart
DA:13,1
DA:14,1
DA:15,2
DA:18,1
DA:21,1
DA:22,1
DA:23,1
DA:25,2
DA:28,1
DA:29,2
DA:30,1
DA:34,1
DA:35,2
LF:13
LH:13
end_of_record
SF:lib/app/app_logic/blocs/home_screen_bloc/album_bloc/album_bloc.dart
DA:12,2
DA:13,2
DA:16,1
DA:19,2
DA:20,1
DA:21,1
DA:23,2
DA:26,1
DA:27,2
DA:28,1
DA:36,1
DA:38,1
DA:39,2
DA:40,2
LF:14
LH:14
end_of_record
SF:lib/app/app_logic/blocs/favourites_bloc/favourite_album_bloc/favourites_album_bloc.dart
DA:10,1
DA:12,1
DA:13,2
DA:14,2
DA:15,2
DA:16,2
DA:17,2
DA:20,2
DA:21,1
DA:23,3
DA:24,2
DA:27,1
DA:29,2
DA:30,1
DA:31,1
DA:33,2
DA:37,1
DA:39,4
DA:41,3
DA:43,3
DA:47,1
DA:49,3
DA:50,1
DA:51,1
DA:53,2
DA:57,1
DA:59,2
DA:60,1
DA:62,0
DA:65,5
DA:66,2
DA:70,2
LF:32
LH:31
end_of_record
SF:lib/app/app_logic/blocs/favourites_bloc/favourite_song_bloc/favourites_song_bloc.dart
DA:10,1
DA:12,1
DA:13,2
DA:14,2
DA:15,2
DA:16,2
DA:17,2
DA:20,2
DA:21,1
DA:23,3
DA:24,2
DA:27,1
DA:29,2
DA:30,1
DA:31,1
DA:33,2
DA:37,1
DA:39,4
DA:41,3
DA:43,3
DA:47,1
DA:49,3
DA:50,1
DA:51,1
DA:53,2
DA:57,1
DA:59,2
DA:61,1
DA:63,0
DA:66,5
DA:67,2
DA:71,2
LF:32
LH:31
end_of_record
SF:lib/app/app_logic/blocs/favourites_bloc/favourite_album_bloc/favourites_album_event.dart
DA:5,50
DA:9,49
DA:10,0
DA:11,0
DA:16,1
DA:18,0
DA:19,0
DA:24,1
DA:26,0
DA:27,0
DA:31,1
DA:33,0
DA:34,0
DA:39,1
DA:42,0
DA:43,0
LF:16
LH:6
end_of_record
SF:lib/app/app_logic/blocs/favourites_bloc/favourite_song_bloc/favourites_song_event.dart
DA:7,99
DA:11,49
DA:13,0
DA:14,0
DA:19,1
DA:21,0
DA:22,0
DA:27,1
DA:29,0
DA:30,0
DA:34,50
DA:36,0
DA:37,0
DA:42,0
DA:44,0
DA:45,0
DA:50,1
DA:53,0
DA:54,0
LF:19
LH:6
end_of_record
SF:lib/app/app_logic/blocs/music_bloc/music_bloc.dart
DA:11,0
DA:12,0
DA:13,0
DA:15,0
DA:17,0
DA:18,0
DA:19,0
DA:20,0
DA:21,0
DA:22,0
DA:23,0
DA:24,0
DA:25,0
DA:26,0
DA:27,0
DA:28,0
DA:30,0
DA:31,0
DA:32,0
DA:33,0
DA:34,0
DA:35,0
DA:37,0
DA:43,0
DA:44,0
DA:45,0
DA:46,0
DA:47,0
DA:50,0
DA:52,0
DA:53,0
DA:54,0
DA:55,0
DA:58,0
DA:59,0
DA:60,0
DA:61,0
DA:66,0
DA:67,0
DA:68,0
DA:71,0
DA:72,0
DA:73,0
DA:76,0
DA:77,0
DA:78,0
DA:81,0
DA:82,0
DA:83,0
DA:86,0
DA:87,0
DA:88,0
DA:89,0
DA:92,0
DA:93,0
DA:94,0
DA:95,0
DA:98,0
DA:99,0
DA:100,0
DA:101,0
DA:103,0
DA:106,0
DA:107,0
DA:109,0
DA:113,0
DA:114,0
DA:115,0
DA:116,0
DA:118,0
DA:121,0
DA:122,0
DA:126,0
DA:127,0
DA:128,0
DA:132,0
DA:133,0
DA:134,0
DA:135,0
DA:138,0
DA:139,0
LF:81
LH:0
end_of_record
SF:lib/app/app_logic/blocs/music_bloc/music_bloc_event.dart
DA:8,0
DA:15,0
DA:24,0
DA:35,2
DA:45,0
LF:5
LH:1
end_of_record
SF:lib/app/app_logic/blocs/music_bloc/music_bloc_state.dart
DA:9,7
DA:17,0
DA:23,0
DA:24,0
DA:25,0
DA:26,0
DA:27,0
LF:7
LH:1
end_of_record
SF:lib/app/app_logic/blocs/image_bloc/image_bloc.dart
DA:11,3
DA:12,2
DA:13,2
DA:16,1
DA:19,2
DA:20,3
DA:22,2
DA:25,0
DA:26,0
DA:30,1
DA:33,2
DA:35,2
DA:38,0
DA:39,0
LF:14
LH:10
end_of_record
SF:lib/app/app_logic/blocs/image_bloc/image_bloc_state.dart
DA:4,2
LF:1
LH:1
end_of_record
SF:lib/app/app_logic/blocs/image_bloc/image_bloc_event.dart
DA:4,1
DA:8,1
LF:2
LH:2
end_of_record
SF:lib/app/app_logic/blocs/passwords_bloc/passwords_bloc.dart
DA:6,0
DA:8,0
DA:9,0
LF:3
LH:0
end_of_record
SF:lib/app/app_logic/blocs/filter_bloc.dart
DA:6,2
DA:8,1
DA:9,1
LF:3
LH:3
end_of_record
SF:lib/app/domain/repositories/home_screen_repositories/best_album_repo.dart
DA:17,1
DA:21,1
DA:23,2
DA:24,1
DA:25,1
DA:26,1
DA:27,1
DA:28,1
DA:29,2
DA:31,1
DA:33,2
DA:37,2
DA:38,1
DA:39,1
DA:44,1
DA:46,2
DA:48,2
DA:49,1
DA:50,1
DA:55,1
DA:58,1
DA:60,2
DA:61,1
DA:62,1
DA:68,2
DA:69,0
DA:70,0
DA:73,1
DA:75,0
DA:76,0
DA:77,0
DA:82,1
DA:86,2
DA:87,2
DA:90,2
DA:91,1
DA:92,1
DA:105,1
DA:114,2
DA:116,1
DA:118,1
DA:119,1
DA:123,4
DA:125,2
DA:126,3
DA:127,3
DA:129,1
LF:47
LH:42
end_of_record
SF:lib/app/domain/repositories/home_screen_repositories/favourite_artist_repo.dart
DA:17,1
DA:21,1
DA:23,2
DA:24,1
DA:25,1
DA:26,1
DA:27,1
DA:29,1
DA:31,2
DA:34,2
DA:35,1
DA:36,1
DA:41,1
DA:43,2
DA:45,2
DA:46,1
DA:47,1
DA:52,1
DA:55,1
DA:56,1
DA:59,2
DA:61,0
DA:62,0
DA:63,0
DA:68,1
DA:70,2
DA:71,2
DA:74,2
DA:75,1
DA:76,1
LF:30
LH:27
end_of_record
SF:lib/app/domain/repositories/home_screen_repositories/recently_played_repo.dart
DA:17,1
DA:21,1
DA:23,2
DA:24,1
DA:25,1
DA:26,2
DA:27,1
DA:28,2
DA:29,1
DA:30,1
DA:32,1
DA:34,2
DA:37,2
DA:38,1
DA:39,1
DA:44,1
DA:46,2
DA:48,2
DA:49,1
DA:50,1
DA:55,1
DA:58,1
DA:60,1
DA:64,2
DA:66,0
DA:67,0
DA:68,0
DA:73,1
DA:75,2
DA:76,3
DA:80,2
DA:81,1
DA:82,1
LF:33
LH:30
end_of_record
SF:lib/app/databases/language_storage/language_storage.dart
DA:10,0
DA:11,0
DA:14,0
DA:15,0
LF:4
LH:0
end_of_record
SF:lib/app/domain/entity/favorite_folder_model.dart
DA:5,4
LF:1
LH:1
end_of_record
SF:lib/app/domain/repositories/new_playlist_repository/new_playlist_repository.dart
DA:18,1
DA:20,1
DA:23,2
DA:25,1
DA:26,2
DA:27,1
DA:28,1
DA:31,1
DA:35,0
DA:36,0
DA:40,1
DA:43,1
DA:44,2
DA:45,1
DA:46,1
DA:47,1
DA:50,1
DA:53,0
DA:54,0
DA:58,1
DA:61,1
DA:64,0
DA:65,0
DA:66,0
LF:24
LH:17
end_of_record
SF:lib/app/domain/repositories/recently_searched_repository/recently_searched_repository.dart
DA:18,1
DA:20,1
DA:23,2
DA:25,1
DA:26,2
DA:27,1
DA:28,1
DA:29,2
DA:30,1
DA:31,1
DA:32,1
DA:33,1
DA:36,1
DA:39,0
DA:40,0
DA:41,0
DA:45,1
DA:48,2
DA:50,2
DA:51,1
DA:52,1
DA:53,1
DA:54,2
DA:55,1
DA:56,1
DA:57,1
DA:58,1
DA:62,1
DA:64,0
DA:65,0
DA:66,0
DA:70,1
DA:74,4
DA:75,1
DA:77,0
DA:78,0
DA:79,0
DA:83,1
DA:85,1
DA:86,4
DA:88,0
DA:89,0
DA:94,1
DA:97,2
DA:99,0
DA:100,0
LF:46
LH:33
end_of_record
SF:lib/app/domain/repositories/search_result_repository/search_result_repo.dart
DA:16,1
DA:19,1
DA:26,2
DA:28,2
DA:32,0
DA:33,0
DA:34,0
DA:38,1
DA:45,2
DA:46,2
DA:47,2
DA:48,1
DA:49,1
DA:50,3
DA:51,1
DA:52,1
DA:56,1
DA:60,0
DA:61,0
DA:62,0
DA:66,1
DA:73,2
DA:75,2
DA:79,0
DA:80,0
DA:81,0
DA:85,1
DA:89,1
DA:90,1
DA:91,1
DA:92,1
DA:94,1
DA:107,1
DA:119,2
DA:121,1
DA:123,1
DA:124,2
DA:127,2
DA:128,1
DA:129,2
DA:130,2
DA:132,1
DA:133,1
DA:134,1
DA:136,2
DA:137,4
DA:138,2
DA:140,1
DA:141,3
DA:143,3
LF:50
LH:41
end_of_record
SF:lib/app/databases/app_database/tables.dart
DA:5,0
DA:6,0
DA:7,0
DA:8,0
DA:9,0
DA:10,0
DA:11,0
DA:12,0
DA:17,0
DA:18,0
DA:19,0
DA:20,0
DA:21,0
DA:26,0
DA:27,0
DA:28,0
DA:29,0
DA:30,0
DA:31,0
DA:32,0
DA:37,0
DA:38,0
DA:39,0
DA:40,0
DA:41,0
DA:43,0
DA:45,0
DA:46,0
DA:51,0
DA:52,0
DA:53,0
DA:54,0
DA:55,0
DA:56,0
DA:57,0
DA:58,0
DA:59,0
DA:64,0
DA:65,0
DA:66,0
DA:67,0
DA:68,0
DA:69,0
DA:70,0
DA:71,0
DA:72,0
DA:77,0
DA:78,0
DA:79,0
DA:80,0
DA:81,0
DA:82,0
DA:83,0
DA:84,0
DA:85,0
DA:90,0
DA:91,0
DA:92,0
DA:93,0
DA:94,0
DA:95,0
DA:97,0
DA:98,0
DA:102,0
DA:103,0
DA:104,0
DA:106,0
DA:107,0
DA:111,0
DA:112,0
DA:114,0
DA:115,0
LF:72
LH:0
end_of_record
SF:lib/app/databases/connection/native.dart
DA:9,0
DA:11,0
DA:12,0
DA:13,0
DA:17,0
DA:18,0
DA:19,0
LF:7
LH:0
end_of_record
SF:lib/app/domain/entity/detail_album/detail_album_model.dart
DA:11,0
DA:12,0
DA:24,0
DA:25,0
DA:32,0
DA:33,0
LF:6
LH:0
end_of_record
SF:lib/app/domain/entity/detail_album/detail_album_model.g.dart
DA:9,0
DA:11,0
DA:12,0
DA:13,0
DA:14,0
DA:17,0
DA:19,0
DA:20,0
DA:23,0
DA:24,0
DA:25,0
DA:26,0
DA:27,0
DA:28,0
DA:29,0
DA:32,0
DA:33,0
DA:34,0
DA:35,0
DA:36,0
DA:37,0
DA:38,0
DA:41,0
DA:43,0
DA:44,0
DA:47,0
DA:49,0
DA:50,0
LF:28
LH:0
end_of_record
SF:lib/app/domain/entity/genres_model/genres_model.dart
DA:9,0
DA:10,0
DA:21,0
LF:3
LH:0
end_of_record
SF:lib/app/domain/entity/genres_model/genres_model.g.dart
DA:9,0
DA:10,0
DA:11,0
DA:12,0
DA:13,0
DA:16,0
DA:18,0
DA:19,0
DA:22,0
DA:23,0
DA:24,0
DA:25,0
DA:28,0
DA:29,0
DA:30,0
DA:31,0
DA:32,0
LF:17
LH:0
end_of_record
SF:lib/app/domain/entity/home_screen_data/favourite_artist_model/favourite_artist_model.dart
DA:13,0
DA:14,0
DA:24,0
DA:25,0
LF:4
LH:0
end_of_record
SF:lib/app/domain/entity/home_screen_data/favourite_artist_model/favourite_artist_model.g.dart
DA:9,0
DA:11,0
DA:12,0
DA:13,0
DA:14,0
DA:17,0
DA:19,0
DA:20,0
DA:23,0
DA:24,0
DA:25,0
DA:26,0
DA:27,0
DA:30,0
DA:31,0
DA:32,0
DA:33,0
DA:34,0
LF:18
LH:0
end_of_record
SF:lib/app/domain/entity/home_screen_data/home_screen_data.dart
DA:13,0
DA:14,0
DA:27,0
DA:28,0
DA:35,0
DA:36,0
LF:6
LH:0
end_of_record
SF:lib/app/domain/entity/home_screen_data/home_screen_data.g.dart
DA:9,0
DA:11,0
DA:12,0
DA:13,0
DA:14,0
DA:17,0
DA:19,0
DA:20,0
DA:23,0
DA:24,0
DA:25,0
DA:26,0
DA:27,0
DA:28,0
DA:29,0
DA:32,0
DA:34,0
DA:35,0
DA:36,0
DA:37,0
DA:38,0
DA:39,0
DA:42,0
DA:43,0
DA:44,0
DA:45,0
DA:48,0
DA:49,0
DA:50,0
DA:51,0
LF:30
LH:0
end_of_record
SF:lib/app/domain/entity/search_result/search_result_model.dart
DA:14,0
DA:15,0
DA:28,0
DA:29,0
DA:39,0
DA:40,0
LF:6
LH:0
end_of_record
SF:lib/app/domain/entity/search_result/search_result_model.g.dart
DA:9,0
DA:11,0
DA:12,0
DA:13,0
DA:14,0
DA:17,0
DA:19,0
DA:20,0
DA:23,0
DA:24,0
DA:25,0
DA:26,0
DA:27,0
DA:28,0
DA:29,0
DA:32,0
DA:33,0
DA:34,0
DA:35,0
DA:36,0
DA:37,0
DA:38,0
DA:41,0
DA:43,0
DA:44,0
DA:45,0
DA:48,0
DA:50,0
DA:51,0
DA:52,0
LF:30
LH:0
end_of_record
SF:lib/app/domain/entity/song_model/song_model.dart
DA:16,0
DA:17,0
DA:26,0
LF:3
LH:0
end_of_record
SF:lib/app/domain/entity/song_model/song_model.g.dart
DA:9,0
DA:11,0
DA:12,0
DA:13,0
DA:14,0
DA:15,0
DA:16,0
DA:17,0
DA:20,0
DA:22,0
DA:23,0
DA:24,0
DA:25,0
DA:26,0
DA:29,0
DA:30,0
DA:31,0
DA:34,0
DA:35,0
DA:36,0
DA:37,0
LF:21
LH:0
end_of_record
SF:lib/app/domain/entity/played_song_model.dart
DA:6,7
LF:1
LH:1
end_of_record
SF:lib/app/domain/entity/recently_played_model/recently_played_model.dart
DA:13,0
DA:14,0
DA:21,0
DA:33,0
DA:34,0
DA:44,0
LF:6
LH:0
end_of_record
SF:lib/app/domain/entity/recently_played_model/recently_played_model.g.dart
DA:9,0
DA:11,0
DA:12,0
DA:15,0
DA:17,0
DA:18,0
DA:21,0
DA:22,0
DA:23,0
DA:24,0
DA:27,0
DA:28,0
DA:29,0
DA:32,0
DA:33,0
DA:34,0
DA:35,0
DA:36,0
DA:37,0
DA:38,0
DA:41,0
DA:42,0
DA:43,0
DA:44,0
DA:45,0
DA:46,0
DA:47,0
DA:50,0
DA:51,0
DA:52,0
DA:53,0
DA:56,0
DA:57,0
DA:58,0
DA:59,0
DA:60,0
LF:36
LH:0
end_of_record
SF:lib/app/domain/repositories/album_details_repository/album_details_repository.dart
DA:17,1
DA:21,1
DA:24,1
DA:26,1
DA:29,1
DA:30,1
DA:33,0
DA:34,0
DA:35,0
DA:40,1
DA:42,4
DA:44,2
DA:45,1
DA:46,1
DA:51,1
DA:54,2
DA:55,1
DA:56,1
DA:57,1
DA:58,1
DA:59,2
DA:60,1
DA:61,3
DA:63,1
DA:65,2
DA:69,2
DA:70,1
DA:71,1
DA:76,1
DA:78,2
DA:79,2
DA:81,2
DA:82,1
DA:83,1
LF:34
LH:31
end_of_record
SF:lib/app/domain/repositories/genres_repository/genres_repository.dart
DA:18,1
DA:22,1
DA:24,2
DA:25,1
DA:26,2
DA:27,1
DA:28,1
DA:30,1
DA:32,2
DA:36,0
DA:37,0
DA:42,1
DA:45,1
DA:47,1
DA:48,1
DA:50,2
DA:53,1
DA:54,2
DA:55,1
DA:60,1
DA:62,2
DA:63,2
DA:66,0
DA:67,0
DA:68,0
DA:73,1
DA:75,2
DA:76,1
DA:78,2
DA:79,1
LF:30
LH:25
end_of_record
SF:lib/app/domain/repositories/song_detail_repository/song_detail_repository.dart
DA:16,1
DA:18,1
DA:20,1
DA:22,3
DA:25,2
DA:27,1
DA:28,1
DA:29,1
DA:30,1
DA:31,1
DA:32,1
DA:33,3
DA:34,1
DA:35,3
DA:38,2
DA:42,4
LF:16
LH:16
end_of_record
SF:lib/resources/app_images.dart
DA:4,0
LF:1
LH:0
end_of_record
SF:lib/resources/fonts.dart
DA:4,0
LF:1
LH:0
end_of_record
SF:lib/app/domain/services/api_service/service.chopper.dart
DA:11,0
DA:13,0
DA:19,0
DA:21,0
DA:22,0
DA:25,0
DA:27,0
DA:30,0
DA:32,0
DA:33,0
DA:36,0
DA:38,0
DA:41,0
DA:43,0
DA:44,0
DA:47,0
DA:49,0
DA:50,0
DA:53,0
DA:55,0
DA:56,0
DA:59,0
DA:61,0
DA:62,0
DA:65,0
DA:70,0
DA:71,0
DA:75,0
DA:78,0
DA:81,0
DA:84,0
DA:90,0
DA:91,0
DA:96,0
DA:99,0
DA:102,0
DA:105,0
DA:111,0
DA:112,0
DA:117,0
DA:120,0
DA:123,0
DA:126,0
DA:132,0
DA:133,0
DA:138,0
DA:141,0
DA:144,0
DA:147,0
DA:149,0
DA:150,0
DA:153,0
DA:155,0
LF:53
LH:0
end_of_record
SF:lib/app/domain/services/api_service/service.dart
DA:12,0
DA:13,0
DA:14,0
LF:3
LH:0
end_of_record
SF:lib/app/domain/services/api_service/json_serializable.dart
DA:7,0
DA:18,0
DA:21,0
DA:22,0
DA:24,0
DA:25,0
DA:26,0
DA:30,0
DA:33,0
DA:37,0
DA:38,0
DA:39,0
DA:42,0
DA:46,0
DA:50,0
DA:54,0
DA:55,0
DA:61,0
DA:62,0
DA:63,0
DA:64,0
DA:67,0
DA:70,0
DA:71,0
LF:24
LH:0
end_of_record
SF:lib/app/domain/services/firebase_service/firebase_service.dart
DA:22,0
DA:24,0
DA:25,0
DA:27,0
DA:29,0
DA:32,0
DA:33,0
DA:38,0
DA:40,0
DA:41,0
DA:42,0
DA:43,0
DA:45,0
DA:48,0
DA:53,0
DA:54,0
DA:56,0
DA:58,0
DA:60,0
DA:61,0
DA:66,1
DA:68,1
DA:70,0
DA:72,0
DA:74,0
DA:75,0
DA:80,1
DA:82,1
DA:84,0
DA:86,0
DA:88,0
DA:89,0
DA:94,0
DA:95,0
DA:97,0
DA:98,0
DA:100,0
DA:105,0
DA:107,0
DA:109,0
DA:111,0
DA:115,0
DA:116,0
DA:118,0
DA:119,0
DA:120,0
DA:122,0
DA:124,0
DA:127,0
DA:128,0
DA:129,0
DA:130,0
DA:131,0
DA:132,0
DA:134,0
DA:137,0
DA:138,0
DA:139,0
DA:140,0
DA:148,1
DA:154,1
DA:155,0
DA:156,0
DA:158,2
DA:159,2
DA:160,2
DA:163,0
DA:167,1
DA:169,2
DA:175,0
DA:180,1
DA:182,2
DA:188,0
DA:193,0
DA:195,0
DA:197,0
DA:198,0
LF:77
LH:13
end_of_record
SF:lib/flutter_gen/gen_l10n/app_localizations.dart
DA:64,45
DA:68,15
DA:69,15
DA:550,48
DA:552,15
DA:554,30
DA:557,15
DA:558,45
DA:560,0
DA:564,15
DA:568,15
DA:569,15
DA:570,30
DA:571,0
DA:574,0
LF:15
LH:12
end_of_record
SF:lib/app/ui/navigation/navigation_routes.dart
DA:6,0
DA:7,0
DA:8,0
DA:11,0
DA:12,0
DA:14,0
DA:15,0
DA:18,0
DA:19,0
DA:24,0
DA:25,0
DA:26,0
DA:29,0
DA:30,0
DA:32,0
DA:33,0
DA:52,0
DA:53,0
DA:54,0
DA:55,0
DA:56,0
DA:57,4
DA:58,0
DA:59,2
DA:60,2
DA:61,0
DA:62,0
LF:27
LH:3
end_of_record
SF:lib/app/ui/widgets/widgets/app_alert.dart
DA:9,0
DA:16,0
DA:18,0
DA:19,0
DA:20,0
DA:21,0
DA:22,0
DA:23,0
DA:24,0
DA:26,0
DA:27,0
DA:28,0
DA:38,0
DA:43,0
DA:45,0
DA:46,0
DA:47,0
DA:48,0
DA:49,0
DA:50,0
DA:51,0
DA:52,0
DA:61,0
DA:62,0
DA:64,0
DA:67,0
DA:68,0
DA:70,0
DA:71,0
LF:29
LH:0
end_of_record
SF:lib/app/domain/services/image_picker_service/image_picker_service_io.dart
DA:11,0
DA:13,0
DA:23,0
DA:24,0
DA:25,0
DA:26,0
DA:27,0
DA:28,0
DA:30,0
DA:33,0
DA:34,0
DA:39,0
DA:40,0
DA:45,0
DA:46,0
DA:47,0
DA:48,0
DA:49,0
DA:50,0
DA:52,0
LF:20
LH:0
end_of_record
SF:lib/app/ui/widgets/screens/album_detail_screen/album_detail_screen.dart
DA:13,1
DA:20,1
DA:21,1
DA:25,1
DA:27,1
DA:28,1
DA:31,0
DA:33,0
DA:34,0
DA:36,0
DA:39,1
DA:40,3
DA:41,3
DA:45,1
DA:47,1
DA:48,1
DA:49,1
DA:50,1
DA:53,1
DA:54,1
DA:55,2
DA:56,1
DA:57,1
DA:65,1
DA:74,1
DA:76,3
DA:77,3
DA:78,1
DA:80,2
DA:81,1
DA:82,2
DA:84,1
DA:85,2
DA:86,2
DA:87,2
DA:88,2
DA:89,1
DA:90,1
DA:91,2
DA:92,1
DA:94,4
LF:41
LH:37
end_of_record
SF:lib/app/ui/widgets/screens/album_detail_screen/content_widgets/app_bar_buttons.dart
DA:15,1
DA:23,1
DA:25,1
DA:26,3
DA:27,1
DA:28,1
DA:30,1
DA:31,1
DA:32,1
DA:34,2
DA:35,1
DA:36,1
DA:37,1
DA:38,1
DA:39,1
DA:40,1
DA:42,1
DA:51,1
DA:53,1
DA:55,3
DA:56,2
DA:57,2
DA:58,1
DA:60,3
DA:61,1
DA:63,1
DA:67,1
DA:68,1
DA:69,0
DA:70,1
DA:71,0
DA:72,2
DA:74,1
DA:82,0
DA:83,0
DA:84,0
DA:94,1
DA:100,1
DA:102,1
DA:104,1
DA:105,1
DA:106,1
DA:108,0
DA:109,1
DA:110,1
DA:112,0
DA:113,1
DA:114,1
DA:115,1
DA:116,1
DA:117,1
DA:118,1
DA:120,4
DA:130,1
DA:133,1
DA:134,1
DA:140,1
DA:142,1
DA:143,1
DA:144,1
DA:145,3
DA:147,0
DA:149,1
DA:150,1
DA:155,0
DA:156,0
DA:157,0
DA:158,0
DA:159,0
DA:161,0
DA:162,0
DA:163,0
DA:164,0
DA:165,0
DA:168,0
LF:75
LH:56
end_of_record
SF:lib/app/ui/widgets/screens/search_screen/bloc_loaded_state/search_section.dart
DA:15,2
DA:21,1
DA:23,1
DA:24,3
DA:25,2
DA:26,2
DA:32,1
DA:41,1
DA:43,1
DA:44,1
DA:45,2
DA:46,1
DA:47,1
DA:55,1
DA:62,1
DA:64,2
DA:65,1
DA:67,1
DA:69,1
DA:71,1
DA:72,2
DA:82,1
DA:83,1
DA:90,1
DA:96,1
DA:98,1
DA:100,1
DA:102,1
DA:103,3
DA:104,1
DA:108,1
DA:110,2
DA:111,1
DA:112,1
DA:114,1
DA:115,1
DA:116,1
DA:129,1
DA:132,1
DA:134,1
DA:136,1
DA:137,1
DA:138,1
DA:139,1
DA:141,1
DA:145,1
DA:146,0
DA:147,1
DA:148,1
DA:149,1
DA:150,1
DA:158,0
DA:159,0
DA:160,0
DA:161,0
DA:162,0
DA:163,0
LF:57
LH:50
end_of_record
SF:lib/app/ui/widgets/screens/album_detail_screen/content_widgets/create_background_image.dart
DA:7,1
DA:12,1
DA:14,4
DA:15,1
DA:16,1
DA:17,1
DA:23,1
DA:24,1
DA:25,1
DA:28,1
DA:30,1
DA:33,1
DA:35,1
DA:36,1
LF:14
LH:14
end_of_record
SF:lib/app/ui/widgets/screens/album_detail_screen/content_widgets/detail_album_list_view.dart
DA:10,1
DA:19,1
DA:21,3
DA:22,1
DA:24,4
DA:25,2
DA:26,3
DA:27,2
DA:28,1
DA:32,1
DA:33,1
DA:35,1
DA:41,1
DA:44,1
DA:45,1
DA:46,1
DA:47,1
DA:48,1
DA:49,1
DA:50,1
DA:55,1
DA:57,1
DA:58,1
DA:61,1
DA:62,1
DA:63,1
DA:71,1
DA:72,1
DA:73,1
DA:74,1
DA:79,1
DA:80,2
DA:94,1
DA:97,1
DA:99,2
DA:100,4
DA:101,1
DA:102,1
DA:103,1
DA:104,1
DA:105,1
DA:106,1
DA:110,0
DA:111,0
DA:112,0
DA:113,0
DA:116,0
DA:117,0
DA:120,1
DA:121,1
DA:124,1
DA:125,0
DA:126,0
DA:128,1
DA:134,0
DA:135,0
DA:137,0
DA:142,1
DA:152,1
DA:154,1
DA:155,1
DA:156,1
DA:157,4
DA:158,5
DA:159,4
DA:160,4
DA:161,1
DA:165,1
DA:166,0
LF:69
LH:57
end_of_record
SF:lib/app/ui/widgets/screens/album_detail_screen/content_widgets/no_data_widget.dart
DA:6,192
DA:10,2
DA:12,2
DA:13,2
DA:14,2
DA:17,2
DA:18,2
DA:20,2
DA:23,0
DA:24,0
DA:27,2
DA:28,10
DA:30,2
DA:31,2
DA:32,4
LF:15
LH:13
end_of_record
SF:lib/app/ui/widgets/screens/detail_music_screen/content_widgets/create_slider_section.dart
DA:11,1
DA:13,1
DA:14,1
DA:23,1
DA:25,1
DA:28,1
DA:30,2
DA:31,1
DA:32,4
DA:33,1
DA:34,2
DA:35,1
DA:40,1
DA:43,2
DA:44,1
DA:47,1
DA:49,3
DA:50,3
DA:51,1
DA:53,1
DA:54,4
DA:60,1
DA:61,2
DA:62,1
DA:64,1
DA:65,1
DA:69,0
DA:70,0
DA:73,6
DA:83,0
DA:84,0
DA:85,0
DA:86,0
DA:88,0
DA:89,0
DA:90,0
DA:93,1
DA:94,2
DA:95,1
DA:96,2
DA:97,2
DA:98,1
LF:42
LH:33
end_of_record
SF:lib/app/ui/widgets/screens/detail_music_screen/content_widgets/create_title_section.dart
DA:9,1
DA:12,1
DA:14,1
DA:16,1
DA:17,1
DA:19,1
DA:20,0
DA:21,1
DA:22,2
DA:23,2
DA:26,1
DA:27,2
DA:28,3
DA:29,2
DA:30,2
DA:31,2
LF:16
LH:15
end_of_record
SF:lib/app/ui/widgets/screens/detail_music_screen/content_widgets/music_control_section.dart
DA:11,1
DA:13,1
DA:15,1
DA:19,1
DA:22,7
DA:23,1
DA:25,1
DA:26,1
DA:29,1
DA:30,0
DA:31,2
DA:32,1
DA:35,1
DA:36,0
DA:43,1
DA:51,1
DA:53,1
DA:54,1
DA:55,1
DA:56,1
DA:57,1
DA:60,1
DA:61,0
DA:62,0
DA:63,0
DA:69,2
DA:73,1
DA:74,1
DA:75,1
DA:78,1
DA:79,0
DA:80,0
DA:81,0
LF:33
LH:25
end_of_record
SF:lib/app/ui/widgets/screens/detail_music_screen/web/content_widgets/music_control_section.dart
DA:12,1
DA:18,1
DA:20,3
DA:21,1
DA:22,1
DA:23,1
DA:24,1
DA:26,1
DA:27,1
DA:35,1
DA:44,1
DA:46,1
DA:48,1
DA:49,1
DA:50,1
DA:51,2
DA:52,1
DA:53,2
DA:54,2
DA:55,2
DA:56,1
DA:59,1
DA:60,0
DA:74,1
DA:81,1
DA:83,1
DA:84,1
DA:90,1
DA:92,1
DA:93,1
DA:94,1
DA:95,3
DA:97,0
DA:99,1
DA:100,0
DA:101,0
DA:102,0
DA:103,0
DA:105,0
DA:106,0
DA:107,0
DA:108,0
DA:109,0
DA:111,0
DA:113,1
LF:45
LH:33
end_of_record
SF:lib/app/ui/widgets/screens/detail_music_screen/web/content_widgets/volume_slider.dart
DA:5,48
DA:7,1
DA:9,1
DA:10,1
DA:11,1
DA:12,0
DA:15,1
DA:17,1
DA:18,4
DA:19,1
DA:20,1
DA:22,1
DA:25,0
LF:13
LH:11
end_of_record
SF:lib/app/ui/widgets/screens/detail_music_screen/web/inactive_web_detail.dart
DA:6,48
DA:8,2
DA:10,2
DA:11,2
DA:31,48
DA:33,2
DA:35,2
DA:37,2
DA:51,2
DA:52,2
DA:53,2
DA:57,6
DA:84,48
DA:86,2
DA:88,2
DA:89,2
DA:96,2
DA:97,8
LF:18
LH:18
end_of_record
SF:lib/app/ui/widgets/screens/detail_music_screen/mobile/detail_music_screen.dart
DA:13,1
DA:16,1
DA:18,1
DA:19,1
DA:20,1
DA:21,1
DA:22,1
DA:25,2
DA:26,1
DA:27,1
DA:28,1
DA:35,1
DA:45,1
DA:47,3
DA:48,3
DA:49,3
DA:50,1
DA:51,1
DA:52,1
DA:53,1
DA:54,1
DA:55,2
DA:56,1
DA:57,1
DA:59,1
DA:60,1
DA:61,1
DA:62,1
DA:64,1
DA:65,1
DA:67,1
DA:68,1
DA:80,0
DA:81,0
DA:82,0
DA:84,0
DA:85,0
DA:86,0
DA:87,0
DA:89,0
DA:90,0
DA:103,1
DA:113,1
DA:115,1
DA:116,1
DA:117,3
DA:118,3
DA:120,1
DA:121,2
DA:122,4
DA:123,2
DA:124,1
DA:125,2
DA:129,0
LF:54
LH:44
end_of_record
SF:lib/app/ui/widgets/screens/detail_music_screen/mini_player/mini_player_widget.dart
DA:19,48
DA:21,1
DA:22,1
DA:26,1
DA:28,2
DA:29,4
DA:30,0
DA:31,0
DA:33,2
DA:34,3
DA:36,3
DA:44,1
DA:46,1
DA:48,1
DA:49,1
DA:50,1
DA:51,0
DA:52,1
DA:55,1
DA:56,3
DA:65,1
DA:67,1
DA:69,3
DA:74,1
DA:83,1
DA:85,5
DA:86,1
DA:87,1
DA:88,2
DA:89,2
DA:90,1
DA:91,1
DA:92,2
DA:93,2
DA:96,1
DA:99,0
DA:104,1
DA:106,1
DA:107,2
DA:108,1
DA:109,2
DA:110,2
DA:111,2
DA:119,1
DA:125,1
DA:127,1
DA:129,1
DA:131,1
DA:134,2
DA:135,1
DA:136,2
DA:140,0
LF:52
LH:47
end_of_record
SF:lib/app/ui/widgets/widgets/custom_buttons/like_buton_widget.dart
DA:15,3
DA:22,3
DA:24,3
DA:25,3
DA:31,3
DA:33,3
DA:34,3
DA:35,3
DA:36,9
DA:38,3
DA:39,0
DA:40,0
DA:41,0
DA:42,0
DA:44,0
DA:45,0
DA:46,0
DA:47,0
DA:48,0
DA:50,0
DA:52,3
LF:21
LH:11
end_of_record
SF:lib/app/ui/widgets/widgets/custom_buttons/play_pause_button.dart
DA:15,5
DA:23,5
DA:25,10
DA:26,5
DA:27,5
DA:30,5
DA:31,0
DA:32,0
DA:33,0
DA:36,5
DA:37,0
DA:38,10
DA:40,13
DA:42,5
DA:43,1
DA:44,1
DA:45,3
DA:48,5
DA:49,0
DA:50,10
DA:52,13
DA:58,1
DA:59,1
DA:60,2
DA:61,3
DA:63,0
DA:64,0
DA:69,0
DA:70,0
DA:71,0
DA:74,0
LF:31
LH:20
end_of_record
SF:lib/app/ui/widgets/widgets/fading_indicator.dart
DA:6,624
DA:9,0
DA:11,9
DA:13,9
DA:24,9
DA:26,9
DA:27,9
DA:28,9
DA:29,9
DA:36,9
DA:38,18
DA:39,9
DA:42,9
DA:44,9
DA:45,9
DA:46,27
DA:47,9
DA:48,18
DA:49,27
DA:51,9
DA:54,9
DA:56,45
DA:57,9
DA:59,9
DA:60,9
DA:63,9
DA:64,18
DA:65,9
DA:66,36
DA:67,9
DA:79,9
DA:88,9
DA:92,9
DA:96,9
DA:98,72
DA:105,9
DA:106,18
LF:37
LH:36
end_of_record
SF:lib/app/ui/widgets/widgets/songs_title_widget.dart
DA:8,9
DA:17,9
DA:27,9
DA:28,9
DA:32,9
DA:34,9
DA:35,9
DA:36,18
DA:37,18
DA:38,9
DA:39,9
DA:40,18
DA:41,18
DA:43,9
DA:44,9
DA:45,18
DA:48,18
DA:50,18
DA:52,9
DA:53,18
DA:54,18
DA:55,9
DA:57,18
DA:60,18
LF:24
LH:24
end_of_record
SF:lib/app/ui/widgets/widgets/ui_properties.dart
DA:6,20
DA:8,20
DA:10,19
DA:12,18
DA:14,18
LF:5
LH:5
end_of_record
SF:lib/app/ui/widgets/screens/detail_music_screen/web/web_detail.dart
DA:12,49
DA:14,2
DA:15,2
DA:19,2
DA:21,4
DA:22,8
DA:23,2
DA:24,6
DA:27,2
DA:28,3
DA:30,3
DA:38,2
DA:40,1
DA:42,1
DA:43,1
DA:44,1
DA:45,1
DA:46,1
DA:49,1
DA:50,3
DA:59,1
DA:61,1
DA:63,1
DA:64,1
DA:65,1
DA:66,1
DA:67,3
DA:68,1
DA:69,3
DA:70,1
DA:71,3
DA:72,1
DA:73,3
DA:80,1
DA:89,1
DA:91,1
DA:92,2
DA:96,2
DA:97,3
DA:105,1
DA:114,1
DA:116,2
DA:117,2
DA:119,2
DA:120,3
DA:127,1
DA:137,1
DA:139,2
DA:140,1
DA:143,1
DA:144,2
DA:145,1
DA:146,2
DA:147,2
DA:152,2
DA:153,3
DA:160,1
DA:170,1
DA:172,2
DA:173,1
DA:176,1
DA:177,2
DA:178,1
DA:179,2
DA:180,2
DA:185,1
DA:186,1
DA:188,3
DA:195,1
DA:201,1
DA:203,1
DA:205,1
DA:207,1
DA:210,2
DA:211,1
DA:212,2
DA:216,0
LF:77
LH:76
end_of_record
SF:lib/app/ui/widgets/screens/home_screen/content_widgets/best_album_list.dart
DA:12,49
DA:13,1
DA:15,2
DA:16,1
DA:17,1
DA:18,1
DA:21,3
DA:29,1
DA:30,1
DA:32,3
DA:33,3
DA:35,1
DA:36,2
DA:40,4
DA:41,1
DA:42,3
DA:43,3
DA:44,3
DA:45,3
DA:48,2
DA:53,1
DA:56,5
DA:57,1
DA:58,1
DA:59,3
DA:60,3
DA:61,3
DA:62,3
DA:63,1
DA:75,2
DA:81,2
DA:83,2
DA:84,1
DA:85,3
DA:86,4
DA:87,4
DA:88,1
DA:90,2
DA:92,2
DA:93,2
DA:94,2
DA:99,4
DA:100,4
DA:102,6
DA:111,2
DA:119,2
DA:121,2
DA:122,2
DA:124,2
DA:127,2
DA:128,2
DA:129,4
DA:130,2
DA:132,2
DA:133,2
DA:141,2
DA:142,6
DA:160,2
DA:166,2
DA:168,6
DA:169,2
DA:173,2
DA:174,2
DA:175,2
DA:176,2
DA:179,2
DA:180,2
DA:188,48
DA:190,2
DA:192,2
DA:193,4
DA:194,2
DA:195,2
DA:197,0
DA:198,2
DA:199,2
LF:76
LH:75
end_of_record
SF:lib/app/ui/widgets/screens/home_screen/content_widgets/favorite_artist_list.dart
DA:9,49
DA:13,1
DA:15,1
DA:16,2
DA:17,1
DA:18,1
DA:19,1
DA:20,1
DA:21,1
DA:24,3
DA:31,1
DA:38,1
DA:39,1
DA:48,1
DA:50,1
DA:52,2
DA:53,0
DA:54,0
DA:55,0
DA:56,0
DA:61,1
DA:63,2
DA:64,1
DA:67,1
DA:69,2
DA:70,2
DA:71,1
DA:72,1
DA:74,5
DA:75,1
DA:76,4
DA:77,4
DA:80,1
DA:85,1
DA:86,1
DA:87,1
DA:88,1
DA:97,2
DA:106,2
DA:108,2
DA:110,4
DA:111,2
DA:115,2
DA:116,2
DA:117,4
DA:118,2
DA:125,4
DA:130,2
DA:134,2
DA:135,2
DA:136,6
DA:137,2
LF:52
LH:48
end_of_record
SF:lib/app/ui/widgets/screens/home_screen/content_widgets/recently_played_list.dart
DA:10,49
DA:14,1
DA:16,1
DA:17,2
DA:18,1
DA:19,1
DA:20,1
DA:21,1
DA:22,1
DA:25,2
DA:26,2
DA:27,2
DA:28,2
DA:29,1
DA:39,2
DA:44,1
DA:45,1
DA:54,1
DA:56,1
DA:57,2
DA:58,2
DA:59,0
DA:60,0
DA:61,0
DA:62,0
DA:67,1
DA:69,2
DA:70,1
DA:73,1
DA:75,2
DA:76,1
DA:77,1
DA:78,1
DA:80,1
DA:81,5
DA:82,2
DA:83,1
DA:84,4
DA:86,4
DA:87,4
DA:88,4
DA:89,4
DA:93,1
DA:98,1
DA:99,1
DA:100,1
DA:101,1
DA:113,2
DA:118,0
DA:120,0
DA:124,0
DA:125,0
DA:128,0
DA:129,0
DA:130,0
DA:134,0
DA:135,0
DA:138,0
DA:139,0
DA:140,0
DA:141,0
DA:142,0
DA:143,0
DA:144,0
DA:146,0
DA:163,2
DA:172,2
DA:174,6
DA:176,2
DA:178,4
DA:179,2
DA:180,2
DA:181,4
DA:182,6
DA:188,2
DA:192,2
DA:193,2
DA:194,2
DA:195,6
DA:207,2
DA:217,2
DA:219,2
DA:222,2
DA:223,2
DA:224,0
DA:225,0
DA:229,2
DA:231,2
DA:233,2
DA:241,2
DA:246,2
DA:248,2
DA:252,2
DA:253,2
DA:254,2
DA:255,2
DA:262,4
LF:97
LH:74
end_of_record
SF:lib/app/ui/widgets/screens/home_screen/home_screen.dart
DA:11,0
DA:13,0
DA:14,0
DA:18,0
DA:20,0
DA:21,0
DA:22,0
DA:25,0
DA:27,0
DA:28,0
DA:29,0
DA:32,0
DA:33,0
DA:35,0
DA:36,0
DA:37,0
DA:39,0
DA:40,0
DA:41,0
DA:45,0
DA:51,0
DA:52,0
DA:58,0
DA:60,0
DA:61,0
DA:62,0
DA:63,0
DA:64,0
DA:68,0
DA:69,0
DA:70,0
DA:71,0
DA:75,0
DA:76,0
DA:77,0
DA:80,0
DA:82,0
DA:83,0
DA:86,0
DA:88,0
DA:89,0
DA:90,0
DA:91,0
DA:93,0
DA:95,0
DA:96,0
DA:97,0
DA:101,0
DA:102,0
DA:106,0
DA:109,0
DA:110,0
DA:111,0
DA:112,0
DA:113,0
DA:117,0
DA:120,0
DA:127,0
DA:129,0
DA:131,0
DA:132,0
DA:134,0
DA:135,0
DA:136,0
DA:139,0
DA:143,0
DA:144,0
DA:159,0
DA:161,0
DA:162,0
DA:164,0
DA:165,0
DA:167,0
DA:171,0
DA:172,0
DA:184,0
DA:186,0
DA:188,0
DA:189,0
DA:191,0
DA:192,0
LF:81
LH:0
end_of_record
SF:lib/app/ui/widgets/screens/log_pages/widgets/sign_methods.dart
DA:9,2
DA:10,2
DA:12,2
DA:15,2
DA:16,4
DA:30,48
DA:32,2
DA:34,2
DA:37,2
DA:39,2
DA:47,48
DA:49,2
DA:51,2
DA:54,2
DA:62,2
DA:68,2
DA:70,2
DA:71,2
DA:72,2
DA:75,2
LF:20
LH:20
end_of_record
SF:lib/app/ui/widgets/screens/my_music_screens/my_music_folders/albums_tracks_list.dart
DA:10,48
DA:12,2
DA:14,2
DA:15,2
DA:16,6
DA:17,2
DA:19,2
DA:21,2
DA:22,2
DA:23,2
DA:24,0
DA:25,0
DA:26,0
DA:28,0
DA:31,2
DA:38,2
DA:39,2
DA:40,2
DA:42,4
DA:44,2
DA:46,4
LF:21
LH:17
end_of_record
SF:lib/app/ui/widgets/screens/my_music_screens/widgets/playlist_card.dart
DA:7,2
DA:10,2
DA:12,6
DA:13,4
DA:14,2
DA:16,4
DA:18,4
DA:19,2
DA:20,2
DA:21,2
DA:23,2
DA:24,2
DA:25,2
DA:28,10
DA:31,2
DA:32,8
LF:16
LH:16
end_of_record
SF:lib/app/ui/widgets/screens/my_music_screens/my_music_folders/my_favorite_album.dart
DA:12,1
DA:16,1
DA:18,1
DA:19,1
DA:20,1
DA:21,1
DA:22,1
DA:23,1
DA:24,1
DA:26,1
DA:27,3
DA:35,1
DA:40,1
DA:42,1
DA:43,2
DA:44,0
DA:46,1
DA:47,2
DA:48,1
DA:49,1
DA:50,1
DA:51,2
DA:53,0
DA:54,1
DA:55,1
DA:59,1
DA:60,1
DA:62,1
DA:63,1
DA:64,1
DA:72,1
DA:73,3
DA:74,3
DA:75,1
DA:76,1
DA:79,0
DA:80,0
DA:81,0
LF:38
LH:33
end_of_record
SF:lib/app/ui/widgets/screens/my_music_screens/my_music_folders/widgets/common_favourite_list_biew_body.dart
DA:6,1
DA:14,1
DA:23,1
DA:25,1
DA:26,1
DA:27,1
DA:28,3
DA:30,1
DA:33,2
DA:34,2
DA:36,0
DA:37,0
DA:39,1
LF:13
LH:11
end_of_record
SF:lib/app/ui/widgets/screens/my_music_screens/my_music_folders/my_favorite_songs.dart
DA:15,1
DA:19,1
DA:21,1
DA:22,1
DA:23,1
DA:24,1
DA:25,1
DA:26,1
DA:27,1
DA:29,1
DA:30,3
DA:38,1
DA:40,1
DA:42,1
DA:43,2
DA:44,0
DA:46,1
DA:47,2
DA:48,1
DA:49,1
DA:50,1
DA:51,1
DA:52,1
DA:53,2
DA:64,1
DA:70,1
DA:72,1
DA:73,0
DA:74,0
DA:75,0
DA:77,0
DA:78,0
DA:80,1
DA:81,1
DA:82,1
DA:86,1
DA:87,2
DA:89,1
DA:90,2
DA:91,2
DA:98,0
DA:99,0
DA:101,0
DA:102,0
DA:107,1
DA:113,0
DA:115,0
DA:116,0
DA:117,0
DA:118,0
DA:121,0
DA:122,0
LF:52
LH:35
end_of_record
SF:lib/app/ui/widgets/screens/my_music_screens/my_music_folders/widgets/favorite_list_content.dart
DA:8,1
DA:15,1
DA:17,1
DA:21,1
DA:22,1
DA:24,1
DA:27,1
DA:28,1
DA:29,1
DA:30,2
DA:31,1
DA:35,1
DA:36,1
DA:38,1
DA:39,2
DA:40,2
DA:47,1
DA:49,1
DA:50,0
DA:58,1
DA:64,1
DA:66,2
DA:67,2
DA:68,1
DA:69,1
DA:70,1
DA:72,1
DA:73,3
DA:74,1
DA:75,1
DA:76,1
DA:77,1
DA:78,1
DA:79,3
DA:83,1
DA:88,3
DA:89,2
DA:90,1
DA:99,1
DA:104,1
DA:106,2
DA:108,8
DA:109,1
DA:110,1
DA:111,1
DA:112,2
DA:113,1
DA:114,1
DA:115,2
DA:117,1
DA:118,2
DA:119,2
DA:120,1
DA:127,1
DA:128,1
DA:130,6
DA:131,2
LF:57
LH:56
end_of_record
SF:lib/app/ui/widgets/screens/my_music_screens/my_music_folders/widgets/screen_main_structure.dart
DA:10,2
DA:12,1
DA:14,1
DA:15,1
DA:16,1
DA:17,1
DA:18,1
DA:19,1
DA:21,0
DA:22,0
DA:24,1
DA:25,1
DA:27,1
DA:28,2
DA:30,1
DA:31,1
DA:32,1
DA:33,1
DA:34,1
DA:35,1
DA:37,1
DA:38,1
DA:40,1
DA:41,1
DA:42,1
DA:43,1
DA:47,2
DA:55,0
DA:61,0
DA:63,0
DA:68,144
DA:72,1
DA:74,1
DA:75,1
DA:76,2
DA:77,1
DA:78,1
LF:37
LH:32
end_of_record
SF:lib/app/ui/widgets/screens/my_music_screens/my_music_screen.dart
DA:13,49
DA:15,2
DA:16,2
DA:20,2
DA:22,2
DA:23,2
DA:24,2
DA:25,2
DA:27,2
DA:28,2
DA:30,2
DA:31,4
DA:32,6
DA:35,2
DA:37,2
DA:38,0
DA:39,2
DA:40,2
DA:42,2
DA:43,2
DA:47,1
DA:50,2
DA:51,2
DA:52,2
DA:54,2
DA:55,0
DA:56,0
DA:58,2
DA:63,2
DA:66,2
DA:74,48
DA:76,2
DA:78,2
DA:79,2
DA:81,2
DA:83,2
DA:84,2
DA:85,4
DA:103,48
DA:105,0
LF:40
LH:36
end_of_record
SF:lib/app/ui/widgets/screens/my_music_screens/new_playlist/new_folder.dart
DA:12,48
DA:14,1
DA:15,1
DA:20,1
DA:22,1
DA:23,2
DA:26,1
DA:28,2
DA:29,1
DA:32,1
DA:34,1
DA:35,2
DA:36,2
DA:37,1
DA:39,1
DA:40,1
DA:41,1
DA:42,1
DA:43,3
DA:44,4
DA:45,1
DA:49,1
DA:50,1
DA:51,2
DA:52,1
DA:53,1
DA:60,1
DA:62,1
DA:63,1
DA:68,1
DA:71,1
DA:72,1
DA:73,1
DA:76,1
DA:77,1
DA:78,1
DA:81,1
DA:83,1
DA:95,1
DA:101,1
DA:103,1
DA:104,1
DA:105,1
DA:106,0
DA:107,1
DA:108,2
DA:109,1
DA:110,1
DA:117,0
DA:118,0
DA:119,0
DA:121,0
DA:122,0
DA:123,0
DA:125,0
DA:129,0
DA:130,0
DA:131,0
DA:132,0
DA:137,0
DA:138,0
DA:140,0
DA:141,0
DA:148,1
DA:154,1
DA:156,1
DA:157,1
DA:158,1
DA:159,1
DA:160,1
DA:161,2
DA:166,2
LF:72
LH:56
end_of_record
SF:lib/app/ui/widgets/screens/my_music_screens/new_playlist/new_playlist_list.dart
DA:11,48
DA:13,2
DA:15,2
DA:16,2
DA:17,2
DA:18,2
DA:19,2
DA:20,1
DA:29,1
DA:34,1
DA:36,2
DA:37,1
DA:38,4
DA:39,1
DA:41,2
DA:43,1
DA:44,1
DA:45,0
DA:46,0
DA:48,2
LF:20
LH:18
end_of_record
SF:lib/app/ui/widgets/screens/search_screen/bloc_empty_state/mobile/recently_searched_list.dart
DA:12,1
DA:17,1
DA:19,1
DA:20,1
DA:21,1
DA:22,0
DA:24,0
DA:25,1
DA:26,3
DA:34,1
DA:38,1
DA:43,1
DA:44,1
DA:45,2
DA:46,2
DA:47,1
DA:48,1
DA:51,6
DA:52,1
DA:55,2
DA:56,0
DA:57,1
DA:58,2
DA:60,1
DA:61,0
DA:62,1
DA:64,1
DA:65,1
DA:67,1
DA:68,1
DA:69,1
DA:78,0
DA:79,0
DA:81,0
DA:82,0
DA:87,1
DA:95,1
DA:97,1
DA:99,1
DA:100,1
DA:101,1
DA:102,1
DA:103,1
DA:104,1
DA:105,2
DA:115,0
DA:121,0
DA:124,0
DA:125,0
DA:126,0
DA:127,0
DA:128,0
DA:129,0
DA:131,0
DA:134,0
DA:138,0
DA:139,0
DA:140,0
DA:141,0
LF:59
LH:37
end_of_record
SF:lib/app/ui/widgets/screens/search_screen/bloc_empty_state/mobile/recently_searched_section.dart
DA:10,48
DA:12,1
DA:14,2
DA:18,1
DA:20,1
DA:21,2
DA:22,3
DA:25,1
DA:26,1
DA:28,3
DA:29,1
DA:30,1
DA:31,2
DA:37,4
DA:38,1
DA:39,1
DA:40,0
DA:41,0
DA:42,0
DA:44,1
DA:45,2
DA:46,1
DA:47,1
LF:23
LH:20
end_of_record
SF:lib/app/ui/widgets/screens/search_screen/bloc_empty_state/web/bloc_empty_state.dart
DA:8,49
DA:12,1
DA:13,1
DA:17,1
DA:19,1
DA:20,3
DA:23,1
DA:25,1
DA:26,1
DA:27,1
DA:28,1
DA:30,1
DA:31,1
LF:13
LH:13
end_of_record
SF:lib/app/ui/widgets/screens/search_screen/bloc_empty_state/web/genres_section/create_genres_section.dart
DA:9,48
DA:11,1
DA:13,1
DA:15,1
DA:16,1
DA:18,1
DA:19,2
DA:36,48
DA:38,1
DA:39,1
DA:43,1
DA:45,1
DA:46,4
DA:49,1
DA:51,1
DA:52,1
DA:53,1
DA:54,1
DA:55,1
DA:58,2
DA:59,1
DA:68,1
DA:75,1
DA:77,3
DA:78,1
DA:79,1
DA:80,1
DA:82,1
DA:88,1
DA:90,5
DA:91,1
DA:92,1
DA:93,0
DA:94,2
DA:95,1
DA:96,3
DA:97,3
DA:102,1
DA:110,2
DA:121,2
DA:123,2
DA:124,2
DA:126,4
DA:127,4
DA:128,4
DA:129,4
DA:136,2
DA:142,2
DA:144,2
DA:145,2
DA:147,2
DA:148,2
DA:149,2
DA:166,2
DA:172,2
DA:174,2
DA:175,2
DA:176,2
DA:177,2
DA:178,0
DA:179,4
DA:180,2
DA:188,2
DA:194,2
DA:196,2
DA:197,2
DA:198,2
DA:200,2
DA:201,2
LF:69
LH:67
end_of_record
SF:lib/app/ui/widgets/screens/search_screen/bloc_empty_state/web/recently_searched_section/create_recently_searched_section.dart
DA:7,48
DA:9,1
DA:11,1
DA:13,1
DA:15,1
DA:16,1
DA:18,1
DA:19,2
DA:30,1
DA:31,3
LF:10
LH:10
end_of_record
SF:lib/app/ui/widgets/screens/search_screen/bloc_empty_state/web/recently_searched_section/recently_searched_list_view.dart
DA:12,1
DA:17,1
DA:19,1
DA:20,1
DA:21,1
DA:22,1
DA:23,2
DA:25,0
DA:33,1
DA:38,1
DA:40,1
DA:50,1
DA:52,1
DA:54,2
DA:55,0
DA:56,0
DA:57,0
DA:58,0
DA:63,1
DA:65,2
DA:66,1
DA:69,1
DA:71,2
DA:72,1
DA:73,1
DA:74,1
DA:76,1
DA:77,2
DA:78,1
DA:81,1
DA:86,1
DA:88,1
DA:89,1
DA:90,1
DA:99,1
DA:108,1
DA:111,1
DA:112,2
DA:114,1
DA:115,1
DA:116,2
DA:117,1
DA:118,2
DA:119,0
DA:120,0
DA:121,0
DA:122,0
DA:123,0
DA:124,0
DA:125,0
DA:126,0
DA:128,0
DA:131,1
DA:141,1
DA:149,1
DA:151,1
DA:153,2
DA:154,1
DA:155,1
DA:156,2
DA:157,1
DA:158,1
DA:159,1
DA:170,1
DA:176,1
DA:178,1
DA:180,1
DA:181,1
DA:182,1
DA:183,1
DA:184,1
DA:185,1
DA:187,1
DA:188,3
DA:189,0
DA:190,1
DA:191,1
DA:194,1
DA:195,2
DA:201,1
DA:202,2
DA:203,2
DA:212,1
DA:220,1
DA:222,1
DA:225,1
DA:226,1
DA:227,0
DA:228,0
DA:229,0
DA:233,1
DA:235,2
DA:243,0
DA:247,0
DA:249,0
DA:251,0
DA:252,0
DA:254,0
DA:256,0
DA:257,0
DA:262,0
DA:263,0
DA:264,0
DA:265,0
DA:266,0
DA:267,0
DA:269,0
DA:272,0
LF:108
LH:74
end_of_record
SF:lib/app/ui/widgets/screens/search_screen/bloc_loaded_state/search_result_list.dart
DA:12,2
DA:18,2
DA:23,6
DA:24,2
DA:26,2
DA:27,2
DA:28,2
DA:29,2
DA:31,10
DA:34,2
DA:38,8
DA:39,4
DA:40,4
DA:41,2
DA:42,0
DA:43,2
DA:45,2
DA:46,2
DA:48,2
DA:49,4
DA:50,2
DA:62,0
DA:63,0
DA:64,0
DA:65,0
DA:66,0
DA:67,0
DA:68,0
DA:69,0
DA:70,0
DA:71,0
DA:72,0
DA:73,0
DA:74,0
DA:78,0
DA:79,0
DA:80,0
DA:81,0
DA:82,0
DA:83,0
DA:84,0
DA:86,0
DA:88,0
DA:89,0
DA:90,0
DA:91,0
DA:92,0
DA:93,0
DA:94,0
DA:95,0
DA:102,0
DA:103,0
DA:105,0
DA:106,0
DA:111,2
DA:120,2
DA:122,2
DA:123,2
DA:124,2
DA:125,2
DA:126,8
DA:127,4
DA:129,2
DA:134,4
DA:135,3
DA:136,1
DA:137,1
DA:138,1
DA:140,2
DA:150,1
DA:153,1
DA:155,5
DA:156,1
DA:157,1
DA:158,1
DA:159,1
DA:160,1
DA:161,2
DA:162,1
DA:166,2
DA:172,1
DA:173,1
DA:174,1
DA:175,1
DA:176,1
DA:177,2
DA:178,2
DA:179,3
DA:180,3
DA:181,2
DA:182,3
LF:91
LH:57
end_of_record
SF:lib/app/ui/widgets/screens/search_screen/search_screen.dart
DA:13,1
DA:15,1
DA:16,1
DA:20,2
DA:21,0
DA:22,1
DA:23,1
DA:26,1
DA:28,1
DA:29,1
DA:30,1
DA:31,1
DA:34,1
DA:35,2
DA:36,0
DA:40,1
DA:41,2
DA:42,0
DA:43,0
DA:44,0
DA:48,1
DA:49,2
DA:50,0
DA:51,0
DA:52,0
DA:53,0
DA:54,0
DA:55,0
DA:61,1
DA:63,2
DA:64,2
DA:65,2
DA:67,1
DA:70,1
DA:72,1
DA:73,1
DA:74,1
DA:75,1
DA:76,1
DA:77,1
DA:78,1
DA:79,3
DA:80,1
DA:82,1
DA:83,1
DA:84,1
DA:85,1
DA:86,1
DA:89,1
DA:90,1
DA:91,1
DA:93,1
DA:95,0
DA:96,2
DA:97,1
DA:98,1
DA:99,1
DA:100,1
DA:103,1
DA:104,1
DA:107,1
DA:109,0
DA:111,2
DA:113,2
DA:115,1
DA:132,1
DA:137,1
DA:139,1
DA:141,1
DA:142,1
DA:144,2
DA:146,2
DA:147,1
DA:148,3
DA:151,1
DA:152,1
DA:153,3
DA:154,0
DA:155,0
DA:156,0
LF:80
LH:64
end_of_record
SF:lib/app/ui/widgets/screens/tab_bar/tab_bars/ipad_tab.dart
DA:9,1
DA:14,1
DA:16,1
DA:17,1
DA:18,1
DA:19,1
DA:20,1
DA:21,0
DA:22,0
DA:23,1
DA:24,1
DA:27,1
DA:29,1
DA:31,1
DA:33,1
DA:41,0
DA:42,0
DA:45,1
DA:46,1
DA:47,1
DA:48,2
DA:49,1
DA:50,1
DA:51,2
LF:24
LH:20
end_of_record
SF:lib/app/ui/widgets/screens/tab_bar/tab_bars/mobile_tab.dart
DA:14,1
DA:19,1
DA:21,1
DA:22,1
DA:25,1
DA:26,1
DA:27,1
DA:28,1
DA:29,2
DA:30,1
DA:32,4
DA:33,1
DA:35,4
DA:36,1
DA:37,1
DA:40,0
DA:41,0
DA:50,1
DA:51,2
DA:52,2
DA:54,1
DA:55,0
DA:56,1
DA:57,1
DA:61,2
DA:67,1
DA:71,2
DA:77,0
DA:78,0
LF:29
LH:24
end_of_record
SF:lib/app/ui/widgets/screens/tab_bar/tab_bars/web_tab.dart
DA:15,1
DA:17,1
DA:18,1
DA:23,1
DA:25,3
DA:26,1
DA:27,1
DA:28,2
DA:29,1
DA:30,3
DA:31,2
DA:32,1
DA:33,1
DA:34,2
DA:35,1
DA:36,1
DA:38,1
DA:39,1
DA:40,1
DA:41,2
DA:49,1
DA:51,2
DA:52,1
DA:53,0
DA:62,1
DA:68,1
DA:70,1
DA:71,4
DA:72,4
DA:73,4
DA:74,1
DA:75,1
DA:76,1
DA:77,1
DA:79,1
DA:81,1
DA:82,1
DA:84,1
DA:85,1
DA:86,1
DA:88,1
DA:89,2
DA:90,0
DA:91,0
DA:92,1
DA:97,1
DA:98,1
DA:100,1
DA:101,1
DA:111,1
DA:112,1
DA:113,1
DA:114,2
DA:115,1
DA:116,2
DA:120,0
DA:121,0
LF:57
LH:52
end_of_record
SF:lib/app/ui/widgets/screens/tab_bar/tab_bar_content.dart
DA:11,1
DA:16,1
DA:18,2
DA:19,1
DA:20,0
DA:21,0
DA:23,0
DA:24,0
DA:26,0
DA:27,0
DA:28,0
DA:29,0
DA:30,0
DA:32,0
DA:33,0
DA:34,0
DA:35,0
DA:37,0
DA:41,0
DA:43,1
DA:44,2
DA:45,1
DA:46,1
DA:47,2
DA:48,3
DA:50,1
LF:26
LH:11
end_of_record
SF:lib/app/ui/widgets/widgets/create_scroll_buttons.dart
DA:5,3
DA:19,3
DA:21,3
DA:23,3
DA:24,3
DA:25,0
DA:28,0
DA:29,0
DA:31,0
DA:32,0
DA:33,0
DA:34,0
DA:41,3
DA:42,3
DA:43,0
DA:46,0
DA:47,0
DA:49,0
DA:50,0
DA:51,0
DA:52,0
LF:21
LH:7
end_of_record
SF:lib/app/ui/widgets/widgets/custom_buttons/app_main_custom_button.dart
DA:9,4
DA:15,4
DA:16,4
DA:18,4
DA:19,4
DA:21,4
DA:22,4
DA:23,4
DA:26,4
DA:27,4
DA:31,4
DA:32,4
DA:33,4
DA:34,4
DA:35,4
DA:36,4
LF:16
LH:16
end_of_record
SF:lib/app/ui/widgets/widgets/custom_buttons/custom_like_button.dart
DA:8,3
DA:14,3
DA:15,3
DA:20,6
DA:26,3
DA:28,3
DA:29,0
DA:30,0
DA:31,0
DA:33,3
DA:34,6
DA:35,6
DA:37,6
DA:38,0
DA:41,0
DA:43,3
DA:45,3
DA:52,3
DA:54,6
DA:55,3
LF:20
LH:15
end_of_record
SF:lib/app/ui/widgets/widgets/custom_buttons/custom_play_button.dart
DA:5,7
DA:18,7
DA:19,7
DA:24,14
DA:30,7
DA:32,14
DA:33,7
DA:36,7
DA:38,7
DA:39,2
DA:40,4
DA:41,6
DA:43,6
DA:45,7
DA:46,14
DA:47,14
DA:49,14
DA:50,7
DA:51,14
DA:52,14
DA:53,7
DA:54,14
DA:55,14
LF:23
LH:23
end_of_record
SF:lib/app/ui/widgets/widgets/responsive_widgets/hovered_widget.dart
DA:7,13
DA:12,13
DA:13,13
DA:18,13
DA:20,13
DA:21,13
DA:22,2
DA:23,4
DA:24,2
DA:27,0
DA:28,0
DA:29,0
DA:32,78
LF:13
LH:10
end_of_record
SF:lib/app/ui/widgets/widgets/custom_buttons/platform_response_button.dart
DA:9,56
DA:17,8
DA:19,8
DA:20,8
DA:21,8
DA:22,8
DA:23,8
DA:25,8
LF:8
LH:8
end_of_record
SF:lib/app/ui/widgets/widgets/custom_containers_widgets/animated_container.dart
DA:5,97
DA:9,2
DA:11,2
DA:12,2
DA:13,2
DA:28,2
DA:32,2
DA:34,4
LF:8
LH:8
end_of_record
SF:lib/app/ui/widgets/widgets/custom_list_view.dart
DA:5,3
DA:10,3
DA:12,3
DA:14,3
DA:17,3
DA:18,3
DA:19,3
DA:20,3
DA:21,3
DA:25,3
DA:26,6
DA:30,3
DA:32,3
DA:33,0
LF:14
LH:13
end_of_record
SF:lib/app/ui/widgets/widgets/image_widget.dart
DA:8,2
DA:10,2
DA:12,4
DA:13,2
DA:15,2
DA:16,4
DA:17,8
DA:21,0
DA:23,0
DA:24,0
DA:25,0
LF:11
LH:7
end_of_record
SF:lib/app/ui/widgets/widgets/navigation_destination_extension.dart
DA:7,1
DA:8,1
DA:10,1
LF:3
LH:3
end_of_record
SF:lib/app/ui/widgets/widgets/no_results_widget.dart
DA:6,240
DA:10,4
DA:12,12
DA:13,4
DA:15,8
DA:16,8
DA:17,4
DA:18,4
DA:19,12
DA:23,4
DA:24,4
DA:25,8
DA:26,8
LF:13
LH:13
end_of_record
SF:lib/app/ui/widgets/widgets/page_animation.dart
DA:6,0
DA:8,0
DA:11,0
DA:19,0
DA:21,0
DA:25,0
DA:30,0
DA:31,0
DA:35,0
DA:38,0
DA:40,0
DA:43,0
DA:45,0
DA:46,0
DA:49,0
DA:51,0
DA:52,0
DA:53,0
LF:18
LH:0
end_of_record
SF:lib/app/ui/widgets/widgets/password_text_field.dart
DA:6,3
DA:16,3
DA:18,3
DA:24,3
DA:26,15
DA:27,0
DA:29,3
DA:30,3
DA:34,3
DA:35,3
DA:37,3
DA:39,3
DA:40,3
DA:41,3
DA:42,3
DA:43,3
DA:44,3
DA:45,6
DA:46,6
DA:47,6
DA:48,3
DA:50,3
DA:51,3
DA:54,3
DA:55,0
DA:56,0
DA:57,0
DA:60,3
DA:62,3
DA:63,3
DA:64,3
LF:31
LH:27
end_of_record
SF:lib/app/ui/widgets/widgets/provider_extention.dart
DA:6,0
DA:7,0
DA:8,0
DA:13,1
DA:15,1
LF:5
LH:2
end_of_record
SF:lib/app/ui/widgets/widgets/responsive_widgets/platform_widget/extended_platform_mobile.dart
DA:4,18
DA:5,18
DA:6,0
DA:7,9
LF:4
LH:3
end_of_record
SF:lib/app/ui/widgets/widgets/responsive_widgets/platform_widget/platform_widget.dart
DA:14,9
DA:24,9
DA:26,9
DA:27,0
DA:29,9
DA:30,0
DA:32,9
DA:33,0
DA:36,36
LF:9
LH:6
end_of_record
SF:lib/app/ui/widgets/widgets/responsive_widgets/responsive_widget.dart
DA:17,15
DA:26,15
DA:28,30
DA:29,45
DA:31,15
DA:32,60
DA:34,2
DA:35,2
DA:36,8
DA:38,0
DA:49,4
DA:57,4
DA:59,8
DA:60,12
DA:61,8
DA:63,8
DA:64,8
DA:65,4
DA:66,2
DA:68,8
DA:69,2
DA:70,1
DA:71,2
DA:73,9
DA:74,2
DA:76,6
DA:85,2
LF:27
LH:26
end_of_record
SF:lib/app/ui/widgets/widgets/size_text_modifiers.dart
DA:2,13
DA:3,13
DA:4,0
DA:5,0
DA:8,13
DA:9,0
DA:10,0
DA:13,13
DA:14,0
DA:15,0
DA:18,13
DA:19,0
DA:20,0
DA:26,2
DA:27,2
DA:29,2
DA:30,4
DA:31,2
DA:33,2
LF:19
LH:11
end_of_record
SF:lib/app/ui/widgets/widgets/text_field.dart
DA:20,4
DA:35,4
DA:37,4
DA:39,4
DA:40,4
DA:41,4
DA:42,4
DA:45,11
DA:46,4
DA:47,4
DA:48,4
DA:49,4
DA:50,4
DA:51,4
DA:52,4
DA:53,4
DA:54,4
DA:55,4
DA:56,4
DA:58,4
DA:63,8
DA:64,4
DA:65,4
DA:66,4
DA:67,12
DA:68,3
DA:69,4
DA:72,4
DA:73,4
DA:74,8
DA:76,4
DA:77,15
DA:78,2
DA:80,2
DA:81,0
DA:82,0
DA:83,0
DA:87,4
DA:91,7
LF:39
LH:36
end_of_record
SF:lib/app/ui/widgets/widgets/user_info_widget.dart
DA:8,96
DA:12,2
DA:14,2
DA:15,4
DA:16,2
DA:17,2
DA:19,2
DA:20,2
DA:21,2
DA:22,4
DA:23,2
DA:27,4
DA:28,2
DA:29,2
DA:30,0
DA:31,0
DA:36,2
DA:38,2
DA:40,2
DA:41,2
DA:42,2
DA:43,4
DA:44,2
DA:45,2
DA:50,2
DA:51,2
DA:52,2
DA:53,4
DA:54,2
DA:55,2
DA:57,2
DA:59,4
DA:61,2
DA:62,4
DA:63,2
DA:64,2
LF:36
LH:34
end_of_record
SF:lib/flutter_gen/gen_l10n/app_localizations_de.dart
DA:7,0
DA:9,0
DA:12,0
DA:15,0
DA:18,0
DA:21,0
DA:24,0
DA:27,0
DA:30,0
DA:33,0
DA:35,0
DA:36,0
DA:38,0
DA:40,0
DA:43,0
DA:45,0
DA:46,0
DA:48,0
DA:50,0
DA:53,0
DA:56,0
DA:59,0
DA:62,0
DA:65,0
DA:68,0
DA:71,0
DA:74,0
DA:77,0
DA:80,0
DA:83,0
DA:86,0
DA:89,0
DA:92,0
DA:95,0
DA:98,0
DA:101,0
DA:104,0
DA:107,0
DA:110,0
DA:113,0
DA:116,0
DA:119,0
DA:122,0
DA:125,0
DA:128,0
DA:131,0
DA:134,0
DA:137,0
DA:140,0
DA:143,0
DA:146,0
DA:149,0
DA:152,0
DA:155,0
DA:158,0
DA:161,0
DA:164,0
DA:167,0
DA:170,0
DA:173,0
DA:176,0
DA:179,0
DA:182,0
DA:185,0
DA:188,0
DA:192,0
DA:195,0
DA:198,0
DA:202,0
DA:205,0
DA:208,0
DA:211,0
DA:214,0
DA:217,0
DA:220,0
DA:223,0
DA:226,0
DA:229,0
DA:232,0
DA:235,0
DA:238,0
DA:241,0
DA:245,0
DA:248,0
LF:84
LH:0
end_of_record
SF:lib/flutter_gen/gen_l10n/app_localizations_en.dart
DA:7,30
DA:9,0
DA:12,0
DA:15,0
DA:18,2
DA:21,1
DA:24,2
DA:27,2
DA:30,1
DA:33,2
DA:35,2
DA:36,2
DA:38,2
DA:40,2
DA:43,2
DA:45,2
DA:46,2
DA:48,2
DA:50,2
DA:53,2
DA:56,0
DA:59,0
DA:62,1
DA:65,0
DA:68,1
DA:71,2
DA:74,0
DA:77,1
DA:80,1
DA:83,1
DA:86,1
DA:89,1
DA:92,1
DA:95,0
DA:98,1
DA:101,1
DA:104,1
DA:107,1
DA:110,1
DA:113,1
DA:116,1
DA:119,1
DA:122,0
DA:125,1
DA:128,0
DA:131,0
DA:134,0
DA:137,0
DA:140,3
DA:143,2
DA:146,1
DA:149,1
DA:152,0
DA:155,3
DA:158,1
DA:161,1
DA:164,3
DA:167,0
DA:170,1
DA:173,1
DA:176,0
DA:179,0
DA:182,0
DA:185,1
DA:188,0
DA:191,0
DA:194,0
DA:197,0
DA:200,0
DA:203,0
DA:206,2
DA:209,0
DA:212,0
DA:215,1
DA:218,0
DA:221,0
DA:224,1
DA:227,1
DA:230,4
DA:233,1
DA:236,0
DA:239,0
DA:243,0
DA:246,0
LF:84
LH:52
end_of_record
SF:lib/flutter_gen/gen_l10n/app_localizations_ru.dart
DA:7,0
DA:9,0
DA:12,0
DA:15,0
DA:18,0
DA:21,0
DA:24,0
DA:27,0
DA:30,0
DA:33,0
DA:35,0
DA:36,0
DA:38,0
DA:40,0
DA:43,0
DA:45,0
DA:46,0
DA:48,0
DA:50,0
DA:53,0
DA:56,0
DA:59,0
DA:62,0
DA:65,0
DA:68,0
DA:71,0
DA:74,0
DA:77,0
DA:80,0
DA:83,0
DA:86,0
DA:89,0
DA:92,0
DA:95,0
DA:98,0
DA:101,0
DA:104,0
DA:107,0
DA:110,0
DA:113,0
DA:116,0
DA:119,0
DA:122,0
DA:125,0
DA:128,0
DA:131,0
DA:134,0
DA:137,0
DA:140,0
DA:143,0
DA:146,0
DA:149,0
DA:152,0
DA:156,0
DA:159,0
DA:162,0
DA:165,0
DA:168,0
DA:171,0
DA:174,0
DA:177,0
DA:180,0
DA:183,0
DA:186,0
DA:189,0
DA:192,0
DA:195,0
DA:198,0
DA:202,0
DA:205,0
DA:208,0
DA:211,0
DA:214,0
DA:217,0
DA:220,0
DA:223,0
DA:226,0
DA:229,0
DA:232,0
DA:235,0
DA:238,0
DA:241,0
DA:244,0
DA:247,0
LF:84
LH:0
end_of_record
SF:lib/app/domain/repositories/favourites_repository.dart/favourite_album_repository.dart
DA:13,1
DA:15,1
DA:18,2
DA:19,1
DA:20,1
DA:21,1
DA:22,2
DA:23,1
DA:24,1
DA:25,1
DA:26,1
DA:29,1
DA:32,0
DA:33,0
DA:37,1
DA:40,4
DA:41,1
DA:44,0
DA:45,0
DA:46,0
DA:50,1
DA:53,1
DA:54,4
DA:58,0
DA:59,0
DA:64,1
DA:67,2
DA:69,1
DA:70,2
DA:71,1
DA:72,1
DA:73,2
DA:74,1
DA:75,1
DA:76,1
DA:77,1
DA:80,1
DA:84,0
DA:85,0
LF:39
LH:30
end_of_record
SF:lib/app/ui/widgets/screens/settings_page/change_profile/change_user_photo.dart
DA:9,1
DA:13,1
DA:15,1
DA:16,1
DA:17,1
DA:18,0
DA:19,0
DA:21,1
DA:22,2
DA:23,1
DA:24,1
DA:26,1
DA:31,1
DA:32,0
DA:33,0
DA:35,0
DA:36,0
DA:37,0
DA:39,0
DA:41,0
DA:42,0
DA:44,0
DA:46,0
DA:47,0
DA:49,0
DA:50,0
DA:53,0
DA:55,0
DA:57,0
DA:58,0
DA:59,0
DA:63,0
DA:64,0
DA:65,0
DA:66,0
DA:67,0
DA:71,0
DA:75,1
DA:76,2
DA:77,1
DA:78,1
DA:80,1
DA:85,1
DA:95,0
DA:100,0
DA:102,0
DA:103,0
DA:104,0
DA:105,0
DA:106,0
DA:107,0
DA:108,0
LF:52
LH:17
end_of_record
SF:lib/app/ui/widgets/screens/settings_page/settings_page.dart
DA:17,1
DA:19,1
DA:20,1
DA:24,1
DA:26,1
DA:27,1
DA:28,1
DA:29,3
DA:30,3
DA:31,1
DA:33,1
DA:35,1
DA:36,1
DA:37,1
DA:39,1
DA:41,1
DA:42,1
DA:43,1
DA:45,1
DA:46,1
DA:47,1
DA:48,2
DA:54,1
DA:55,1
DA:56,1
DA:57,1
DA:60,1
DA:61,1
DA:62,2
DA:68,1
DA:69,1
DA:70,1
DA:71,1
DA:72,1
DA:74,2
DA:75,1
DA:84,0
DA:91,1
DA:92,1
DA:94,2
DA:95,1
DA:96,1
DA:97,1
DA:104,1
DA:105,1
DA:106,0
DA:108,0
DA:109,0
DA:110,0
DA:111,0
DA:113,0
DA:114,0
DA:118,2
DA:119,1
DA:120,2
DA:127,1
DA:128,1
DA:129,0
DA:130,0
DA:131,0
DA:133,1
DA:134,1
DA:135,0
DA:136,0
DA:144,1
DA:145,1
DA:147,2
DA:148,1
DA:149,2
DA:156,1
DA:157,1
DA:158,0
DA:159,0
DA:163,0
DA:167,2
DA:168,1
DA:169,2
DA:176,1
DA:177,1
DA:179,2
DA:180,1
DA:181,2
DA:184,0
DA:185,0
DA:189,0
DA:196,1
DA:197,1
DA:199,2
DA:200,1
DA:201,2
DA:208,1
DA:209,1
DA:210,0
DA:211,0
DA:213,1
DA:214,2
DA:215,2
DA:218,1
DA:219,1
DA:220,3
DA:228,0
DA:230,0
DA:232,0
DA:237,0
DA:240,0
DA:242,0
DA:243,0
DA:244,0
DA:246,0
DA:247,0
DA:255,1
DA:257,1
DA:259,1
DA:260,1
DA:261,1
DA:264,1
LF:116
LH:85
end_of_record
SF:lib/app/ui/widgets/screens/settings_page/change_password/change_password.dart
DA:10,2
DA:12,1
DA:13,1
DA:22,1
DA:24,1
DA:25,1
DA:28,1
DA:29,2
DA:30,3
DA:31,2
DA:33,2
DA:34,3
DA:35,2
DA:37,2
DA:38,2
DA:41,1
DA:43,2
DA:44,2
DA:45,2
DA:46,2
DA:47,1
DA:50,1
DA:52,2
DA:53,1
DA:54,1
DA:55,1
DA:58,1
DA:60,1
DA:61,1
DA:62,1
DA:63,2
DA:66,1
DA:67,1
DA:68,1
DA:69,2
DA:72,1
DA:73,1
DA:79,1
DA:80,1
DA:82,2
DA:83,2
DA:91,1
DA:92,2
DA:93,2
DA:94,2
LF:45
LH:45
end_of_record
SF:lib/app/ui/widgets/screens/settings_page/change_profile/change_profile.dart
DA:13,2
DA:15,1
DA:16,1
DA:22,1
DA:24,1
DA:25,2
DA:28,1
DA:30,1
DA:31,2
DA:34,1
DA:36,2
DA:37,1
DA:38,1
DA:39,1
DA:40,1
DA:44,1
DA:45,1
DA:51,1
DA:52,1
DA:56,1
DA:57,1
DA:58,2
DA:59,2
DA:65,1
DA:66,1
DA:67,0
DA:68,0
DA:69,0
DA:70,0
DA:72,2
DA:82,1
DA:84,1
DA:86,2
DA:87,1
DA:88,1
DA:89,2
DA:90,1
DA:93,1
DA:94,1
DA:95,1
DA:98,0
DA:99,0
DA:103,0
DA:111,1
DA:117,1
DA:119,1
DA:120,1
DA:121,5
DA:122,1
DA:123,1
DA:124,1
DA:125,1
DA:126,1
DA:127,2
DA:131,2
DA:134,2
LF:56
LH:49
end_of_record
SF:lib/app/ui/widgets/screens/log_pages/start_page/start_page.dart
DA:11,1
DA:13,1
DA:15,1
DA:16,1
DA:30,3
DA:32,1
DA:34,1
DA:36,1
DA:38,1
DA:39,1
DA:41,1
DA:42,3
DA:44,2
DA:48,1
DA:50,1
DA:51,3
DA:53,2
DA:64,3
DA:66,1
DA:79,3
DA:81,1
DA:99,3
DA:101,1
LF:23
LH:23
end_of_record
SF:lib/app/ui/widgets/widgets/app_logo.dart
DA:5,6
DA:7,3
DA:9,3
DA:10,12
DA:11,3
LF:5
LH:5
end_of_record
SF:lib/app/ui/widgets/screens/log_pages/sign_up/sign_up_screen.dart
DA:17,1
DA:19,1
DA:20,1
DA:29,1
DA:31,1
DA:32,1
DA:33,1
DA:36,1
DA:37,2
DA:38,3
DA:39,2
DA:41,2
DA:42,3
DA:43,2
DA:47,1
DA:48,2
DA:49,3
DA:50,2
DA:52,2
DA:53,3
DA:54,2
DA:58,1
DA:60,2
DA:61,2
DA:62,1
DA:63,2
DA:64,2
DA:67,1
DA:69,1
DA:70,1
DA:71,1
DA:72,2
DA:74,1
DA:75,1
DA:76,1
DA:77,1
DA:78,1
DA:83,1
DA:84,1
DA:85,3
DA:87,2
DA:88,2
DA:90,2
DA:96,1
DA:97,2
DA:102,1
DA:103,2
DA:104,0
DA:105,2
LF:49
LH:48
end_of_record
SF:lib/app/ui/widgets/screens/log_pages/sign_up/sign_up_text_fields.dart
DA:11,1
DA:19,1
DA:21,1
DA:25,1
DA:26,1
DA:27,1
DA:29,1
DA:32,1
DA:33,1
DA:34,2
DA:38,1
DA:39,1
DA:40,1
DA:41,2
LF:14
LH:14
end_of_record
SF:lib/app/ui/widgets/screens/log_pages/widgets/other_sign_methods.dart
DA:7,2
DA:12,2
DA:14,2
DA:15,2
DA:16,2
DA:18,4
DA:19,2
DA:20,2
DA:24,2
DA:25,0
LF:10
LH:9
end_of_record
SF:lib/app/ui/widgets/screens/log_pages/widgets/sign_in_up_buttons.dart
DA:8,2
DA:14,2
DA:16,2
DA:19,2
DA:20,2
DA:21,2
DA:22,4
DA:24,2
DA:25,2
DA:26,2
DA:27,2
DA:28,4
LF:12
LH:12
end_of_record
SF:lib/app/ui/widgets/screens/log_pages/sign_in/sign_in_page.dart
DA:18,1
DA:20,1
DA:21,1
DA:31,1
DA:33,2
DA:34,3
DA:35,2
DA:37,2
DA:38,3
DA:39,2
DA:42,2
DA:43,3
DA:44,2
DA:46,2
DA:47,3
DA:48,2
DA:50,1
DA:53,1
DA:55,2
DA:56,2
DA:57,2
DA:58,2
DA:59,1
DA:62,1
DA:64,1
DA:65,1
DA:66,1
DA:67,2
DA:69,1
DA:70,1
DA:71,1
DA:72,1
DA:73,1
DA:78,1
DA:79,1
DA:80,3
DA:82,2
DA:83,2
DA:85,2
DA:90,1
DA:91,2
DA:96,1
DA:97,2
DA:98,0
DA:99,2
LF:45
LH:44
end_of_record
SF:lib/app/ui/widgets/screens/log_pages/sign_in/sign_in_text_fields.dart
DA:7,1
DA:23,1
DA:25,1
DA:29,1
DA:30,1
DA:31,1
DA:33,1
DA:36,1
DA:37,1
DA:38,2
DA:42,1
DA:43,1
DA:44,1
DA:45,2
DA:50,1
DA:57,1
DA:62,1
DA:64,1
DA:65,0
DA:66,0
DA:67,0
DA:69,1
DA:70,1
DA:72,1
DA:74,3
LF:25
LH:22
end_of_record
